[5.836s] Invoking command in '/home/pi/ws/src/build/amr': PYTHONPATH=/home/pi/ws/src/build/amr/prefix_override:/home/pi/ws/src/install/amr/lib/python3.10/site-packages:${PYTHONPATH} /usr/bin/python3 setup.py develop --editable --build-directory /home/pi/ws/src/build/amr/build --no-deps install_data
[7.257s] running develop
[7.259s] /usr/lib/python3/dist-packages/setuptools/command/easy_install.py:158: EasyInstallDeprecationWarning: easy_install command is deprecated. Use build and pip and other standards-based tools.
[7.260s]   warnings.warn(
[7.263s] /usr/lib/python3/dist-packages/setuptools/command/install.py:34: SetuptoolsDeprecationWarning: setup.py install is deprecated. Use build and pip and other standards-based tools.
[7.264s]   warnings.warn(
[8.155s] running egg_info
[8.156s] writing amr.egg-info/PKG-INFO
[8.158s] writing dependency_links to amr.egg-info/dependency_links.txt
[8.161s] writing entry points to amr.egg-info/entry_points.txt
[8.162s] writing requirements to amr.egg-info/requires.txt
[8.163s] writing top-level names to amr.egg-info/top_level.txt
[8.169s] reading manifest file 'amr.egg-info/SOURCES.txt'
[8.176s] writing manifest file 'amr.egg-info/SOURCES.txt'
[8.186s] running build_ext
[8.187s] Creating /home/pi/ws/src/install/amr/lib/python3.10/site-packages/amr.egg-link (link to .)
[8.194s] Installing angle_control_with_jacobian_solver script to /home/pi/ws/src/install/amr/lib/amr
[8.196s] Installing command_pathway_generation script to /home/pi/ws/src/install/amr/lib/amr
[8.201s] Installing hardware_interface script to /home/pi/ws/src/install/amr/lib/amr
[8.205s] Installing hardware_interface_motor_only script to /home/pi/ws/src/install/amr/lib/amr
[8.206s] Installing micro_pid_angle_control script to /home/pi/ws/src/install/amr/lib/amr
[8.208s] Installing micro_pid_velocity_control script to /home/pi/ws/src/install/amr/lib/amr
[8.210s] Installing speed_control_in_null_space script to /home/pi/ws/src/install/amr/lib/amr
[8.211s] Installing speed_control_with_jacobian script to /home/pi/ws/src/install/amr/lib/amr
[8.212s] Installing test_node script to /home/pi/ws/src/install/amr/lib/amr
[8.214s] Installing ui_plotting script to /home/pi/ws/src/install/amr/lib/amr
[8.215s] Installing ui_send_target script to /home/pi/ws/src/install/amr/lib/amr
[8.218s] Installing ui_send_target_for_one_motor script to /home/pi/ws/src/install/amr/lib/amr
[8.220s] Installing ui_send_target_for_pathway script to /home/pi/ws/src/install/amr/lib/amr
[8.222s] 
[8.224s] Installed /home/pi/ws/src/build/amr
[8.227s] running install_data
[8.738s] Invoked command in '/home/pi/ws/src/build/amr' returned '0': PYTHONPATH=/home/pi/ws/src/build/amr/prefix_override:/home/pi/ws/src/install/amr/lib/python3.10/site-packages:${PYTHONPATH} /usr/bin/python3 setup.py develop --editable --build-directory /home/pi/ws/src/build/amr/build --no-deps install_data
