[4.577s] DEBUG:colcon:Command line arguments: ['/usr/bin/colcon', 'build', '--symlink-install']
[4.577s] DEBUG:colcon:Parsed command line arguments: Namespace(log_base=None, log_level=None, verb_name='build', build_base='build', install_base='install', merge_install=False, symlink_install=True, test_result_base=None, continue_on_error=False, executor='parallel', parallel_workers=4, event_handlers=None, ignore_user_meta=False, metas=['./colcon.meta'], base_paths=['.'], packages_ignore=None, packages_ignore_regex=None, paths=None, packages_up_to=None, packages_up_to_regex=None, packages_above=None, packages_above_and_dependencies=None, packages_above_depth=None, packages_select_by_dep=None, packages_skip_by_dep=None, packages_skip_up_to=None, packages_select_build_failed=False, packages_skip_build_finished=False, packages_select_test_failures=False, packages_skip_test_passed=False, packages_select=None, packages_skip=None, packages_select_regex=None, packages_skip_regex=None, packages_start=None, packages_end=None, allow_overriding=[], cmake_args=None, cmake_target=None, cmake_target_skip_unavailable=False, cmake_clean_cache=False, cmake_clean_first=False, cmake_force_configure=False, ament_cmake_args=None, catkin_cmake_args=None, catkin_skip_building_tests=False, verb_parser=<colcon_defaults.argument_parser.defaults.DefaultArgumentsDecorator object at 0xffff9857a5c0>, verb_extension=<colcon_core.verb.build.BuildVerb object at 0xffff988628f0>, main=<bound method BuildVerb.main of <colcon_core.verb.build.BuildVerb object at 0xffff988628f0>>)
[4.799s] Level 1:colcon.colcon_core.package_discovery:discover_packages(colcon_meta) check parameters
[4.799s] Level 1:colcon.colcon_core.package_discovery:discover_packages(recursive) check parameters
[4.800s] Level 1:colcon.colcon_core.package_discovery:discover_packages(ignore) check parameters
[4.800s] Level 1:colcon.colcon_core.package_discovery:discover_packages(path) check parameters
[4.800s] Level 1:colcon.colcon_core.package_discovery:discover_packages(colcon_meta) discover
[4.800s] Level 1:colcon.colcon_core.package_discovery:discover_packages(recursive) discover
[4.800s] INFO:colcon.colcon_core.package_discovery:Crawling recursively for packages in '/home/pi/ws/src'
[4.801s] Level 1:colcon.colcon_core.package_identification:_identify(.) by extensions ['ignore', 'ignore_ament_install']
[4.801s] Level 1:colcon.colcon_core.package_identification:_identify(.) by extension 'ignore'
[4.802s] Level 1:colcon.colcon_core.package_identification:_identify(.) by extension 'ignore_ament_install'
[4.802s] Level 1:colcon.colcon_core.package_identification:_identify(.) by extensions ['colcon_pkg']
[4.802s] Level 1:colcon.colcon_core.package_identification:_identify(.) by extension 'colcon_pkg'
[4.803s] Level 1:colcon.colcon_core.package_identification:_identify(.) by extensions ['colcon_meta']
[4.803s] Level 1:colcon.colcon_core.package_identification:_identify(.) by extension 'colcon_meta'
[4.803s] Level 1:colcon.colcon_core.package_identification:_identify(.) by extensions ['ros']
[4.803s] Level 1:colcon.colcon_core.package_identification:_identify(.) by extension 'ros'
[4.857s] Level 1:colcon.colcon_core.package_identification:_identify(.) by extensions ['cmake', 'python']
[4.858s] Level 1:colcon.colcon_core.package_identification:_identify(.) by extension 'cmake'
[4.858s] Level 1:colcon.colcon_core.package_identification:_identify(.) by extension 'python'
[4.858s] Level 1:colcon.colcon_core.package_identification:_identify(.) by extensions ['python_setup_py']
[4.858s] Level 1:colcon.colcon_core.package_identification:_identify(.) by extension 'python_setup_py'
[4.859s] Level 1:colcon.colcon_core.package_identification:_identify(amr) by extensions ['ignore', 'ignore_ament_install']
[4.860s] Level 1:colcon.colcon_core.package_identification:_identify(amr) by extension 'ignore'
[4.860s] Level 1:colcon.colcon_core.package_identification:_identify(amr) by extension 'ignore_ament_install'
[4.860s] Level 1:colcon.colcon_core.package_identification:_identify(amr) by extensions ['colcon_pkg']
[4.860s] Level 1:colcon.colcon_core.package_identification:_identify(amr) by extension 'colcon_pkg'
[4.861s] Level 1:colcon.colcon_core.package_identification:_identify(amr) by extensions ['colcon_meta']
[4.861s] Level 1:colcon.colcon_core.package_identification:_identify(amr) by extension 'colcon_meta'
[4.861s] Level 1:colcon.colcon_core.package_identification:_identify(amr) by extensions ['ros']
[4.861s] Level 1:colcon.colcon_core.package_identification:_identify(amr) by extension 'ros'
[4.871s] DEBUG:colcon.colcon_core.package_identification:Package 'amr' with type 'ros.ament_python' and name 'amr'
[4.872s] Level 1:colcon.colcon_core.package_identification:_identify(build) by extensions ['ignore', 'ignore_ament_install']
[4.872s] Level 1:colcon.colcon_core.package_identification:_identify(build) by extension 'ignore'
[4.873s] Level 1:colcon.colcon_core.package_identification:_identify(build) ignored
[4.874s] Level 1:colcon.colcon_core.package_identification:_identify(install) by extensions ['ignore', 'ignore_ament_install']
[4.874s] Level 1:colcon.colcon_core.package_identification:_identify(install) by extension 'ignore'
[4.874s] Level 1:colcon.colcon_core.package_identification:_identify(install) ignored
[4.875s] Level 1:colcon.colcon_core.package_identification:_identify(log) by extensions ['ignore', 'ignore_ament_install']
[4.876s] Level 1:colcon.colcon_core.package_identification:_identify(log) by extension 'ignore'
[4.876s] Level 1:colcon.colcon_core.package_identification:_identify(log) ignored
[4.876s] Level 1:colcon.colcon_core.package_identification:_identify(my_package) by extensions ['ignore', 'ignore_ament_install']
[4.877s] Level 1:colcon.colcon_core.package_identification:_identify(my_package) by extension 'ignore'
[4.877s] Level 1:colcon.colcon_core.package_identification:_identify(my_package) by extension 'ignore_ament_install'
[4.878s] Level 1:colcon.colcon_core.package_identification:_identify(my_package) by extensions ['colcon_pkg']
[4.878s] Level 1:colcon.colcon_core.package_identification:_identify(my_package) by extension 'colcon_pkg'
[4.878s] Level 1:colcon.colcon_core.package_identification:_identify(my_package) by extensions ['colcon_meta']
[4.878s] Level 1:colcon.colcon_core.package_identification:_identify(my_package) by extension 'colcon_meta'
[4.878s] Level 1:colcon.colcon_core.package_identification:_identify(my_package) by extensions ['ros']
[4.878s] Level 1:colcon.colcon_core.package_identification:_identify(my_package) by extension 'ros'
[4.881s] DEBUG:colcon.colcon_core.package_identification:Package 'my_package' with type 'ros.ament_python' and name 'my_package'
[4.881s] Level 1:colcon.colcon_core.package_discovery:discover_packages(recursive) using defaults
[4.881s] Level 1:colcon.colcon_core.package_discovery:discover_packages(ignore) discover
[4.881s] Level 1:colcon.colcon_core.package_discovery:discover_packages(ignore) using defaults
[4.881s] Level 1:colcon.colcon_core.package_discovery:discover_packages(path) discover
[4.882s] Level 1:colcon.colcon_core.package_discovery:discover_packages(path) using defaults
[5.305s] Level 1:colcon.colcon_core.package_discovery:discover_packages(prefix_path) check parameters
[5.305s] Level 1:colcon.colcon_core.package_discovery:discover_packages(prefix_path) discover
[5.440s] DEBUG:colcon.colcon_installed_package_information.package_discovery:Found 2 installed packages in /home/pi/ws/install
[5.511s] DEBUG:colcon.colcon_installed_package_information.package_discovery:Found 182 installed packages in /opt/ros/humble
[5.516s] Level 1:colcon.colcon_core.package_discovery:discover_packages(prefix_path) using defaults
[5.950s] Level 5:colcon.colcon_core.verb:set package 'amr' build argument 'cmake_args' from command line to 'None'
[5.951s] Level 5:colcon.colcon_core.verb:set package 'amr' build argument 'cmake_target' from command line to 'None'
[5.951s] Level 5:colcon.colcon_core.verb:set package 'amr' build argument 'cmake_target_skip_unavailable' from command line to 'False'
[5.951s] Level 5:colcon.colcon_core.verb:set package 'amr' build argument 'cmake_clean_cache' from command line to 'False'
[5.951s] Level 5:colcon.colcon_core.verb:set package 'amr' build argument 'cmake_clean_first' from command line to 'False'
[5.951s] Level 5:colcon.colcon_core.verb:set package 'amr' build argument 'cmake_force_configure' from command line to 'False'
[5.951s] Level 5:colcon.colcon_core.verb:set package 'amr' build argument 'ament_cmake_args' from command line to 'None'
[5.952s] Level 5:colcon.colcon_core.verb:set package 'amr' build argument 'catkin_cmake_args' from command line to 'None'
[5.952s] Level 5:colcon.colcon_core.verb:set package 'amr' build argument 'catkin_skip_building_tests' from command line to 'False'
[5.952s] DEBUG:colcon.colcon_core.verb:Building package 'amr' with the following arguments: {'ament_cmake_args': None, 'build_base': '/home/pi/ws/src/build/amr', 'catkin_cmake_args': None, 'catkin_skip_building_tests': False, 'cmake_args': None, 'cmake_clean_cache': False, 'cmake_clean_first': False, 'cmake_force_configure': False, 'cmake_target': None, 'cmake_target_skip_unavailable': False, 'install_base': '/home/pi/ws/src/install/amr', 'merge_install': False, 'path': '/home/pi/ws/src/amr', 'symlink_install': True, 'test_result_base': None}
[6.017s] Level 5:colcon.colcon_core.verb:set package 'my_package' build argument 'cmake_args' from command line to 'None'
[6.017s] Level 5:colcon.colcon_core.verb:set package 'my_package' build argument 'cmake_target' from command line to 'None'
[6.017s] Level 5:colcon.colcon_core.verb:set package 'my_package' build argument 'cmake_target_skip_unavailable' from command line to 'False'
[6.017s] Level 5:colcon.colcon_core.verb:set package 'my_package' build argument 'cmake_clean_cache' from command line to 'False'
[6.017s] Level 5:colcon.colcon_core.verb:set package 'my_package' build argument 'cmake_clean_first' from command line to 'False'
[6.018s] Level 5:colcon.colcon_core.verb:set package 'my_package' build argument 'cmake_force_configure' from command line to 'False'
[6.018s] Level 5:colcon.colcon_core.verb:set package 'my_package' build argument 'ament_cmake_args' from command line to 'None'
[6.018s] Level 5:colcon.colcon_core.verb:set package 'my_package' build argument 'catkin_cmake_args' from command line to 'None'
[6.018s] Level 5:colcon.colcon_core.verb:set package 'my_package' build argument 'catkin_skip_building_tests' from command line to 'False'
[6.018s] DEBUG:colcon.colcon_core.verb:Building package 'my_package' with the following arguments: {'ament_cmake_args': None, 'build_base': '/home/pi/ws/src/build/my_package', 'catkin_cmake_args': None, 'catkin_skip_building_tests': False, 'cmake_args': None, 'cmake_clean_cache': False, 'cmake_clean_first': False, 'cmake_force_configure': False, 'cmake_target': None, 'cmake_target_skip_unavailable': False, 'install_base': '/home/pi/ws/src/install/my_package', 'merge_install': False, 'path': '/home/pi/ws/src/my_package', 'symlink_install': True, 'test_result_base': None}
[6.082s] INFO:colcon.colcon_core.executor:Executing jobs using 'parallel' executor
[6.151s] DEBUG:colcon.colcon_parallel_executor.executor.parallel:run_until_complete
[6.152s] INFO:colcon.colcon_ros.task.ament_python.build:Building ROS package in '/home/pi/ws/src/amr' with build type 'ament_python'
[6.153s] Level 1:colcon.colcon_core.shell:create_environment_hook('amr', 'ament_prefix_path')
[6.230s] INFO:colcon.colcon_core.plugin_system:Skipping extension 'colcon_core.shell.bat': Not used on non-Windows systems
[6.232s] INFO:colcon.colcon_core.shell:Creating environment hook '/home/pi/ws/src/install/amr/share/amr/hook/ament_prefix_path.ps1'
[6.234s] INFO:colcon.colcon_core.shell:Creating environment descriptor '/home/pi/ws/src/install/amr/share/amr/hook/ament_prefix_path.dsv'
[6.237s] INFO:colcon.colcon_core.shell:Creating environment hook '/home/pi/ws/src/install/amr/share/amr/hook/ament_prefix_path.sh'
[6.310s] INFO:colcon.colcon_core.shell:Skip shell extension 'powershell' for command environment: Not usable outside of PowerShell
[6.310s] DEBUG:colcon.colcon_core.shell:Skip shell extension 'dsv' for command environment
[6.528s] INFO:colcon.colcon_ros.task.ament_python.build:Building ROS package in '/home/pi/ws/src/my_package' with build type 'ament_python'
[6.529s] Level 1:colcon.colcon_core.shell:create_environment_hook('my_package', 'ament_prefix_path')
[6.602s] INFO:colcon.colcon_core.shell:Creating environment hook '/home/pi/ws/src/install/my_package/share/my_package/hook/ament_prefix_path.ps1'
[6.605s] INFO:colcon.colcon_core.shell:Creating environment descriptor '/home/pi/ws/src/install/my_package/share/my_package/hook/ament_prefix_path.dsv'
[6.607s] INFO:colcon.colcon_core.shell:Creating environment hook '/home/pi/ws/src/install/my_package/share/my_package/hook/ament_prefix_path.sh'
[6.676s] INFO:colcon.colcon_core.shell:Skip shell extension 'powershell' for command environment: Not usable outside of PowerShell
[6.676s] DEBUG:colcon.colcon_core.shell:Skip shell extension 'dsv' for command environment
[8.163s] INFO:colcon.colcon_core.task.python.build:Building Python package in '/home/pi/ws/src/amr'
[8.234s] INFO:colcon.colcon_core.shell:Skip shell extension 'powershell' for command environment: Not usable outside of PowerShell
[8.235s] DEBUG:colcon.colcon_core.shell:Skip shell extension 'dsv' for command environment
[9.720s] INFO:colcon.colcon_core.task.python.build:Building Python package in '/home/pi/ws/src/my_package'
[9.786s] INFO:colcon.colcon_core.shell:Skip shell extension 'powershell' for command environment: Not usable outside of PowerShell
[9.787s] DEBUG:colcon.colcon_core.shell:Skip shell extension 'dsv' for command environment
[12.032s] DEBUG:colcon.colcon_core.event_handler.log_command:Invoking command in '/home/pi/ws/src/build/amr': PYTHONPATH=/home/pi/ws/src/build/amr/prefix_override:/home/pi/ws/src/install/amr/lib/python3.10/site-packages:${PYTHONPATH} /usr/bin/python3 setup.py develop --editable --build-directory /home/pi/ws/src/build/amr/build --no-deps install_data
[12.055s] DEBUG:colcon.colcon_core.event_handler.log_command:Invoking command in '/home/pi/ws/src/build/my_package': PYTHONPATH=/home/pi/ws/src/build/my_package/prefix_override:/home/pi/ws/src/install/my_package/lib/python3.10/site-packages:${PYTHONPATH} /usr/bin/python3 setup.py develop --editable --build-directory /home/pi/ws/src/build/my_package/build --no-deps install_data
[14.672s] Level 1:colcon.colcon_core.shell:create_environment_hook('my_package', 'pythonpath_develop')
[14.674s] DEBUG:colcon.colcon_core.event_handler.log_command:Invoked command in '/home/pi/ws/src/build/my_package' returned '0': PYTHONPATH=/home/pi/ws/src/build/my_package/prefix_override:/home/pi/ws/src/install/my_package/lib/python3.10/site-packages:${PYTHONPATH} /usr/bin/python3 setup.py develop --editable --build-directory /home/pi/ws/src/build/my_package/build --no-deps install_data
[14.746s] INFO:colcon.colcon_core.shell:Creating environment hook '/home/pi/ws/src/build/my_package/share/my_package/hook/pythonpath_develop.ps1'
[14.749s] INFO:colcon.colcon_core.shell:Creating environment descriptor '/home/pi/ws/src/build/my_package/share/my_package/hook/pythonpath_develop.dsv'
[14.751s] INFO:colcon.colcon_core.shell:Creating environment hook '/home/pi/ws/src/build/my_package/share/my_package/hook/pythonpath_develop.sh'
[14.834s] Level 1:colcon.colcon_core.environment:checking '/home/pi/ws/src/install/my_package' for CMake module files
[14.837s] Level 1:colcon.colcon_core.environment:checking '/home/pi/ws/src/install/my_package' for CMake config files
[14.841s] Level 1:colcon.colcon_core.environment:checking '/home/pi/ws/src/install/my_package/lib'
[14.842s] Level 1:colcon.colcon_core.environment:checking '/home/pi/ws/src/install/my_package/bin'
[14.842s] Level 1:colcon.colcon_core.environment:checking '/home/pi/ws/src/install/my_package/lib/pkgconfig/my_package.pc'
[14.844s] Level 1:colcon.colcon_core.environment:checking '/home/pi/ws/src/install/my_package/lib/python3.10/site-packages'
[14.844s] Level 1:colcon.colcon_core.shell:create_environment_hook('my_package', 'pythonpath')
[14.915s] INFO:colcon.colcon_core.shell:Creating environment hook '/home/pi/ws/src/install/my_package/share/my_package/hook/pythonpath.ps1'
[14.917s] INFO:colcon.colcon_core.shell:Creating environment descriptor '/home/pi/ws/src/install/my_package/share/my_package/hook/pythonpath.dsv'
[14.919s] INFO:colcon.colcon_core.shell:Creating environment hook '/home/pi/ws/src/install/my_package/share/my_package/hook/pythonpath.sh'
[14.922s] Level 1:colcon.colcon_core.environment:checking '/home/pi/ws/src/install/my_package/bin'
[14.923s] Level 1:colcon.colcon_core.environment:create_environment_scripts_only(my_package)
[14.992s] INFO:colcon.colcon_core.shell:Creating package script '/home/pi/ws/src/install/my_package/share/my_package/package.ps1'
[14.996s] INFO:colcon.colcon_core.shell:Creating package descriptor '/home/pi/ws/src/install/my_package/share/my_package/package.dsv'
[15.000s] INFO:colcon.colcon_core.shell:Creating package script '/home/pi/ws/src/install/my_package/share/my_package/package.sh'
[15.004s] INFO:colcon.colcon_core.shell:Creating package script '/home/pi/ws/src/install/my_package/share/my_package/package.bash'
[15.008s] INFO:colcon.colcon_core.shell:Creating package script '/home/pi/ws/src/install/my_package/share/my_package/package.zsh'
[15.011s] Level 1:colcon.colcon_core.environment:create_file_with_runtime_dependencies(/home/pi/ws/src/install/my_package/share/colcon-core/packages/my_package)
[15.016s] Level 1:colcon.colcon_core.shell:create_environment_hook('amr', 'pythonpath_develop')
[15.019s] DEBUG:colcon.colcon_core.event_handler.log_command:Invoked command in '/home/pi/ws/src/build/amr' returned '0': PYTHONPATH=/home/pi/ws/src/build/amr/prefix_override:/home/pi/ws/src/install/amr/lib/python3.10/site-packages:${PYTHONPATH} /usr/bin/python3 setup.py develop --editable --build-directory /home/pi/ws/src/build/amr/build --no-deps install_data
[15.087s] INFO:colcon.colcon_core.shell:Creating environment hook '/home/pi/ws/src/build/amr/share/amr/hook/pythonpath_develop.ps1'
[15.090s] INFO:colcon.colcon_core.shell:Creating environment descriptor '/home/pi/ws/src/build/amr/share/amr/hook/pythonpath_develop.dsv'
[15.092s] INFO:colcon.colcon_core.shell:Creating environment hook '/home/pi/ws/src/build/amr/share/amr/hook/pythonpath_develop.sh'
[15.158s] Level 1:colcon.colcon_core.environment:checking '/home/pi/ws/src/install/amr' for CMake module files
[15.162s] Level 1:colcon.colcon_core.environment:checking '/home/pi/ws/src/install/amr' for CMake config files
[15.166s] Level 1:colcon.colcon_core.environment:checking '/home/pi/ws/src/install/amr/lib'
[15.167s] Level 1:colcon.colcon_core.environment:checking '/home/pi/ws/src/install/amr/bin'
[15.167s] Level 1:colcon.colcon_core.environment:checking '/home/pi/ws/src/install/amr/lib/pkgconfig/amr.pc'
[15.168s] Level 1:colcon.colcon_core.environment:checking '/home/pi/ws/src/install/amr/lib/python3.10/site-packages'
[15.169s] Level 1:colcon.colcon_core.shell:create_environment_hook('amr', 'pythonpath')
[15.236s] INFO:colcon.colcon_core.shell:Creating environment hook '/home/pi/ws/src/install/amr/share/amr/hook/pythonpath.ps1'
[15.239s] INFO:colcon.colcon_core.shell:Creating environment descriptor '/home/pi/ws/src/install/amr/share/amr/hook/pythonpath.dsv'
[15.240s] INFO:colcon.colcon_core.shell:Creating environment hook '/home/pi/ws/src/install/amr/share/amr/hook/pythonpath.sh'
[15.243s] Level 1:colcon.colcon_core.environment:checking '/home/pi/ws/src/install/amr/bin'
[15.244s] Level 1:colcon.colcon_core.environment:create_environment_scripts_only(amr)
[15.315s] INFO:colcon.colcon_core.shell:Creating package script '/home/pi/ws/src/install/amr/share/amr/package.ps1'
[15.318s] INFO:colcon.colcon_core.shell:Creating package descriptor '/home/pi/ws/src/install/amr/share/amr/package.dsv'
[15.321s] INFO:colcon.colcon_core.shell:Creating package script '/home/pi/ws/src/install/amr/share/amr/package.sh'
[15.323s] INFO:colcon.colcon_core.shell:Creating package script '/home/pi/ws/src/install/amr/share/amr/package.bash'
[15.325s] INFO:colcon.colcon_core.shell:Creating package script '/home/pi/ws/src/install/amr/share/amr/package.zsh'
[15.327s] Level 1:colcon.colcon_core.environment:create_file_with_runtime_dependencies(/home/pi/ws/src/install/amr/share/colcon-core/packages/amr)
[15.329s] DEBUG:colcon.colcon_parallel_executor.executor.parallel:closing loop
[15.330s] DEBUG:colcon.colcon_parallel_executor.executor.parallel:loop closed
[15.330s] DEBUG:colcon.colcon_parallel_executor.executor.parallel:run_until_complete finished with '0'
[15.331s] DEBUG:colcon.colcon_core.event_reactor:joining thread
[15.425s] INFO:colcon.colcon_core.plugin_system:Skipping extension 'colcon_notification.desktop_notification.notify_send': Could not find 'notify-send'
[15.425s] INFO:colcon.colcon_core.plugin_system:Skipping extension 'colcon_notification.desktop_notification.terminal_notifier': Not used on non-Darwin systems
[15.426s] INFO:colcon.colcon_core.plugin_system:Skipping extension 'colcon_notification.desktop_notification.win32': Not used on non-Windows systems
[15.426s] INFO:colcon.colcon_notification.desktop_notification:Sending desktop notification using 'notify2'
[15.429s] DEBUG:colcon.colcon_notification.desktop_notification.notify2:Failed to initialize notify2: org.freedesktop.DBus.Error.ServiceUnknown: The name org.freedesktop.Notifications was not provided by any .service files
[15.429s] DEBUG:colcon.colcon_core.event_reactor:joined thread
[15.496s] INFO:colcon.colcon_core.shell:Creating prefix script '/home/pi/ws/src/install/local_setup.ps1'
[15.500s] INFO:colcon.colcon_core.shell:Creating prefix util module '/home/pi/ws/src/install/_local_setup_util_ps1.py'
[15.507s] INFO:colcon.colcon_core.shell:Creating prefix chain script '/home/pi/ws/src/install/setup.ps1'
[15.577s] INFO:colcon.colcon_core.shell:Creating prefix script '/home/pi/ws/src/install/local_setup.sh'
[15.580s] INFO:colcon.colcon_core.shell:Creating prefix util module '/home/pi/ws/src/install/_local_setup_util_sh.py'
[15.583s] INFO:colcon.colcon_core.shell:Creating prefix chain script '/home/pi/ws/src/install/setup.sh'
[15.654s] INFO:colcon.colcon_core.shell:Creating prefix script '/home/pi/ws/src/install/local_setup.bash'
[15.657s] INFO:colcon.colcon_core.shell:Creating prefix chain script '/home/pi/ws/src/install/setup.bash'
[15.727s] INFO:colcon.colcon_core.shell:Creating prefix script '/home/pi/ws/src/install/local_setup.zsh'
[15.730s] INFO:colcon.colcon_core.shell:Creating prefix chain script '/home/pi/ws/src/install/setup.zsh'
