[5.929s] Invoking command in '/home/pi/ws/src/build/amr': PYTHONPATH=/home/pi/ws/src/build/amr/prefix_override:/home/pi/ws/src/install/amr/lib/python3.10/site-packages:${PYTHONPATH} /usr/bin/python3 setup.py develop --editable --build-directory /home/pi/ws/src/build/amr/build --no-deps install_data
[7.390s] running develop
[7.393s] /usr/lib/python3/dist-packages/setuptools/command/easy_install.py:158: EasyInstallDeprecationWarning: easy_install command is deprecated. Use build and pip and other standards-based tools.
[7.398s]   warnings.warn(
[7.402s] /usr/lib/python3/dist-packages/setuptools/command/install.py:34: SetuptoolsDeprecationWarning: setup.py install is deprecated. Use build and pip and other standards-based tools.
[7.404s]   warnings.warn(
[8.297s] running egg_info
[8.301s] writing amr.egg-info/PKG-INFO
[8.302s] writing dependency_links to amr.egg-info/dependency_links.txt
[8.306s] writing entry points to amr.egg-info/entry_points.txt
[8.309s] writing requirements to amr.egg-info/requires.txt
[8.313s] writing top-level names to amr.egg-info/top_level.txt
[8.317s] reading manifest file 'amr.egg-info/SOURCES.txt'
[8.320s] writing manifest file 'amr.egg-info/SOURCES.txt'
[8.330s] running build_ext
[8.341s] Creating /home/pi/ws/src/install/amr/lib/python3.10/site-packages/amr.egg-link (link to .)
[8.344s] Installing UI_plotting script to /home/pi/ws/src/install/amr/lib/amr
[8.348s] Installing UI_plotting_2 script to /home/pi/ws/src/install/amr/lib/amr
[8.350s] Installing control_pathway_generation script to /home/pi/ws/src/install/amr/lib/amr
[8.351s] Installing hardware_interface script to /home/pi/ws/src/install/amr/lib/amr
[8.353s] Installing simple_publisher script to /home/pi/ws/src/install/amr/lib/amr
[8.354s] Installing simple_publisher_step script to /home/pi/ws/src/install/amr/lib/amr
[8.359s] Installing simple_subscriber script to /home/pi/ws/src/install/amr/lib/amr
[8.362s] 
[8.363s] Installed /home/pi/ws/src/build/amr
[8.364s] running install_data
[8.528s] Invoked command in '/home/pi/ws/src/build/amr' returned '0': PYTHONPATH=/home/pi/ws/src/build/amr/prefix_override:/home/pi/ws/src/install/amr/lib/python3.10/site-packages:${PYTHONPATH} /usr/bin/python3 setup.py develop --editable --build-directory /home/pi/ws/src/build/amr/build --no-deps install_data
