[5.502s] Invoking command in '/home/pi/ws/src/build/my_package': PYTHONPATH=/home/pi/ws/src/build/my_package/prefix_override:/home/pi/ws/src/install/my_package/lib/python3.10/site-packages:${PYTHONPATH} /usr/bin/python3 setup.py develop --uninstall --editable --build-directory /home/pi/ws/src/build/my_package/build
[6.940s] running develop
[6.944s] /usr/lib/python3/dist-packages/setuptools/command/easy_install.py:158: EasyInstallDeprecationWarning: easy_install command is deprecated. Use build and pip and other standards-based tools.
[6.945s]   warnings.warn(
[6.949s] /usr/lib/python3/dist-packages/setuptools/command/install.py:34: SetuptoolsDeprecationWarning: setup.py install is deprecated. Use build and pip and other standards-based tools.
[6.950s]   warnings.warn(
[7.868s] Removing /home/pi/ws/src/install/my_package/lib/python3.10/site-packages/my-package.egg-link (link to .)
[8.097s] Invoked command in '/home/pi/ws/src/build/my_package' returned '0': PYTHONPATH=/home/pi/ws/src/build/my_package/prefix_override:/home/pi/ws/src/install/my_package/lib/python3.10/site-packages:${PYTHONPATH} /usr/bin/python3 setup.py develop --uninstall --editable --build-directory /home/pi/ws/src/build/my_package/build
[8.106s] Invoking command in '/home/pi/ws/src/my_package': PYTHONPATH=/home/pi/ws/src/build/my_package/prefix_override:/home/pi/ws/src/install/my_package/lib/python3.10/site-packages:${PYTHONPATH} /usr/bin/python3 setup.py egg_info --egg-base ../build/my_package build --build-base /home/pi/ws/src/build/my_package/build install --record /home/pi/ws/src/build/my_package/install.log --single-version-externally-managed
[9.458s] running egg_info
[9.462s] writing ../build/my_package/my_package.egg-info/PKG-INFO
[9.464s] writing dependency_links to ../build/my_package/my_package.egg-info/dependency_links.txt
[9.467s] writing entry points to ../build/my_package/my_package.egg-info/entry_points.txt
[9.468s] writing requirements to ../build/my_package/my_package.egg-info/requires.txt
[9.469s] writing top-level names to ../build/my_package/my_package.egg-info/top_level.txt
[9.480s] reading manifest file '../build/my_package/my_package.egg-info/SOURCES.txt'
[9.484s] writing manifest file '../build/my_package/my_package.egg-info/SOURCES.txt'
[9.486s] running build
[9.487s] running build_py
[9.488s] creating /home/pi/ws/src/build/my_package/build
[9.488s] creating /home/pi/ws/src/build/my_package/build/lib
[9.489s] creating /home/pi/ws/src/build/my_package/build/lib/my_package
[9.491s] copying my_package/logging_demo.py -> /home/pi/ws/src/build/my_package/build/lib/my_package
[9.492s] copying my_package/simple_publisher.py -> /home/pi/ws/src/build/my_package/build/lib/my_package
[9.494s] copying my_package/simple_subscriber.py -> /home/pi/ws/src/build/my_package/build/lib/my_package
[9.495s] copying my_package/kinematics.py -> /home/pi/ws/src/build/my_package/build/lib/my_package
[9.496s] copying my_package/__init__.py -> /home/pi/ws/src/build/my_package/build/lib/my_package
[9.497s] running install
[9.498s] /usr/lib/python3/dist-packages/setuptools/command/install.py:34: SetuptoolsDeprecationWarning: setup.py install is deprecated. Use build and pip and other standards-based tools.
[9.499s]   warnings.warn(
[9.501s] running install_lib
[9.503s] creating /home/pi/ws/src/install/my_package/lib/python3.10/site-packages/my_package
[9.503s] copying /home/pi/ws/src/build/my_package/build/lib/my_package/logging_demo.py -> /home/pi/ws/src/install/my_package/lib/python3.10/site-packages/my_package
[9.504s] copying /home/pi/ws/src/build/my_package/build/lib/my_package/simple_publisher.py -> /home/pi/ws/src/install/my_package/lib/python3.10/site-packages/my_package
[9.505s] copying /home/pi/ws/src/build/my_package/build/lib/my_package/simple_subscriber.py -> /home/pi/ws/src/install/my_package/lib/python3.10/site-packages/my_package
[9.506s] copying /home/pi/ws/src/build/my_package/build/lib/my_package/kinematics.py -> /home/pi/ws/src/install/my_package/lib/python3.10/site-packages/my_package
[9.508s] copying /home/pi/ws/src/build/my_package/build/lib/my_package/__init__.py -> /home/pi/ws/src/install/my_package/lib/python3.10/site-packages/my_package
[9.510s] byte-compiling /home/pi/ws/src/install/my_package/lib/python3.10/site-packages/my_package/logging_demo.py to logging_demo.cpython-310.pyc
[9.513s] byte-compiling /home/pi/ws/src/install/my_package/lib/python3.10/site-packages/my_package/simple_publisher.py to simple_publisher.cpython-310.pyc
[9.515s] byte-compiling /home/pi/ws/src/install/my_package/lib/python3.10/site-packages/my_package/simple_subscriber.py to simple_subscriber.cpython-310.pyc
[9.516s] byte-compiling /home/pi/ws/src/install/my_package/lib/python3.10/site-packages/my_package/kinematics.py to kinematics.cpython-310.pyc
[9.518s] byte-compiling /home/pi/ws/src/install/my_package/lib/python3.10/site-packages/my_package/__init__.py to __init__.cpython-310.pyc
[9.519s] running install_data
[9.522s] running install_egg_info
[9.532s] Copying ../build/my_package/my_package.egg-info to /home/pi/ws/src/install/my_package/lib/python3.10/site-packages/my_package-0.0.0-py3.10.egg-info
[9.546s] running install_scripts
[9.650s] Installing logging_demo script to /home/pi/ws/src/install/my_package/lib/my_package
[9.651s] Installing simple_publisher script to /home/pi/ws/src/install/my_package/lib/my_package
[9.653s] Installing simple_subscriber script to /home/pi/ws/src/install/my_package/lib/my_package
[9.655s] writing list of installed files to '/home/pi/ws/src/build/my_package/install.log'
[9.821s] Invoked command in '/home/pi/ws/src/my_package' returned '0': PYTHONPATH=/home/pi/ws/src/build/my_package/prefix_override:/home/pi/ws/src/install/my_package/lib/python3.10/site-packages:${PYTHONPATH} /usr/bin/python3 setup.py egg_info --egg-base ../build/my_package build --build-base /home/pi/ws/src/build/my_package/build install --record /home/pi/ws/src/build/my_package/install.log --single-version-externally-managed
