[5.613s] Invoking command in '/home/pi/ws/src/build/my_package': PYTHONPATH=/home/pi/ws/src/build/my_package/prefix_override:/home/pi/ws/src/install/my_package/lib/python3.10/site-packages:${PYTHONPATH} /usr/bin/python3 setup.py develop --editable --build-directory /home/pi/ws/src/build/my_package/build --no-deps install_data
[7.080s] running develop
[7.082s] /usr/lib/python3/dist-packages/setuptools/command/easy_install.py:158: EasyInstallDeprecationWarning: easy_install command is deprecated. Use build and pip and other standards-based tools.
[7.083s]   warnings.warn(
[7.089s] /usr/lib/python3/dist-packages/setuptools/command/install.py:34: SetuptoolsDeprecationWarning: setup.py install is deprecated. Use build and pip and other standards-based tools.
[7.089s]   warnings.warn(
[8.039s] running egg_info
[8.040s] writing my_package.egg-info/PKG-INFO
[8.042s] writing dependency_links to my_package.egg-info/dependency_links.txt
[8.043s] writing entry points to my_package.egg-info/entry_points.txt
[8.049s] writing requirements to my_package.egg-info/requires.txt
[8.049s] writing top-level names to my_package.egg-info/top_level.txt
[8.054s] reading manifest file 'my_package.egg-info/SOURCES.txt'
[8.058s] writing manifest file 'my_package.egg-info/SOURCES.txt'
[8.065s] running build_ext
[8.067s] Creating /home/pi/ws/src/install/my_package/lib/python3.10/site-packages/my-package.egg-link (link to .)
[8.077s] Installing logging_demo script to /home/pi/ws/src/install/my_package/lib/my_package
[8.086s] Installing simple_publisher script to /home/pi/ws/src/install/my_package/lib/my_package
[8.091s] Installing simple_subscriber script to /home/pi/ws/src/install/my_package/lib/my_package
[8.104s] 
[8.109s] Installed /home/pi/ws/src/build/my_package
[8.116s] running install_data
[8.264s] Invoked command in '/home/pi/ws/src/build/my_package' returned '0': PYTHONPATH=/home/pi/ws/src/build/my_package/prefix_override:/home/pi/ws/src/install/my_package/lib/python3.10/site-packages:${PYTHONPATH} /usr/bin/python3 setup.py develop --editable --build-directory /home/pi/ws/src/build/my_package/build --no-deps install_data
