[5.557s] Invoking command in '/home/pi/ws/src/build/my_package': PYTHONPATH=/home/pi/ws/src/build/my_package/prefix_override:/home/pi/ws/src/install/my_package/lib/python3.10/site-packages:${PYTHONPATH} /usr/bin/python3 setup.py develop --editable --build-directory /home/pi/ws/src/build/my_package/build --no-deps install_data
[7.017s] running develop
[7.018s] /usr/lib/python3/dist-packages/setuptools/command/easy_install.py:158: EasyInstallDeprecationWarning: easy_install command is deprecated. Use build and pip and other standards-based tools.
[7.019s]   warnings.warn(
[7.025s] /usr/lib/python3/dist-packages/setuptools/command/install.py:34: SetuptoolsDeprecationWarning: setup.py install is deprecated. Use build and pip and other standards-based tools.
[7.026s]   warnings.warn(
[7.920s] running egg_info
[7.922s] writing my_package.egg-info/PKG-INFO
[7.923s] writing dependency_links to my_package.egg-info/dependency_links.txt
[7.924s] writing entry points to my_package.egg-info/entry_points.txt
[7.929s] writing requirements to my_package.egg-info/requires.txt
[7.929s] writing top-level names to my_package.egg-info/top_level.txt
[7.935s] reading manifest file 'my_package.egg-info/SOURCES.txt'
[7.940s] writing manifest file 'my_package.egg-info/SOURCES.txt'
[7.961s] running build_ext
[7.972s] Creating /home/pi/ws/src/install/my_package/lib/python3.10/site-packages/my-package.egg-link (link to .)
[7.974s] Installing logging_demo script to /home/pi/ws/src/install/my_package/lib/my_package
[7.975s] Installing simple_publisher script to /home/pi/ws/src/install/my_package/lib/my_package
[7.980s] Installing simple_subscriber script to /home/pi/ws/src/install/my_package/lib/my_package
[7.983s] 
[7.984s] Installed /home/pi/ws/src/build/my_package
[7.985s] running install_data
[8.151s] Invoked command in '/home/pi/ws/src/build/my_package' returned '0': PYTHONPATH=/home/pi/ws/src/build/my_package/prefix_override:/home/pi/ws/src/install/my_package/lib/python3.10/site-packages:${PYTHONPATH} /usr/bin/python3 setup.py develop --editable --build-directory /home/pi/ws/src/build/my_package/build --no-deps install_data
