running develop
/usr/lib/python3/dist-packages/setuptools/command/easy_install.py:158: EasyInstallDeprecationWarning: easy_install command is deprecated. Use build and pip and other standards-based tools.
  warnings.warn(
/usr/lib/python3/dist-packages/setuptools/command/install.py:34: SetuptoolsDeprecationWarning: setup.py install is deprecated. Use build and pip and other standards-based tools.
  warnings.warn(
Removing /home/pi/ws/src/install/my_package/lib/python3.10/site-packages/my-package.egg-link (link to .)
running egg_info
writing ../build/my_package/my_package.egg-info/PKG-INFO
writing dependency_links to ../build/my_package/my_package.egg-info/dependency_links.txt
writing entry points to ../build/my_package/my_package.egg-info/entry_points.txt
writing requirements to ../build/my_package/my_package.egg-info/requires.txt
writing top-level names to ../build/my_package/my_package.egg-info/top_level.txt
reading manifest file '../build/my_package/my_package.egg-info/SOURCES.txt'
writing manifest file '../build/my_package/my_package.egg-info/SOURCES.txt'
running build
running build_py
running install
/usr/lib/python3/dist-packages/setuptools/command/install.py:34: SetuptoolsDeprecationWarning: setup.py install is deprecated. Use build and pip and other standards-based tools.
  warnings.warn(
running install_lib
creating /home/pi/ws/src/install/my_package/lib/python3.10/site-packages/my_package
copying /home/pi/ws/src/build/my_package/build/lib/my_package/logging_demo.py -> /home/pi/ws/src/install/my_package/lib/python3.10/site-packages/my_package
copying /home/pi/ws/src/build/my_package/build/lib/my_package/simple_publisher.py -> /home/pi/ws/src/install/my_package/lib/python3.10/site-packages/my_package
copying /home/pi/ws/src/build/my_package/build/lib/my_package/simple_subscriber.py -> /home/pi/ws/src/install/my_package/lib/python3.10/site-packages/my_package
copying /home/pi/ws/src/build/my_package/build/lib/my_package/kinematics.py -> /home/pi/ws/src/install/my_package/lib/python3.10/site-packages/my_package
copying /home/pi/ws/src/build/my_package/build/lib/my_package/__init__.py -> /home/pi/ws/src/install/my_package/lib/python3.10/site-packages/my_package
byte-compiling /home/pi/ws/src/install/my_package/lib/python3.10/site-packages/my_package/logging_demo.py to logging_demo.cpython-310.pyc
byte-compiling /home/pi/ws/src/install/my_package/lib/python3.10/site-packages/my_package/simple_publisher.py to simple_publisher.cpython-310.pyc
byte-compiling /home/pi/ws/src/install/my_package/lib/python3.10/site-packages/my_package/simple_subscriber.py to simple_subscriber.cpython-310.pyc
byte-compiling /home/pi/ws/src/install/my_package/lib/python3.10/site-packages/my_package/kinematics.py to kinematics.cpython-310.pyc
byte-compiling /home/pi/ws/src/install/my_package/lib/python3.10/site-packages/my_package/__init__.py to __init__.cpython-310.pyc
running install_data
running install_egg_info
Copying ../build/my_package/my_package.egg-info to /home/pi/ws/src/install/my_package/lib/python3.10/site-packages/my_package-0.0.0-py3.10.egg-info
running install_scripts
Installing logging_demo script to /home/pi/ws/src/install/my_package/lib/my_package
Installing simple_publisher script to /home/pi/ws/src/install/my_package/lib/my_package
Installing simple_subscriber script to /home/pi/ws/src/install/my_package/lib/my_package
writing list of installed files to '/home/pi/ws/src/build/my_package/install.log'
