[5.524s] Invoking command in '/home/pi/ws/src/build/my_package': PYTHONPATH=/home/pi/ws/src/build/my_package/prefix_override:/home/pi/ws/src/install/my_package/lib/python3.10/site-packages:${PYTHONPATH} /usr/bin/python3 setup.py develop --uninstall --editable --build-directory /home/pi/ws/src/build/my_package/build
[6.981s] running develop
[6.983s] /usr/lib/python3/dist-packages/setuptools/command/easy_install.py:158: EasyInstallDeprecationWarning: easy_install command is deprecated. Use build and pip and other standards-based tools.
[6.986s]   warnings.warn(
[6.994s] /usr/lib/python3/dist-packages/setuptools/command/install.py:34: SetuptoolsDeprecationWarning: setup.py install is deprecated. Use build and pip and other standards-based tools.
[6.996s]   warnings.warn(
[7.882s] Removing /home/pi/ws/src/install/my_package/lib/python3.10/site-packages/my-package.egg-link (link to .)
[8.069s] Invoked command in '/home/pi/ws/src/build/my_package' returned '0': PYTHONPATH=/home/pi/ws/src/build/my_package/prefix_override:/home/pi/ws/src/install/my_package/lib/python3.10/site-packages:${PYTHONPATH} /usr/bin/python3 setup.py develop --uninstall --editable --build-directory /home/pi/ws/src/build/my_package/build
[8.077s] Invoking command in '/home/pi/ws/src/my_package': PYTHONPATH=/home/pi/ws/src/build/my_package/prefix_override:/home/pi/ws/src/install/my_package/lib/python3.10/site-packages:${PYTHONPATH} /usr/bin/python3 setup.py egg_info --egg-base ../build/my_package build --build-base /home/pi/ws/src/build/my_package/build install --record /home/pi/ws/src/build/my_package/install.log --single-version-externally-managed
[9.410s] running egg_info
[9.413s] writing ../build/my_package/my_package.egg-info/PKG-INFO
[9.415s] writing dependency_links to ../build/my_package/my_package.egg-info/dependency_links.txt
[9.416s] writing entry points to ../build/my_package/my_package.egg-info/entry_points.txt
[9.423s] writing requirements to ../build/my_package/my_package.egg-info/requires.txt
[9.424s] writing top-level names to ../build/my_package/my_package.egg-info/top_level.txt
[9.442s] reading manifest file '../build/my_package/my_package.egg-info/SOURCES.txt'
[9.452s] writing manifest file '../build/my_package/my_package.egg-info/SOURCES.txt'
[9.452s] running build
[9.453s] running build_py
[9.454s] running install
[9.455s] /usr/lib/python3/dist-packages/setuptools/command/install.py:34: SetuptoolsDeprecationWarning: setup.py install is deprecated. Use build and pip and other standards-based tools.
[9.455s]   warnings.warn(
[9.456s] running install_lib
[9.458s] creating /home/pi/ws/src/install/my_package/lib/python3.10/site-packages/my_package
[9.461s] copying /home/pi/ws/src/build/my_package/build/lib/my_package/logging_demo.py -> /home/pi/ws/src/install/my_package/lib/python3.10/site-packages/my_package
[9.461s] copying /home/pi/ws/src/build/my_package/build/lib/my_package/simple_publisher.py -> /home/pi/ws/src/install/my_package/lib/python3.10/site-packages/my_package
[9.462s] copying /home/pi/ws/src/build/my_package/build/lib/my_package/simple_subscriber.py -> /home/pi/ws/src/install/my_package/lib/python3.10/site-packages/my_package
[9.463s] copying /home/pi/ws/src/build/my_package/build/lib/my_package/kinematics.py -> /home/pi/ws/src/install/my_package/lib/python3.10/site-packages/my_package
[9.466s] copying /home/pi/ws/src/build/my_package/build/lib/my_package/__init__.py -> /home/pi/ws/src/install/my_package/lib/python3.10/site-packages/my_package
[9.467s] byte-compiling /home/pi/ws/src/install/my_package/lib/python3.10/site-packages/my_package/logging_demo.py to logging_demo.cpython-310.pyc
[9.468s] byte-compiling /home/pi/ws/src/install/my_package/lib/python3.10/site-packages/my_package/simple_publisher.py to simple_publisher.cpython-310.pyc
[9.469s] byte-compiling /home/pi/ws/src/install/my_package/lib/python3.10/site-packages/my_package/simple_subscriber.py to simple_subscriber.cpython-310.pyc
[9.474s] byte-compiling /home/pi/ws/src/install/my_package/lib/python3.10/site-packages/my_package/kinematics.py to kinematics.cpython-310.pyc
[9.477s] byte-compiling /home/pi/ws/src/install/my_package/lib/python3.10/site-packages/my_package/__init__.py to __init__.cpython-310.pyc
[9.480s] running install_data
[9.482s] running install_egg_info
[9.485s] Copying ../build/my_package/my_package.egg-info to /home/pi/ws/src/install/my_package/lib/python3.10/site-packages/my_package-0.0.0-py3.10.egg-info
[9.487s] running install_scripts
[9.595s] Installing logging_demo script to /home/pi/ws/src/install/my_package/lib/my_package
[9.596s] Installing simple_publisher script to /home/pi/ws/src/install/my_package/lib/my_package
[9.597s] Installing simple_subscriber script to /home/pi/ws/src/install/my_package/lib/my_package
[9.600s] writing list of installed files to '/home/pi/ws/src/build/my_package/install.log'
[9.762s] Invoked command in '/home/pi/ws/src/my_package' returned '0': PYTHONPATH=/home/pi/ws/src/build/my_package/prefix_override:/home/pi/ws/src/install/my_package/lib/python3.10/site-packages:${PYTHONPATH} /usr/bin/python3 setup.py egg_info --egg-base ../build/my_package build --build-base /home/pi/ws/src/build/my_package/build install --record /home/pi/ws/src/build/my_package/install.log --single-version-externally-managed
