[6.215s] Invoking command in '/home/pi/ws/src/build/my_package': PYTHONPATH=/home/pi/ws/src/build/my_package/prefix_override:/home/pi/ws/src/install/my_package/lib/python3.10/site-packages:${PYTHONPATH} /usr/bin/python3 setup.py develop --editable --build-directory /home/pi/ws/src/build/my_package/build --no-deps install_data
[7.880s] running develop
[7.885s] /usr/lib/python3/dist-packages/setuptools/command/easy_install.py:158: EasyInstallDeprecationWarning: easy_install command is deprecated. Use build and pip and other standards-based tools.
[7.886s]   warnings.warn(
[7.892s] /usr/lib/python3/dist-packages/setuptools/command/install.py:34: SetuptoolsDeprecationWarning: setup.py install is deprecated. Use build and pip and other standards-based tools.
[7.893s]   warnings.warn(
[8.872s] running egg_info
[8.873s] writing my_package.egg-info/PKG-INFO
[8.874s] writing dependency_links to my_package.egg-info/dependency_links.txt
[8.881s] writing entry points to my_package.egg-info/entry_points.txt
[8.882s] writing requirements to my_package.egg-info/requires.txt
[8.883s] writing top-level names to my_package.egg-info/top_level.txt
[8.888s] reading manifest file 'my_package.egg-info/SOURCES.txt'
[8.893s] writing manifest file 'my_package.egg-info/SOURCES.txt'
[8.900s] running build_ext
[8.901s] Creating /home/pi/ws/src/install/my_package/lib/python3.10/site-packages/my-package.egg-link (link to .)
[8.906s] Installing logging_demo script to /home/pi/ws/src/install/my_package/lib/my_package
[8.907s] Installing simple_publisher script to /home/pi/ws/src/install/my_package/lib/my_package
[8.909s] Installing simple_subscriber script to /home/pi/ws/src/install/my_package/lib/my_package
[8.910s] 
[8.911s] Installed /home/pi/ws/src/build/my_package
[8.913s] running install_data
[9.108s] Invoked command in '/home/pi/ws/src/build/my_package' returned '0': PYTHONPATH=/home/pi/ws/src/build/my_package/prefix_override:/home/pi/ws/src/install/my_package/lib/python3.10/site-packages:${PYTHONPATH} /usr/bin/python3 setup.py develop --editable --build-directory /home/pi/ws/src/build/my_package/build --no-deps install_data
