[4.652s] DEBUG:colcon:Command line arguments: ['/usr/bin/colcon', 'build', '--symlink-install']
[4.652s] DEBUG:colcon:Parsed command line arguments: Namespace(log_base=None, log_level=None, verb_name='build', build_base='build', install_base='install', merge_install=False, symlink_install=True, test_result_base=None, continue_on_error=False, executor='parallel', parallel_workers=4, event_handlers=None, ignore_user_meta=False, metas=['./colcon.meta'], base_paths=['.'], packages_ignore=None, packages_ignore_regex=None, paths=None, packages_up_to=None, packages_up_to_regex=None, packages_above=None, packages_above_and_dependencies=None, packages_above_depth=None, packages_select_by_dep=None, packages_skip_by_dep=None, packages_skip_up_to=None, packages_select_build_failed=False, packages_skip_build_finished=False, packages_select_test_failures=False, packages_skip_test_passed=False, packages_select=None, packages_skip=None, packages_select_regex=None, packages_skip_regex=None, packages_start=None, packages_end=None, allow_overriding=[], cmake_args=None, cmake_target=None, cmake_target_skip_unavailable=False, cmake_clean_cache=False, cmake_clean_first=False, cmake_force_configure=False, ament_cmake_args=None, catkin_cmake_args=None, catkin_skip_building_tests=False, verb_parser=<colcon_defaults.argument_parser.defaults.DefaultArgumentsDecorator object at 0xffffb09fbd60>, verb_extension=<colcon_core.verb.build.BuildVerb object at 0xffffb0ce28f0>, main=<bound method BuildVerb.main of <colcon_core.verb.build.BuildVerb object at 0xffffb0ce28f0>>)
[4.872s] Level 1:colcon.colcon_core.package_discovery:discover_packages(colcon_meta) check parameters
[4.872s] Level 1:colcon.colcon_core.package_discovery:discover_packages(recursive) check parameters
[4.873s] Level 1:colcon.colcon_core.package_discovery:discover_packages(ignore) check parameters
[4.873s] Level 1:colcon.colcon_core.package_discovery:discover_packages(path) check parameters
[4.873s] Level 1:colcon.colcon_core.package_discovery:discover_packages(colcon_meta) discover
[4.873s] Level 1:colcon.colcon_core.package_discovery:discover_packages(recursive) discover
[4.874s] INFO:colcon.colcon_core.package_discovery:Crawling recursively for packages in '/home/pi/ws/src'
[4.874s] Level 1:colcon.colcon_core.package_identification:_identify(.) by extensions ['ignore', 'ignore_ament_install']
[4.874s] Level 1:colcon.colcon_core.package_identification:_identify(.) by extension 'ignore'
[4.875s] Level 1:colcon.colcon_core.package_identification:_identify(.) by extension 'ignore_ament_install'
[4.875s] Level 1:colcon.colcon_core.package_identification:_identify(.) by extensions ['colcon_pkg']
[4.875s] Level 1:colcon.colcon_core.package_identification:_identify(.) by extension 'colcon_pkg'
[4.876s] Level 1:colcon.colcon_core.package_identification:_identify(.) by extensions ['colcon_meta']
[4.876s] Level 1:colcon.colcon_core.package_identification:_identify(.) by extension 'colcon_meta'
[4.876s] Level 1:colcon.colcon_core.package_identification:_identify(.) by extensions ['ros']
[4.876s] Level 1:colcon.colcon_core.package_identification:_identify(.) by extension 'ros'
[4.930s] Level 1:colcon.colcon_core.package_identification:_identify(.) by extensions ['cmake', 'python']
[4.931s] Level 1:colcon.colcon_core.package_identification:_identify(.) by extension 'cmake'
[4.931s] Level 1:colcon.colcon_core.package_identification:_identify(.) by extension 'python'
[4.931s] Level 1:colcon.colcon_core.package_identification:_identify(.) by extensions ['python_setup_py']
[4.931s] Level 1:colcon.colcon_core.package_identification:_identify(.) by extension 'python_setup_py'
[4.932s] Level 1:colcon.colcon_core.package_identification:_identify(amr) by extensions ['ignore', 'ignore_ament_install']
[4.933s] Level 1:colcon.colcon_core.package_identification:_identify(amr) by extension 'ignore'
[4.933s] Level 1:colcon.colcon_core.package_identification:_identify(amr) by extension 'ignore_ament_install'
[4.933s] Level 1:colcon.colcon_core.package_identification:_identify(amr) by extensions ['colcon_pkg']
[4.933s] Level 1:colcon.colcon_core.package_identification:_identify(amr) by extension 'colcon_pkg'
[4.934s] Level 1:colcon.colcon_core.package_identification:_identify(amr) by extensions ['colcon_meta']
[4.934s] Level 1:colcon.colcon_core.package_identification:_identify(amr) by extension 'colcon_meta'
[4.934s] Level 1:colcon.colcon_core.package_identification:_identify(amr) by extensions ['ros']
[4.934s] Level 1:colcon.colcon_core.package_identification:_identify(amr) by extension 'ros'
[4.944s] DEBUG:colcon.colcon_core.package_identification:Package 'amr' with type 'ros.ament_python' and name 'amr'
[4.945s] Level 1:colcon.colcon_core.package_identification:_identify(build) by extensions ['ignore', 'ignore_ament_install']
[4.945s] Level 1:colcon.colcon_core.package_identification:_identify(build) by extension 'ignore'
[4.946s] Level 1:colcon.colcon_core.package_identification:_identify(build) ignored
[4.946s] Level 1:colcon.colcon_core.package_identification:_identify(install) by extensions ['ignore', 'ignore_ament_install']
[4.947s] Level 1:colcon.colcon_core.package_identification:_identify(install) by extension 'ignore'
[4.947s] Level 1:colcon.colcon_core.package_identification:_identify(install) ignored
[4.948s] Level 1:colcon.colcon_core.package_identification:_identify(log) by extensions ['ignore', 'ignore_ament_install']
[4.948s] Level 1:colcon.colcon_core.package_identification:_identify(log) by extension 'ignore'
[4.949s] Level 1:colcon.colcon_core.package_identification:_identify(log) ignored
[4.949s] Level 1:colcon.colcon_core.package_identification:_identify(my_package) by extensions ['ignore', 'ignore_ament_install']
[4.950s] Level 1:colcon.colcon_core.package_identification:_identify(my_package) by extension 'ignore'
[4.950s] Level 1:colcon.colcon_core.package_identification:_identify(my_package) by extension 'ignore_ament_install'
[4.950s] Level 1:colcon.colcon_core.package_identification:_identify(my_package) by extensions ['colcon_pkg']
[4.950s] Level 1:colcon.colcon_core.package_identification:_identify(my_package) by extension 'colcon_pkg'
[4.951s] Level 1:colcon.colcon_core.package_identification:_identify(my_package) by extensions ['colcon_meta']
[4.951s] Level 1:colcon.colcon_core.package_identification:_identify(my_package) by extension 'colcon_meta'
[4.951s] Level 1:colcon.colcon_core.package_identification:_identify(my_package) by extensions ['ros']
[4.951s] Level 1:colcon.colcon_core.package_identification:_identify(my_package) by extension 'ros'
[4.953s] DEBUG:colcon.colcon_core.package_identification:Package 'my_package' with type 'ros.ament_python' and name 'my_package'
[4.954s] Level 1:colcon.colcon_core.package_discovery:discover_packages(recursive) using defaults
[4.954s] Level 1:colcon.colcon_core.package_discovery:discover_packages(ignore) discover
[4.954s] Level 1:colcon.colcon_core.package_discovery:discover_packages(ignore) using defaults
[4.954s] Level 1:colcon.colcon_core.package_discovery:discover_packages(path) discover
[4.954s] Level 1:colcon.colcon_core.package_discovery:discover_packages(path) using defaults
[5.378s] Level 1:colcon.colcon_core.package_discovery:discover_packages(prefix_path) check parameters
[5.378s] Level 1:colcon.colcon_core.package_discovery:discover_packages(prefix_path) discover
[5.511s] DEBUG:colcon.colcon_installed_package_information.package_discovery:Found 2 installed packages in /home/pi/ws/install
[5.584s] DEBUG:colcon.colcon_installed_package_information.package_discovery:Found 182 installed packages in /opt/ros/humble
[5.589s] Level 1:colcon.colcon_core.package_discovery:discover_packages(prefix_path) using defaults
[5.926s] Level 5:colcon.colcon_core.verb:set package 'amr' build argument 'cmake_args' from command line to 'None'
[5.926s] Level 5:colcon.colcon_core.verb:set package 'amr' build argument 'cmake_target' from command line to 'None'
[5.927s] Level 5:colcon.colcon_core.verb:set package 'amr' build argument 'cmake_target_skip_unavailable' from command line to 'False'
[5.927s] Level 5:colcon.colcon_core.verb:set package 'amr' build argument 'cmake_clean_cache' from command line to 'False'
[5.927s] Level 5:colcon.colcon_core.verb:set package 'amr' build argument 'cmake_clean_first' from command line to 'False'
[5.927s] Level 5:colcon.colcon_core.verb:set package 'amr' build argument 'cmake_force_configure' from command line to 'False'
[5.927s] Level 5:colcon.colcon_core.verb:set package 'amr' build argument 'ament_cmake_args' from command line to 'None'
[5.927s] Level 5:colcon.colcon_core.verb:set package 'amr' build argument 'catkin_cmake_args' from command line to 'None'
[5.928s] Level 5:colcon.colcon_core.verb:set package 'amr' build argument 'catkin_skip_building_tests' from command line to 'False'
[5.928s] DEBUG:colcon.colcon_core.verb:Building package 'amr' with the following arguments: {'ament_cmake_args': None, 'build_base': '/home/pi/ws/src/build/amr', 'catkin_cmake_args': None, 'catkin_skip_building_tests': False, 'cmake_args': None, 'cmake_clean_cache': False, 'cmake_clean_first': False, 'cmake_force_configure': False, 'cmake_target': None, 'cmake_target_skip_unavailable': False, 'install_base': '/home/pi/ws/src/install/amr', 'merge_install': False, 'path': '/home/pi/ws/src/amr', 'symlink_install': True, 'test_result_base': None}
[5.992s] Level 5:colcon.colcon_core.verb:set package 'my_package' build argument 'cmake_args' from command line to 'None'
[5.992s] Level 5:colcon.colcon_core.verb:set package 'my_package' build argument 'cmake_target' from command line to 'None'
[5.993s] Level 5:colcon.colcon_core.verb:set package 'my_package' build argument 'cmake_target_skip_unavailable' from command line to 'False'
[5.993s] Level 5:colcon.colcon_core.verb:set package 'my_package' build argument 'cmake_clean_cache' from command line to 'False'
[5.993s] Level 5:colcon.colcon_core.verb:set package 'my_package' build argument 'cmake_clean_first' from command line to 'False'
[5.993s] Level 5:colcon.colcon_core.verb:set package 'my_package' build argument 'cmake_force_configure' from command line to 'False'
[5.993s] Level 5:colcon.colcon_core.verb:set package 'my_package' build argument 'ament_cmake_args' from command line to 'None'
[5.993s] Level 5:colcon.colcon_core.verb:set package 'my_package' build argument 'catkin_cmake_args' from command line to 'None'
[5.993s] Level 5:colcon.colcon_core.verb:set package 'my_package' build argument 'catkin_skip_building_tests' from command line to 'False'
[5.994s] DEBUG:colcon.colcon_core.verb:Building package 'my_package' with the following arguments: {'ament_cmake_args': None, 'build_base': '/home/pi/ws/src/build/my_package', 'catkin_cmake_args': None, 'catkin_skip_building_tests': False, 'cmake_args': None, 'cmake_clean_cache': False, 'cmake_clean_first': False, 'cmake_force_configure': False, 'cmake_target': None, 'cmake_target_skip_unavailable': False, 'install_base': '/home/pi/ws/src/install/my_package', 'merge_install': False, 'path': '/home/pi/ws/src/my_package', 'symlink_install': True, 'test_result_base': None}
[6.057s] INFO:colcon.colcon_core.executor:Executing jobs using 'parallel' executor
[6.125s] DEBUG:colcon.colcon_parallel_executor.executor.parallel:run_until_complete
[6.126s] INFO:colcon.colcon_ros.task.ament_python.build:Building ROS package in '/home/pi/ws/src/amr' with build type 'ament_python'
[6.127s] Level 1:colcon.colcon_core.shell:create_environment_hook('amr', 'ament_prefix_path')
[6.203s] INFO:colcon.colcon_core.plugin_system:Skipping extension 'colcon_core.shell.bat': Not used on non-Windows systems
[6.204s] INFO:colcon.colcon_core.shell:Creating environment hook '/home/pi/ws/src/install/amr/share/amr/hook/ament_prefix_path.ps1'
[6.207s] INFO:colcon.colcon_core.shell:Creating environment descriptor '/home/pi/ws/src/install/amr/share/amr/hook/ament_prefix_path.dsv'
[6.210s] INFO:colcon.colcon_core.shell:Creating environment hook '/home/pi/ws/src/install/amr/share/amr/hook/ament_prefix_path.sh'
[6.283s] INFO:colcon.colcon_core.shell:Skip shell extension 'powershell' for command environment: Not usable outside of PowerShell
[6.283s] DEBUG:colcon.colcon_core.shell:Skip shell extension 'dsv' for command environment
[6.502s] INFO:colcon.colcon_ros.task.ament_python.build:Building ROS package in '/home/pi/ws/src/my_package' with build type 'ament_python'
[6.503s] Level 1:colcon.colcon_core.shell:create_environment_hook('my_package', 'ament_prefix_path')
[6.575s] INFO:colcon.colcon_core.shell:Creating environment hook '/home/pi/ws/src/install/my_package/share/my_package/hook/ament_prefix_path.ps1'
[6.578s] INFO:colcon.colcon_core.shell:Creating environment descriptor '/home/pi/ws/src/install/my_package/share/my_package/hook/ament_prefix_path.dsv'
[6.580s] INFO:colcon.colcon_core.shell:Creating environment hook '/home/pi/ws/src/install/my_package/share/my_package/hook/ament_prefix_path.sh'
[6.648s] INFO:colcon.colcon_core.shell:Skip shell extension 'powershell' for command environment: Not usable outside of PowerShell
[6.648s] DEBUG:colcon.colcon_core.shell:Skip shell extension 'dsv' for command environment
[8.173s] INFO:colcon.colcon_core.task.python.build:Building Python package in '/home/pi/ws/src/amr'
[8.241s] INFO:colcon.colcon_core.shell:Skip shell extension 'powershell' for command environment: Not usable outside of PowerShell
[8.241s] DEBUG:colcon.colcon_core.shell:Skip shell extension 'dsv' for command environment
[9.751s] INFO:colcon.colcon_core.task.python.build:Building Python package in '/home/pi/ws/src/my_package'
[9.820s] INFO:colcon.colcon_core.shell:Skip shell extension 'powershell' for command environment: Not usable outside of PowerShell
[9.820s] DEBUG:colcon.colcon_core.shell:Skip shell extension 'dsv' for command environment
[12.057s] DEBUG:colcon.colcon_core.event_handler.log_command:Invoking command in '/home/pi/ws/src/build/amr': PYTHONPATH=/home/pi/ws/src/build/amr/prefix_override:/home/pi/ws/src/install/amr/lib/python3.10/site-packages:${PYTHONPATH} /usr/bin/python3 setup.py develop --editable --build-directory /home/pi/ws/src/build/amr/build --no-deps install_data
[12.081s] DEBUG:colcon.colcon_core.event_handler.log_command:Invoking command in '/home/pi/ws/src/build/my_package': PYTHONPATH=/home/pi/ws/src/build/my_package/prefix_override:/home/pi/ws/src/install/my_package/lib/python3.10/site-packages:${PYTHONPATH} /usr/bin/python3 setup.py develop --editable --build-directory /home/pi/ws/src/build/my_package/build --no-deps install_data
[14.651s] Level 1:colcon.colcon_core.shell:create_environment_hook('amr', 'pythonpath_develop')
[14.656s] DEBUG:colcon.colcon_core.event_handler.log_command:Invoked command in '/home/pi/ws/src/build/amr' returned '0': PYTHONPATH=/home/pi/ws/src/build/amr/prefix_override:/home/pi/ws/src/install/amr/lib/python3.10/site-packages:${PYTHONPATH} /usr/bin/python3 setup.py develop --editable --build-directory /home/pi/ws/src/build/amr/build --no-deps install_data
[14.747s] INFO:colcon.colcon_core.shell:Creating environment hook '/home/pi/ws/src/build/amr/share/amr/hook/pythonpath_develop.ps1'
[14.749s] INFO:colcon.colcon_core.shell:Creating environment descriptor '/home/pi/ws/src/build/amr/share/amr/hook/pythonpath_develop.dsv'
[14.751s] INFO:colcon.colcon_core.shell:Creating environment hook '/home/pi/ws/src/build/amr/share/amr/hook/pythonpath_develop.sh'
[14.829s] Level 1:colcon.colcon_core.environment:checking '/home/pi/ws/src/install/amr' for CMake module files
[14.832s] Level 1:colcon.colcon_core.environment:checking '/home/pi/ws/src/install/amr' for CMake config files
[14.836s] Level 1:colcon.colcon_core.environment:checking '/home/pi/ws/src/install/amr/lib'
[14.837s] Level 1:colcon.colcon_core.environment:checking '/home/pi/ws/src/install/amr/bin'
[14.837s] Level 1:colcon.colcon_core.environment:checking '/home/pi/ws/src/install/amr/lib/pkgconfig/amr.pc'
[14.838s] Level 1:colcon.colcon_core.environment:checking '/home/pi/ws/src/install/amr/lib/python3.10/site-packages'
[14.839s] Level 1:colcon.colcon_core.shell:create_environment_hook('amr', 'pythonpath')
[14.905s] INFO:colcon.colcon_core.shell:Creating environment hook '/home/pi/ws/src/install/amr/share/amr/hook/pythonpath.ps1'
[14.908s] INFO:colcon.colcon_core.shell:Creating environment descriptor '/home/pi/ws/src/install/amr/share/amr/hook/pythonpath.dsv'
[14.910s] INFO:colcon.colcon_core.shell:Creating environment hook '/home/pi/ws/src/install/amr/share/amr/hook/pythonpath.sh'
[14.913s] Level 1:colcon.colcon_core.environment:checking '/home/pi/ws/src/install/amr/bin'
[14.914s] Level 1:colcon.colcon_core.environment:create_environment_scripts_only(amr)
[14.981s] INFO:colcon.colcon_core.shell:Creating package script '/home/pi/ws/src/install/amr/share/amr/package.ps1'
[14.985s] INFO:colcon.colcon_core.shell:Creating package descriptor '/home/pi/ws/src/install/amr/share/amr/package.dsv'
[14.988s] INFO:colcon.colcon_core.shell:Creating package script '/home/pi/ws/src/install/amr/share/amr/package.sh'
[14.992s] INFO:colcon.colcon_core.shell:Creating package script '/home/pi/ws/src/install/amr/share/amr/package.bash'
[14.996s] INFO:colcon.colcon_core.shell:Creating package script '/home/pi/ws/src/install/amr/share/amr/package.zsh'
[15.000s] Level 1:colcon.colcon_core.environment:create_file_with_runtime_dependencies(/home/pi/ws/src/install/amr/share/colcon-core/packages/amr)
[15.003s] Level 1:colcon.colcon_core.shell:create_environment_hook('my_package', 'pythonpath_develop')
[15.008s] DEBUG:colcon.colcon_core.event_handler.log_command:Invoked command in '/home/pi/ws/src/build/my_package' returned '0': PYTHONPATH=/home/pi/ws/src/build/my_package/prefix_override:/home/pi/ws/src/install/my_package/lib/python3.10/site-packages:${PYTHONPATH} /usr/bin/python3 setup.py develop --editable --build-directory /home/pi/ws/src/build/my_package/build --no-deps install_data
[15.074s] INFO:colcon.colcon_core.shell:Creating environment hook '/home/pi/ws/src/build/my_package/share/my_package/hook/pythonpath_develop.ps1'
[15.076s] INFO:colcon.colcon_core.shell:Creating environment descriptor '/home/pi/ws/src/build/my_package/share/my_package/hook/pythonpath_develop.dsv'
[15.078s] INFO:colcon.colcon_core.shell:Creating environment hook '/home/pi/ws/src/build/my_package/share/my_package/hook/pythonpath_develop.sh'
[15.147s] Level 1:colcon.colcon_core.environment:checking '/home/pi/ws/src/install/my_package' for CMake module files
[15.150s] Level 1:colcon.colcon_core.environment:checking '/home/pi/ws/src/install/my_package' for CMake config files
[15.153s] Level 1:colcon.colcon_core.environment:checking '/home/pi/ws/src/install/my_package/lib'
[15.154s] Level 1:colcon.colcon_core.environment:checking '/home/pi/ws/src/install/my_package/bin'
[15.154s] Level 1:colcon.colcon_core.environment:checking '/home/pi/ws/src/install/my_package/lib/pkgconfig/my_package.pc'
[15.155s] Level 1:colcon.colcon_core.environment:checking '/home/pi/ws/src/install/my_package/lib/python3.10/site-packages'
[15.156s] Level 1:colcon.colcon_core.shell:create_environment_hook('my_package', 'pythonpath')
[15.221s] INFO:colcon.colcon_core.shell:Creating environment hook '/home/pi/ws/src/install/my_package/share/my_package/hook/pythonpath.ps1'
[15.224s] INFO:colcon.colcon_core.shell:Creating environment descriptor '/home/pi/ws/src/install/my_package/share/my_package/hook/pythonpath.dsv'
[15.226s] INFO:colcon.colcon_core.shell:Creating environment hook '/home/pi/ws/src/install/my_package/share/my_package/hook/pythonpath.sh'
[15.229s] Level 1:colcon.colcon_core.environment:checking '/home/pi/ws/src/install/my_package/bin'
[15.229s] Level 1:colcon.colcon_core.environment:create_environment_scripts_only(my_package)
[15.297s] INFO:colcon.colcon_core.shell:Creating package script '/home/pi/ws/src/install/my_package/share/my_package/package.ps1'
[15.300s] INFO:colcon.colcon_core.shell:Creating package descriptor '/home/pi/ws/src/install/my_package/share/my_package/package.dsv'
[15.303s] INFO:colcon.colcon_core.shell:Creating package script '/home/pi/ws/src/install/my_package/share/my_package/package.sh'
[15.306s] INFO:colcon.colcon_core.shell:Creating package script '/home/pi/ws/src/install/my_package/share/my_package/package.bash'
[15.308s] INFO:colcon.colcon_core.shell:Creating package script '/home/pi/ws/src/install/my_package/share/my_package/package.zsh'
[15.310s] Level 1:colcon.colcon_core.environment:create_file_with_runtime_dependencies(/home/pi/ws/src/install/my_package/share/colcon-core/packages/my_package)
[15.311s] DEBUG:colcon.colcon_parallel_executor.executor.parallel:closing loop
[15.312s] DEBUG:colcon.colcon_parallel_executor.executor.parallel:loop closed
[15.313s] DEBUG:colcon.colcon_parallel_executor.executor.parallel:run_until_complete finished with '0'
[15.313s] DEBUG:colcon.colcon_core.event_reactor:joining thread
[15.403s] INFO:colcon.colcon_core.plugin_system:Skipping extension 'colcon_notification.desktop_notification.notify_send': Could not find 'notify-send'
[15.403s] INFO:colcon.colcon_core.plugin_system:Skipping extension 'colcon_notification.desktop_notification.terminal_notifier': Not used on non-Darwin systems
[15.404s] INFO:colcon.colcon_core.plugin_system:Skipping extension 'colcon_notification.desktop_notification.win32': Not used on non-Windows systems
[15.404s] INFO:colcon.colcon_notification.desktop_notification:Sending desktop notification using 'notify2'
[15.407s] DEBUG:colcon.colcon_notification.desktop_notification.notify2:Failed to initialize notify2: org.freedesktop.DBus.Error.ServiceUnknown: The name org.freedesktop.Notifications was not provided by any .service files
[15.407s] DEBUG:colcon.colcon_core.event_reactor:joined thread
[15.511s] INFO:colcon.colcon_core.shell:Creating prefix script '/home/pi/ws/src/install/local_setup.ps1'
[15.517s] INFO:colcon.colcon_core.shell:Creating prefix util module '/home/pi/ws/src/install/_local_setup_util_ps1.py'
[15.528s] INFO:colcon.colcon_core.shell:Creating prefix chain script '/home/pi/ws/src/install/setup.ps1'
[15.612s] INFO:colcon.colcon_core.shell:Creating prefix script '/home/pi/ws/src/install/local_setup.sh'
[15.615s] INFO:colcon.colcon_core.shell:Creating prefix util module '/home/pi/ws/src/install/_local_setup_util_sh.py'
[15.618s] INFO:colcon.colcon_core.shell:Creating prefix chain script '/home/pi/ws/src/install/setup.sh'
[15.689s] INFO:colcon.colcon_core.shell:Creating prefix script '/home/pi/ws/src/install/local_setup.bash'
[15.692s] INFO:colcon.colcon_core.shell:Creating prefix chain script '/home/pi/ws/src/install/setup.bash'
[15.762s] INFO:colcon.colcon_core.shell:Creating prefix script '/home/pi/ws/src/install/local_setup.zsh'
[15.765s] INFO:colcon.colcon_core.shell:Creating prefix chain script '/home/pi/ws/src/install/setup.zsh'
