[5.580s] Invoking command in '/home/pi/ws/src/build/my_package': PYTHONPATH=/home/pi/ws/src/build/my_package/prefix_override:/home/pi/ws/src/install/my_package/lib/python3.10/site-packages:${PYTHONPATH} /usr/bin/python3 setup.py develop --editable --build-directory /home/pi/ws/src/build/my_package/build --no-deps install_data
[7.011s] running develop
[7.013s] /usr/lib/python3/dist-packages/setuptools/command/easy_install.py:158: EasyInstallDeprecationWarning: easy_install command is deprecated. Use build and pip and other standards-based tools.
[7.014s]   warnings.warn(
[7.019s] /usr/lib/python3/dist-packages/setuptools/command/install.py:34: SetuptoolsDeprecationWarning: setup.py install is deprecated. Use build and pip and other standards-based tools.
[7.020s]   warnings.warn(
[7.921s] running egg_info
[7.921s] writing my_package.egg-info/PKG-INFO
[7.922s] writing dependency_links to my_package.egg-info/dependency_links.txt
[7.929s] writing entry points to my_package.egg-info/entry_points.txt
[7.930s] writing requirements to my_package.egg-info/requires.txt
[7.931s] writing top-level names to my_package.egg-info/top_level.txt
[7.933s] reading manifest file 'my_package.egg-info/SOURCES.txt'
[7.941s] writing manifest file 'my_package.egg-info/SOURCES.txt'
[7.956s] running build_ext
[7.957s] Creating /home/pi/ws/src/install/my_package/lib/python3.10/site-packages/my-package.egg-link (link to .)
[7.958s] Installing logging_demo script to /home/pi/ws/src/install/my_package/lib/my_package
[7.959s] Installing simple_publisher script to /home/pi/ws/src/install/my_package/lib/my_package
[7.961s] Installing simple_subscriber script to /home/pi/ws/src/install/my_package/lib/my_package
[7.962s] 
[7.964s] Installed /home/pi/ws/src/build/my_package
[7.966s] running install_data
[8.484s] Invoked command in '/home/pi/ws/src/build/my_package' returned '0': PYTHONPATH=/home/pi/ws/src/build/my_package/prefix_override:/home/pi/ws/src/install/my_package/lib/python3.10/site-packages:${PYTHONPATH} /usr/bin/python3 setup.py develop --editable --build-directory /home/pi/ws/src/build/my_package/build --no-deps install_data
