[5.936s] Invoking command in '/home/pi/ws/src/build/amr': PYTHONPATH=/home/pi/ws/src/build/amr/prefix_override:/home/pi/ws/src/install/amr/lib/python3.10/site-packages:${PYTHONPATH} /usr/bin/python3 setup.py develop --editable --build-directory /home/pi/ws/src/build/amr/build --no-deps install_data
[7.379s] running develop
[7.382s] /usr/lib/python3/dist-packages/setuptools/command/easy_install.py:158: EasyInstallDeprecationWarning: easy_install command is deprecated. Use build and pip and other standards-based tools.
[7.383s]   warnings.warn(
[7.389s] /usr/lib/python3/dist-packages/setuptools/command/install.py:34: SetuptoolsDeprecationWarning: setup.py install is deprecated. Use build and pip and other standards-based tools.
[7.394s]   warnings.warn(
[8.293s] running egg_info
[8.295s] writing amr.egg-info/PKG-INFO
[8.296s] writing dependency_links to amr.egg-info/dependency_links.txt
[8.296s] writing entry points to amr.egg-info/entry_points.txt
[8.297s] writing requirements to amr.egg-info/requires.txt
[8.298s] writing top-level names to amr.egg-info/top_level.txt
[8.306s] reading manifest file 'amr.egg-info/SOURCES.txt'
[8.310s] writing manifest file 'amr.egg-info/SOURCES.txt'
[8.334s] running build_ext
[8.336s] Creating /home/pi/ws/src/install/amr/lib/python3.10/site-packages/amr.egg-link (link to .)
[8.350s] Installing UI_plotting script to /home/pi/ws/src/install/amr/lib/amr
[8.352s] Installing hardware_interface script to /home/pi/ws/src/install/amr/lib/amr
[8.354s] Installing simple_publisher script to /home/pi/ws/src/install/amr/lib/amr
[8.356s] Installing simple_publisher_step script to /home/pi/ws/src/install/amr/lib/amr
[8.358s] Installing simple_subscriber script to /home/pi/ws/src/install/amr/lib/amr
[8.361s] 
[8.363s] Installed /home/pi/ws/src/build/amr
[8.365s] running install_data
[8.871s] Invoked command in '/home/pi/ws/src/build/amr' returned '0': PYTHONPATH=/home/pi/ws/src/build/amr/prefix_override:/home/pi/ws/src/install/amr/lib/python3.10/site-packages:${PYTHONPATH} /usr/bin/python3 setup.py develop --editable --build-directory /home/pi/ws/src/build/amr/build --no-deps install_data
