[5.740s] Invoking command in '/home/pi/ws/src/build/my_package': PYTHONPATH=/home/pi/ws/src/build/my_package/prefix_override:/home/pi/ws/src/install/my_package/lib/python3.10/site-packages:${PYTHONPATH} /usr/bin/python3 setup.py develop --editable --build-directory /home/pi/ws/src/build/my_package/build --no-deps install_data
[7.224s] running develop
[7.226s] /usr/lib/python3/dist-packages/setuptools/command/easy_install.py:158: EasyInstallDeprecationWarning: easy_install command is deprecated. Use build and pip and other standards-based tools.
[7.227s]   warnings.warn(
[7.234s] /usr/lib/python3/dist-packages/setuptools/command/install.py:34: SetuptoolsDeprecationWarning: setup.py install is deprecated. Use build and pip and other standards-based tools.
[7.235s]   warnings.warn(
[8.116s] running egg_info
[8.121s] writing my_package.egg-info/PKG-INFO
[8.124s] writing dependency_links to my_package.egg-info/dependency_links.txt
[8.132s] writing entry points to my_package.egg-info/entry_points.txt
[8.142s] writing requirements to my_package.egg-info/requires.txt
[8.145s] writing top-level names to my_package.egg-info/top_level.txt
[8.145s] reading manifest file 'my_package.egg-info/SOURCES.txt'
[8.147s] writing manifest file 'my_package.egg-info/SOURCES.txt'
[8.149s] running build_ext
[8.152s] Creating /home/pi/ws/src/install/my_package/lib/python3.10/site-packages/my-package.egg-link (link to .)
[8.153s] Installing logging_demo script to /home/pi/ws/src/install/my_package/lib/my_package
[8.162s] Installing simple_publisher script to /home/pi/ws/src/install/my_package/lib/my_package
[8.166s] Installing simple_subscriber script to /home/pi/ws/src/install/my_package/lib/my_package
[8.169s] 
[8.170s] Installed /home/pi/ws/src/build/my_package
[8.171s] running install_data
[8.356s] Invoked command in '/home/pi/ws/src/build/my_package' returned '0': PYTHONPATH=/home/pi/ws/src/build/my_package/prefix_override:/home/pi/ws/src/install/my_package/lib/python3.10/site-packages:${PYTHONPATH} /usr/bin/python3 setup.py develop --editable --build-directory /home/pi/ws/src/build/my_package/build --no-deps install_data
