[5.558s] Invoking command in '/home/pi/ws/src/build/my_package': PYTHONPATH=/home/pi/ws/src/build/my_package/prefix_override:/home/pi/ws/src/install/my_package/lib/python3.10/site-packages:${PYTHONPATH} /usr/bin/python3 setup.py develop --editable --build-directory /home/pi/ws/src/build/my_package/build --no-deps install_data
[6.995s] running develop
[6.997s] /usr/lib/python3/dist-packages/setuptools/command/easy_install.py:158: EasyInstallDeprecationWarning: easy_install command is deprecated. Use build and pip and other standards-based tools.
[6.998s]   warnings.warn(
[7.008s] /usr/lib/python3/dist-packages/setuptools/command/install.py:34: SetuptoolsDeprecationWarning: setup.py install is deprecated. Use build and pip and other standards-based tools.
[7.011s]   warnings.warn(
[7.961s] running egg_info
[7.963s] writing my_package.egg-info/PKG-INFO
[7.964s] writing dependency_links to my_package.egg-info/dependency_links.txt
[7.966s] writing entry points to my_package.egg-info/entry_points.txt
[7.969s] writing requirements to my_package.egg-info/requires.txt
[7.969s] writing top-level names to my_package.egg-info/top_level.txt
[7.975s] reading manifest file 'my_package.egg-info/SOURCES.txt'
[7.979s] writing manifest file 'my_package.egg-info/SOURCES.txt'
[7.986s] running build_ext
[7.988s] Creating /home/pi/ws/src/install/my_package/lib/python3.10/site-packages/my-package.egg-link (link to .)
[7.993s] Installing logging_demo script to /home/pi/ws/src/install/my_package/lib/my_package
[7.996s] Installing simple_publisher script to /home/pi/ws/src/install/my_package/lib/my_package
[7.999s] Installing simple_subscriber script to /home/pi/ws/src/install/my_package/lib/my_package
[8.001s] 
[8.003s] Installed /home/pi/ws/src/build/my_package
[8.005s] running install_data
[8.197s] Invoked command in '/home/pi/ws/src/build/my_package' returned '0': PYTHONPATH=/home/pi/ws/src/build/my_package/prefix_override:/home/pi/ws/src/install/my_package/lib/python3.10/site-packages:${PYTHONPATH} /usr/bin/python3 setup.py develop --editable --build-directory /home/pi/ws/src/build/my_package/build --no-deps install_data
