[5.901s] Invoking command in '/home/pi/ws/src/build/amr': PYTHONPATH=/home/pi/ws/src/build/amr/prefix_override:/home/pi/ws/src/install/amr/lib/python3.10/site-packages:${PYTHONPATH} /usr/bin/python3 setup.py develop --editable --build-directory /home/pi/ws/src/build/amr/build --no-deps install_data
[7.358s] running develop
[7.361s] /usr/lib/python3/dist-packages/setuptools/command/easy_install.py:158: EasyInstallDeprecationWarning: easy_install command is deprecated. Use build and pip and other standards-based tools.
[7.362s]   warnings.warn(
[7.364s] /usr/lib/python3/dist-packages/setuptools/command/install.py:34: SetuptoolsDeprecationWarning: setup.py install is deprecated. Use build and pip and other standards-based tools.
[7.365s]   warnings.warn(
[8.317s] running egg_info
[8.319s] writing amr.egg-info/PKG-INFO
[8.322s] writing dependency_links to amr.egg-info/dependency_links.txt
[8.324s] writing entry points to amr.egg-info/entry_points.txt
[8.326s] writing requirements to amr.egg-info/requires.txt
[8.326s] writing top-level names to amr.egg-info/top_level.txt
[8.339s] reading manifest file 'amr.egg-info/SOURCES.txt'
[8.339s] writing manifest file 'amr.egg-info/SOURCES.txt'
[8.344s] running build_ext
[8.345s] Creating /home/pi/ws/src/install/amr/lib/python3.10/site-packages/amr.egg-link (link to .)
[8.351s] Installing UI_plotting script to /home/pi/ws/src/install/amr/lib/amr
[8.357s] Installing hardware_interface script to /home/pi/ws/src/install/amr/lib/amr
[8.359s] Installing simple_publisher script to /home/pi/ws/src/install/amr/lib/amr
[8.361s] Installing simple_publisher_step script to /home/pi/ws/src/install/amr/lib/amr
[8.363s] Installing simple_subscriber script to /home/pi/ws/src/install/amr/lib/amr
[8.365s] 
[8.368s] Installed /home/pi/ws/src/build/amr
[8.371s] running install_data
[8.905s] Invoked command in '/home/pi/ws/src/build/amr' returned '0': PYTHONPATH=/home/pi/ws/src/build/amr/prefix_override:/home/pi/ws/src/install/amr/lib/python3.10/site-packages:${PYTHONPATH} /usr/bin/python3 setup.py develop --editable --build-directory /home/pi/ws/src/build/amr/build --no-deps install_data
