[5.865s] Invoking command in '/home/pi/ws/src/build/amr': PYTHONPATH=/home/pi/ws/src/build/amr/prefix_override:/home/pi/ws/src/install/amr/lib/python3.10/site-packages:${PYTHONPATH} /usr/bin/python3 setup.py develop --editable --build-directory /home/pi/ws/src/build/amr/build --no-deps install_data
[7.287s] running develop
[7.289s] /usr/lib/python3/dist-packages/setuptools/command/easy_install.py:158: EasyInstallDeprecationWarning: easy_install command is deprecated. Use build and pip and other standards-based tools.
[7.290s]   warnings.warn(
[7.294s] /usr/lib/python3/dist-packages/setuptools/command/install.py:34: SetuptoolsDeprecationWarning: setup.py install is deprecated. Use build and pip and other standards-based tools.
[7.295s]   warnings.warn(
[8.214s] running egg_info
[8.215s] writing amr.egg-info/PKG-INFO
[8.216s] writing dependency_links to amr.egg-info/dependency_links.txt
[8.218s] writing entry points to amr.egg-info/entry_points.txt
[8.219s] writing requirements to amr.egg-info/requires.txt
[8.221s] writing top-level names to amr.egg-info/top_level.txt
[8.232s] reading manifest file 'amr.egg-info/SOURCES.txt'
[8.236s] writing manifest file 'amr.egg-info/SOURCES.txt'
[8.244s] running build_ext
[8.246s] Creating /home/pi/ws/src/install/amr/lib/python3.10/site-packages/amr.egg-link (link to .)
[8.254s] Installing UI_plotting script to /home/pi/ws/src/install/amr/lib/amr
[8.255s] Installing hardware_interface script to /home/pi/ws/src/install/amr/lib/amr
[8.256s] Installing simple_publisher script to /home/pi/ws/src/install/amr/lib/amr
[8.257s] Installing simple_publisher_step script to /home/pi/ws/src/install/amr/lib/amr
[8.259s] Installing simple_subscriber script to /home/pi/ws/src/install/amr/lib/amr
[8.260s] 
[8.266s] Installed /home/pi/ws/src/build/amr
[8.267s] running install_data
[8.452s] Invoked command in '/home/pi/ws/src/build/amr' returned '0': PYTHONPATH=/home/pi/ws/src/build/amr/prefix_override:/home/pi/ws/src/install/amr/lib/python3.10/site-packages:${PYTHONPATH} /usr/bin/python3 setup.py develop --editable --build-directory /home/pi/ws/src/build/amr/build --no-deps install_data
