[5.660s] Invoking command in '/home/pi/ws/src/build/my_package': PYTHONPATH=/home/pi/ws/src/build/my_package/prefix_override:/home/pi/ws/src/install/my_package/lib/python3.10/site-packages:${PYTHONPATH} /usr/bin/python3 setup.py develop --editable --build-directory /home/pi/ws/src/build/my_package/build --no-deps install_data
[7.111s] running develop
[7.114s] /usr/lib/python3/dist-packages/setuptools/command/easy_install.py:158: EasyInstallDeprecationWarning: easy_install command is deprecated. Use build and pip and other standards-based tools.
[7.118s]   warnings.warn(
[7.120s] /usr/lib/python3/dist-packages/setuptools/command/install.py:34: SetuptoolsDeprecationWarning: setup.py install is deprecated. Use build and pip and other standards-based tools.
[7.123s]   warnings.warn(
[8.076s] running egg_info
[8.077s] writing my_package.egg-info/PKG-INFO
[8.081s] writing dependency_links to my_package.egg-info/dependency_links.txt
[8.083s] writing entry points to my_package.egg-info/entry_points.txt
[8.084s] writing requirements to my_package.egg-info/requires.txt
[8.084s] writing top-level names to my_package.egg-info/top_level.txt
[8.092s] reading manifest file 'my_package.egg-info/SOURCES.txt'
[8.102s] writing manifest file 'my_package.egg-info/SOURCES.txt'
[8.112s] running build_ext
[8.115s] Creating /home/pi/ws/src/install/my_package/lib/python3.10/site-packages/my-package.egg-link (link to .)
[8.123s] Installing logging_demo script to /home/pi/ws/src/install/my_package/lib/my_package
[8.128s] Installing simple_publisher script to /home/pi/ws/src/install/my_package/lib/my_package
[8.132s] Installing simple_subscriber script to /home/pi/ws/src/install/my_package/lib/my_package
[8.137s] 
[8.142s] Installed /home/pi/ws/src/build/my_package
[8.144s] running install_data
[8.638s] Invoked command in '/home/pi/ws/src/build/my_package' returned '0': PYTHONPATH=/home/pi/ws/src/build/my_package/prefix_override:/home/pi/ws/src/install/my_package/lib/python3.10/site-packages:${PYTHONPATH} /usr/bin/python3 setup.py develop --editable --build-directory /home/pi/ws/src/build/my_package/build --no-deps install_data
