[8.295s] Invoking command in '/home/pi/ws/src/build/amr': PYTHONPATH=/home/pi/ws/src/build/amr/prefix_override:/home/pi/ws/src/install/amr/lib/python3.10/site-packages:${PYTHONPATH} /usr/bin/python3 setup.py develop --editable --build-directory /home/pi/ws/src/build/amr/build --no-deps install_data
[9.776s] running develop
[9.778s] /usr/lib/python3/dist-packages/setuptools/command/easy_install.py:158: EasyInstallDeprecationWarning: easy_install command is deprecated. Use build and pip and other standards-based tools.
[9.779s]   warnings.warn(
[9.788s] /usr/lib/python3/dist-packages/setuptools/command/install.py:34: SetuptoolsDeprecationWarning: setup.py install is deprecated. Use build and pip and other standards-based tools.
[9.789s]   warnings.warn(
[10.686s] running egg_info
[10.687s] writing amr.egg-info/PKG-INFO
[10.688s] writing dependency_links to amr.egg-info/dependency_links.txt
[10.689s] writing entry points to amr.egg-info/entry_points.txt
[10.690s] writing requirements to amr.egg-info/requires.txt
[10.692s] writing top-level names to amr.egg-info/top_level.txt
[10.701s] reading manifest file 'amr.egg-info/SOURCES.txt'
[10.706s] writing manifest file 'amr.egg-info/SOURCES.txt'
[10.714s] running build_ext
[10.715s] Creating /home/pi/ws/src/install/amr/lib/python3.10/site-packages/amr.egg-link (link to .)
[10.720s] Installing UI_plotting script to /home/pi/ws/src/install/amr/lib/amr
[10.722s] Installing UI_plotting_2 script to /home/pi/ws/src/install/amr/lib/amr
[10.723s] Installing control_pathway_generation script to /home/pi/ws/src/install/amr/lib/amr
[10.724s] Installing hardware_interface script to /home/pi/ws/src/install/amr/lib/amr
[10.725s] Installing simple_publisher script to /home/pi/ws/src/install/amr/lib/amr
[10.728s] Installing simple_publisher_step script to /home/pi/ws/src/install/amr/lib/amr
[10.731s] Installing simple_subscriber script to /home/pi/ws/src/install/amr/lib/amr
[10.735s] 
[10.742s] Installed /home/pi/ws/src/build/amr
[10.751s] running install_data
[10.936s] Invoked command in '/home/pi/ws/src/build/amr' returned '0': PYTHONPATH=/home/pi/ws/src/build/amr/prefix_override:/home/pi/ws/src/install/amr/lib/python3.10/site-packages:${PYTHONPATH} /usr/bin/python3 setup.py develop --editable --build-directory /home/pi/ws/src/build/amr/build --no-deps install_data
