running develop
running egg_info
writing amr.egg-info/PKG-INFO
writing dependency_links to amr.egg-info/dependency_links.txt
writing entry points to amr.egg-info/entry_points.txt
writing requirements to amr.egg-info/requires.txt
writing top-level names to amr.egg-info/top_level.txt
reading manifest file 'amr.egg-info/SOURCES.txt'
writing manifest file 'amr.egg-info/SOURCES.txt'
running build_ext
Creating /home/pi/ws/src/install/amr/lib/python3.10/site-packages/amr.egg-link (link to .)
Installing angle_control_with_jacobian_solver script to /home/pi/ws/src/install/amr/lib/amr
Installing command_pathway_generation script to /home/pi/ws/src/install/amr/lib/amr
Installing hardware_interface script to /home/pi/ws/src/install/amr/lib/amr
Installing speed_control_with_jacobian script to /home/pi/ws/src/install/amr/lib/amr
Installing test_node script to /home/pi/ws/src/install/amr/lib/amr
Installing ui_plotting script to /home/pi/ws/src/install/amr/lib/amr
Installing ui_send_target script to /home/pi/ws/src/install/amr/lib/amr
Installing ui_send_target_for_pathway script to /home/pi/ws/src/install/amr/lib/amr

Installed /home/pi/ws/src/build/amr
running install_data
