[6.656s] Invoking command in '/home/pi/ws/src/build/amr': PYTHONPATH=/home/pi/ws/src/build/amr/prefix_override:/home/pi/ws/src/install/amr/lib/python3.10/site-packages:${PYTHONPATH} /usr/bin/python3 setup.py develop --editable --build-directory /home/pi/ws/src/build/amr/build --no-deps install_data
[8.147s] running develop
[8.149s] /usr/lib/python3/dist-packages/setuptools/command/easy_install.py:158: EasyInstallDeprecationWarning: easy_install command is deprecated. Use build and pip and other standards-based tools.
[8.150s]   warnings.warn(
[8.155s] /usr/lib/python3/dist-packages/setuptools/command/install.py:34: SetuptoolsDeprecationWarning: setup.py install is deprecated. Use build and pip and other standards-based tools.
[8.156s]   warnings.warn(
[9.078s] running egg_info
[9.079s] writing amr.egg-info/PKG-INFO
[9.081s] writing dependency_links to amr.egg-info/dependency_links.txt
[9.082s] writing entry points to amr.egg-info/entry_points.txt
[9.083s] writing requirements to amr.egg-info/requires.txt
[9.084s] writing top-level names to amr.egg-info/top_level.txt
[9.096s] reading manifest file 'amr.egg-info/SOURCES.txt'
[9.125s] writing manifest file 'amr.egg-info/SOURCES.txt'
[9.134s] running build_ext
[9.136s] Creating /home/pi/ws/src/install/amr/lib/python3.10/site-packages/amr.egg-link (link to .)
[9.137s] Installing angle_control_with_jacobian_solver script to /home/pi/ws/src/install/amr/lib/amr
[9.139s] Installing command_pathway_generation script to /home/pi/ws/src/install/amr/lib/amr
[9.141s] Installing hardware_interface script to /home/pi/ws/src/install/amr/lib/amr
[9.147s] Installing speed_control_with_jacobian script to /home/pi/ws/src/install/amr/lib/amr
[9.154s] Installing test_node script to /home/pi/ws/src/install/amr/lib/amr
[9.156s] Installing ui_plotting script to /home/pi/ws/src/install/amr/lib/amr
[9.159s] Installing ui_send_target script to /home/pi/ws/src/install/amr/lib/amr
[9.161s] Installing ui_send_target_for_pathway script to /home/pi/ws/src/install/amr/lib/amr
[9.163s] 
[9.165s] Installed /home/pi/ws/src/build/amr
[9.168s] running install_data
[9.672s] Invoked command in '/home/pi/ws/src/build/amr' returned '0': PYTHONPATH=/home/pi/ws/src/build/amr/prefix_override:/home/pi/ws/src/install/amr/lib/python3.10/site-packages:${PYTHONPATH} /usr/bin/python3 setup.py develop --editable --build-directory /home/pi/ws/src/build/amr/build --no-deps install_data
