[5.910s] Invoking command in '/home/pi/ws/src/build/amr': PYTHONPATH=/home/pi/ws/src/build/amr/prefix_override:/home/pi/ws/src/install/amr/lib/python3.10/site-packages:${PYTHONPATH} /usr/bin/python3 setup.py develop --editable --build-directory /home/pi/ws/src/build/amr/build --no-deps install_data
[7.411s] running develop
[7.414s] /usr/lib/python3/dist-packages/setuptools/command/easy_install.py:158: EasyInstallDeprecationWarning: easy_install command is deprecated. Use build and pip and other standards-based tools.
[7.417s]   warnings.warn(
[7.431s] /usr/lib/python3/dist-packages/setuptools/command/install.py:34: SetuptoolsDeprecationWarning: setup.py install is deprecated. Use build and pip and other standards-based tools.
[7.434s]   warnings.warn(
[8.592s] running egg_info
[8.600s] writing amr.egg-info/PKG-INFO
[8.607s] writing dependency_links to amr.egg-info/dependency_links.txt
[8.611s] writing entry points to amr.egg-info/entry_points.txt
[8.616s] writing requirements to amr.egg-info/requires.txt
[8.619s] writing top-level names to amr.egg-info/top_level.txt
[8.625s] reading manifest file 'amr.egg-info/SOURCES.txt'
[8.628s] writing manifest file 'amr.egg-info/SOURCES.txt'
[8.637s] running build_ext
[8.641s] Creating /home/pi/ws/src/install/amr/lib/python3.10/site-packages/amr.egg-link (link to .)
[8.656s] Installing UI_plotting script to /home/pi/ws/src/install/amr/lib/amr
[8.662s] Installing hardware_interface script to /home/pi/ws/src/install/amr/lib/amr
[8.667s] Installing simple_publisher script to /home/pi/ws/src/install/amr/lib/amr
[8.673s] Installing simple_publisher_step script to /home/pi/ws/src/install/amr/lib/amr
[8.679s] Installing simple_subscriber script to /home/pi/ws/src/install/amr/lib/amr
[8.685s] 
[8.691s] Installed /home/pi/ws/src/build/amr
[8.697s] running install_data
[9.305s] Invoked command in '/home/pi/ws/src/build/amr' returned '0': PYTHONPATH=/home/pi/ws/src/build/amr/prefix_override:/home/pi/ws/src/install/amr/lib/python3.10/site-packages:${PYTHONPATH} /usr/bin/python3 setup.py develop --editable --build-directory /home/pi/ws/src/build/amr/build --no-deps install_data
