running develop
running egg_info
creating amr.egg-info
writing amr.egg-info/PKG-INFO
writing dependency_links to amr.egg-info/dependency_links.txt
writing entry points to amr.egg-info/entry_points.txt
writing requirements to amr.egg-info/requires.txt
writing top-level names to amr.egg-info/top_level.txt
writing manifest file 'amr.egg-info/SOURCES.txt'
reading manifest file 'amr.egg-info/SOURCES.txt'
writing manifest file 'amr.egg-info/SOURCES.txt'
running build_ext
Creating /home/pi/ws/src/install/amr/lib/python3.10/site-packages/amr.egg-link (link to .)
Installing hardware_interface script to /home/pi/ws/src/install/amr/lib/amr
Installing simple_publisher script to /home/pi/ws/src/install/amr/lib/amr
Installing simple_publisher_step script to /home/pi/ws/src/install/amr/lib/amr
Installing simple_subscriber script to /home/pi/ws/src/install/amr/lib/amr

Installed /home/pi/ws/src/build/amr
running install_data
creating /home/pi/ws/src/install/amr/share/ament_index
creating /home/pi/ws/src/install/amr/share/ament_index/resource_index
creating /home/pi/ws/src/install/amr/share/ament_index/resource_index/packages
copying resource/amr -> /home/pi/ws/src/install/amr/share/ament_index/resource_index/packages
copying package.xml -> /home/pi/ws/src/install/amr/share/amr
