[6.977s] Invoking command in '/home/pi/ws/src/build/amr': PYTHONPATH=/home/pi/ws/src/build/amr/prefix_override:/home/pi/ws/src/install/amr/lib/python3.10/site-packages:${PYTHONPATH} /usr/bin/python3 setup.py develop --editable --build-directory /home/pi/ws/src/build/amr/build --no-deps install_data
[8.759s] running develop
[8.763s] /usr/lib/python3/dist-packages/setuptools/command/easy_install.py:158: EasyInstallDeprecationWarning: easy_install command is deprecated. Use build and pip and other standards-based tools.
[8.764s]   warnings.warn(
[8.772s] /usr/lib/python3/dist-packages/setuptools/command/install.py:34: SetuptoolsDeprecationWarning: setup.py install is deprecated. Use build and pip and other standards-based tools.
[8.773s]   warnings.warn(
[9.972s] running egg_info
[9.973s] creating amr.egg-info
[9.975s] writing amr.egg-info/PKG-INFO
[9.977s] writing dependency_links to amr.egg-info/dependency_links.txt
[9.978s] writing entry points to amr.egg-info/entry_points.txt
[9.983s] writing requirements to amr.egg-info/requires.txt
[9.984s] writing top-level names to amr.egg-info/top_level.txt
[9.990s] writing manifest file 'amr.egg-info/SOURCES.txt'
[10.002s] reading manifest file 'amr.egg-info/SOURCES.txt'
[10.006s] writing manifest file 'amr.egg-info/SOURCES.txt'
[10.022s] running build_ext
[10.023s] Creating /home/pi/ws/src/install/amr/lib/python3.10/site-packages/amr.egg-link (link to .)
[10.032s] Installing hardware_interface script to /home/pi/ws/src/install/amr/lib/amr
[10.039s] Installing simple_publisher script to /home/pi/ws/src/install/amr/lib/amr
[10.045s] Installing simple_publisher_step script to /home/pi/ws/src/install/amr/lib/amr
[10.049s] Installing simple_subscriber script to /home/pi/ws/src/install/amr/lib/amr
[10.058s] 
[10.062s] Installed /home/pi/ws/src/build/amr
[10.068s] running install_data
[10.072s] creating /home/pi/ws/src/install/amr/share/ament_index
[10.084s] creating /home/pi/ws/src/install/amr/share/ament_index/resource_index
[10.087s] creating /home/pi/ws/src/install/amr/share/ament_index/resource_index/packages
[10.089s] copying resource/amr -> /home/pi/ws/src/install/amr/share/ament_index/resource_index/packages
[10.091s] copying package.xml -> /home/pi/ws/src/install/amr/share/amr
[10.804s] Invoked command in '/home/pi/ws/src/build/amr' returned '0': PYTHONPATH=/home/pi/ws/src/build/amr/prefix_override:/home/pi/ws/src/install/amr/lib/python3.10/site-packages:${PYTHONPATH} /usr/bin/python3 setup.py develop --editable --build-directory /home/pi/ws/src/build/amr/build --no-deps install_data
