[6.487s] Invoking command in '/home/pi/ws/src/build/amr': PYTHONPATH=/home/pi/ws/src/build/amr/prefix_override:/home/pi/ws/src/install/amr/lib/python3.10/site-packages:${PYTHONPATH} /usr/bin/python3 setup.py develop --editable --build-directory /home/pi/ws/src/build/amr/build --no-deps install_data
[7.935s] running develop
[7.937s] /usr/lib/python3/dist-packages/setuptools/command/easy_install.py:158: EasyInstallDeprecationWarning: easy_install command is deprecated. Use build and pip and other standards-based tools.
[7.939s]   warnings.warn(
[7.945s] /usr/lib/python3/dist-packages/setuptools/command/install.py:34: SetuptoolsDeprecationWarning: setup.py install is deprecated. Use build and pip and other standards-based tools.
[7.946s]   warnings.warn(
[8.921s] running egg_info
[8.924s] writing amr.egg-info/PKG-INFO
[8.926s] writing dependency_links to amr.egg-info/dependency_links.txt
[8.929s] writing entry points to amr.egg-info/entry_points.txt
[8.930s] writing requirements to amr.egg-info/requires.txt
[8.933s] writing top-level names to amr.egg-info/top_level.txt
[8.941s] reading manifest file 'amr.egg-info/SOURCES.txt'
[8.949s] writing manifest file 'amr.egg-info/SOURCES.txt'
[8.961s] running build_ext
[8.962s] Creating /home/pi/ws/src/install/amr/lib/python3.10/site-packages/amr.egg-link (link to .)
[8.964s] Installing UI_plotting = amr.UI_plotting:mainUI_plotting_2 script to /home/pi/ws/src/install/amr/lib/amr
[8.965s] Installing hardware_interface script to /home/pi/ws/src/install/amr/lib/amr
[8.966s] Installing simple_publisher script to /home/pi/ws/src/install/amr/lib/amr
[8.971s] Installing simple_publisher_step script to /home/pi/ws/src/install/amr/lib/amr
[8.972s] Installing simple_subscriber script to /home/pi/ws/src/install/amr/lib/amr
[8.975s] 
[8.979s] Installed /home/pi/ws/src/build/amr
[8.983s] running install_data
[9.240s] Invoked command in '/home/pi/ws/src/build/amr' returned '0': PYTHONPATH=/home/pi/ws/src/build/amr/prefix_override:/home/pi/ws/src/install/amr/lib/python3.10/site-packages:${PYTHONPATH} /usr/bin/python3 setup.py develop --editable --build-directory /home/pi/ws/src/build/amr/build --no-deps install_data
