running develop
/usr/lib/python3/dist-packages/setuptools/command/easy_install.py:158: EasyInstallDeprecationWarning: easy_install command is deprecated. Use build and pip and other standards-based tools.
  warnings.warn(
/usr/lib/python3/dist-packages/setuptools/command/install.py:34: SetuptoolsDeprecationWarning: setup.py install is deprecated. Use build and pip and other standards-based tools.
  warnings.warn(
running egg_info
creating amr.egg-info
writing amr.egg-info/PKG-INFO
writing dependency_links to amr.egg-info/dependency_links.txt
writing entry points to amr.egg-info/entry_points.txt
writing requirements to amr.egg-info/requires.txt
writing top-level names to amr.egg-info/top_level.txt
writing manifest file 'amr.egg-info/SOURCES.txt'
reading manifest file 'amr.egg-info/SOURCES.txt'
writing manifest file 'amr.egg-info/SOURCES.txt'
running build_ext
Creating /home/pi/ws/src/amr/install/amr/lib/python3.10/site-packages/amr.egg-link (link to .)
Installing angle_control_with_jacobian_solver script to /home/pi/ws/src/amr/install/amr/lib/amr
Installing command_pathway_generation script to /home/pi/ws/src/amr/install/amr/lib/amr
Installing hardware_interface script to /home/pi/ws/src/amr/install/amr/lib/amr
Installing hardware_interface_motor_only script to /home/pi/ws/src/amr/install/amr/lib/amr
Installing micro_pid_angle_control script to /home/pi/ws/src/amr/install/amr/lib/amr
Installing micro_pid_velocity_control script to /home/pi/ws/src/amr/install/amr/lib/amr
Installing speed_control_in_null_space script to /home/pi/ws/src/amr/install/amr/lib/amr
Installing speed_control_with_jacobian script to /home/pi/ws/src/amr/install/amr/lib/amr
Installing test_node script to /home/pi/ws/src/amr/install/amr/lib/amr
Installing ui_plotting script to /home/pi/ws/src/amr/install/amr/lib/amr
Installing ui_send_target script to /home/pi/ws/src/amr/install/amr/lib/amr
Installing ui_send_target_for_one_motor script to /home/pi/ws/src/amr/install/amr/lib/amr
Installing ui_send_target_for_pathway script to /home/pi/ws/src/amr/install/amr/lib/amr

Installed /home/pi/ws/src/amr/build/amr
running install_data
creating /home/pi/ws/src/amr/install/amr/share/ament_index
creating /home/pi/ws/src/amr/install/amr/share/ament_index/resource_index
creating /home/pi/ws/src/amr/install/amr/share/ament_index/resource_index/packages
copying resource/amr -> /home/pi/ws/src/amr/install/amr/share/ament_index/resource_index/packages
copying package.xml -> /home/pi/ws/src/amr/install/amr/share/amr
