[3.741s] Invoking command in '/home/pi/ws/src/amr/build/amr': PYTHONPATH=/home/pi/ws/src/amr/build/amr/prefix_override:/home/pi/ws/src/amr/install/amr/lib/python3.10/site-packages:${PYTHONPATH} /usr/bin/python3 setup.py develop --editable --build-directory /home/pi/ws/src/amr/build/amr/build --no-deps install_data
[5.151s] running develop
[5.153s] /usr/lib/python3/dist-packages/setuptools/command/easy_install.py:158: EasyInstallDeprecationWarning: easy_install command is deprecated. Use build and pip and other standards-based tools.
[5.153s]   warnings.warn(
[5.158s] /usr/lib/python3/dist-packages/setuptools/command/install.py:34: SetuptoolsDeprecationWarning: setup.py install is deprecated. Use build and pip and other standards-based tools.
[5.158s]   warnings.warn(
[5.911s] running egg_info
[5.911s] creating amr.egg-info
[5.912s] writing amr.egg-info/PKG-INFO
[5.913s] writing dependency_links to amr.egg-info/dependency_links.txt
[5.914s] writing entry points to amr.egg-info/entry_points.txt
[5.915s] writing requirements to amr.egg-info/requires.txt
[5.916s] writing top-level names to amr.egg-info/top_level.txt
[5.917s] writing manifest file 'amr.egg-info/SOURCES.txt'
[5.925s] reading manifest file 'amr.egg-info/SOURCES.txt'
[5.928s] writing manifest file 'amr.egg-info/SOURCES.txt'
[5.936s] running build_ext
[5.938s] Creating /home/pi/ws/src/amr/install/amr/lib/python3.10/site-packages/amr.egg-link (link to .)
[5.944s] Installing angle_control_with_jacobian_solver script to /home/pi/ws/src/amr/install/amr/lib/amr
[5.946s] Installing command_pathway_generation script to /home/pi/ws/src/amr/install/amr/lib/amr
[5.947s] Installing hardware_interface script to /home/pi/ws/src/amr/install/amr/lib/amr
[5.948s] Installing hardware_interface_motor_only script to /home/pi/ws/src/amr/install/amr/lib/amr
[5.950s] Installing micro_pid_angle_control script to /home/pi/ws/src/amr/install/amr/lib/amr
[5.952s] Installing micro_pid_velocity_control script to /home/pi/ws/src/amr/install/amr/lib/amr
[5.953s] Installing speed_control_in_null_space script to /home/pi/ws/src/amr/install/amr/lib/amr
[5.954s] Installing speed_control_with_jacobian script to /home/pi/ws/src/amr/install/amr/lib/amr
[5.955s] Installing test_node script to /home/pi/ws/src/amr/install/amr/lib/amr
[5.956s] Installing ui_plotting script to /home/pi/ws/src/amr/install/amr/lib/amr
[5.957s] Installing ui_send_target script to /home/pi/ws/src/amr/install/amr/lib/amr
[5.960s] Installing ui_send_target_for_one_motor script to /home/pi/ws/src/amr/install/amr/lib/amr
[5.961s] Installing ui_send_target_for_pathway script to /home/pi/ws/src/amr/install/amr/lib/amr
[5.962s] 
[5.962s] Installed /home/pi/ws/src/amr/build/amr
[5.963s] running install_data
[5.965s] creating /home/pi/ws/src/amr/install/amr/share/ament_index
[5.966s] creating /home/pi/ws/src/amr/install/amr/share/ament_index/resource_index
[5.967s] creating /home/pi/ws/src/amr/install/amr/share/ament_index/resource_index/packages
[5.970s] copying resource/amr -> /home/pi/ws/src/amr/install/amr/share/ament_index/resource_index/packages
[5.973s] copying package.xml -> /home/pi/ws/src/amr/install/amr/share/amr
[6.146s] Invoked command in '/home/pi/ws/src/amr/build/amr' returned '0': PYTHONPATH=/home/pi/ws/src/amr/build/amr/prefix_override:/home/pi/ws/src/amr/install/amr/lib/python3.10/site-packages:${PYTHONPATH} /usr/bin/python3 setup.py develop --editable --build-directory /home/pi/ws/src/amr/build/amr/build --no-deps install_data
