[6.148s] Invoking command in '/home/pi/ws/src/build/my_package': PYTHONPATH=/home/pi/ws/src/build/my_package/prefix_override:/home/pi/ws/src/install/my_package/lib/python3.10/site-packages:${PYTHONPATH} /usr/bin/python3 setup.py develop --editable --build-directory /home/pi/ws/src/build/my_package/build --no-deps install_data
[7.581s] running develop
[7.583s] /usr/lib/python3/dist-packages/setuptools/command/easy_install.py:158: EasyInstallDeprecationWarning: easy_install command is deprecated. Use build and pip and other standards-based tools.
[7.584s]   warnings.warn(
[7.589s] /usr/lib/python3/dist-packages/setuptools/command/install.py:34: SetuptoolsDeprecationWarning: setup.py install is deprecated. Use build and pip and other standards-based tools.
[7.589s]   warnings.warn(
[8.572s] running egg_info
[8.574s] writing my_package.egg-info/PKG-INFO
[8.576s] writing dependency_links to my_package.egg-info/dependency_links.txt
[8.580s] writing entry points to my_package.egg-info/entry_points.txt
[8.581s] writing requirements to my_package.egg-info/requires.txt
[8.588s] writing top-level names to my_package.egg-info/top_level.txt
[8.597s] reading manifest file 'my_package.egg-info/SOURCES.txt'
[8.615s] writing manifest file 'my_package.egg-info/SOURCES.txt'
[8.628s] running build_ext
[8.632s] Creating /home/pi/ws/src/install/my_package/lib/python3.10/site-packages/my-package.egg-link (link to .)
[8.644s] Installing logging_demo script to /home/pi/ws/src/install/my_package/lib/my_package
[8.646s] Installing simple_publisher script to /home/pi/ws/src/install/my_package/lib/my_package
[8.648s] Installing simple_subscriber script to /home/pi/ws/src/install/my_package/lib/my_package
[8.650s] 
[8.652s] Installed /home/pi/ws/src/build/my_package
[8.653s] running install_data
[9.686s] Invoked command in '/home/pi/ws/src/build/my_package' returned '0': PYTHONPATH=/home/pi/ws/src/build/my_package/prefix_override:/home/pi/ws/src/install/my_package/lib/python3.10/site-packages:${PYTHONPATH} /usr/bin/python3 setup.py develop --editable --build-directory /home/pi/ws/src/build/my_package/build --no-deps install_data
