[4.934s] DEBUG:colcon:Command line arguments: ['/usr/bin/colcon', 'build', '--symlink-install']
[4.934s] DEBUG:colcon:Parsed command line arguments: Namespace(log_base=None, log_level=None, verb_name='build', build_base='build', install_base='install', merge_install=False, symlink_install=True, test_result_base=None, continue_on_error=False, executor='parallel', parallel_workers=4, event_handlers=None, ignore_user_meta=False, metas=['./colcon.meta'], base_paths=['.'], packages_ignore=None, packages_ignore_regex=None, paths=None, packages_up_to=None, packages_up_to_regex=None, packages_above=None, packages_above_and_dependencies=None, packages_above_depth=None, packages_select_by_dep=None, packages_skip_by_dep=None, packages_skip_up_to=None, packages_select_build_failed=False, packages_skip_build_finished=False, packages_select_test_failures=False, packages_skip_test_passed=False, packages_select=None, packages_skip=None, packages_select_regex=None, packages_skip_regex=None, packages_start=None, packages_end=None, allow_overriding=[], cmake_args=None, cmake_target=None, cmake_target_skip_unavailable=False, cmake_clean_cache=False, cmake_clean_first=False, cmake_force_configure=False, ament_cmake_args=None, catkin_cmake_args=None, catkin_skip_building_tests=False, verb_parser=<colcon_defaults.argument_parser.defaults.DefaultArgumentsDecorator object at 0xffff90a0a560>, verb_extension=<colcon_core.verb.build.BuildVerb object at 0xffff90cf28f0>, main=<bound method BuildVerb.main of <colcon_core.verb.build.BuildVerb object at 0xffff90cf28f0>>)
[5.159s] Level 1:colcon.colcon_core.package_discovery:discover_packages(colcon_meta) check parameters
[5.159s] Level 1:colcon.colcon_core.package_discovery:discover_packages(recursive) check parameters
[5.159s] Level 1:colcon.colcon_core.package_discovery:discover_packages(ignore) check parameters
[5.160s] Level 1:colcon.colcon_core.package_discovery:discover_packages(path) check parameters
[5.160s] Level 1:colcon.colcon_core.package_discovery:discover_packages(colcon_meta) discover
[5.160s] Level 1:colcon.colcon_core.package_discovery:discover_packages(recursive) discover
[5.160s] INFO:colcon.colcon_core.package_discovery:Crawling recursively for packages in '/home/pi/ws/src'
[5.161s] Level 1:colcon.colcon_core.package_identification:_identify(.) by extensions ['ignore', 'ignore_ament_install']
[5.161s] Level 1:colcon.colcon_core.package_identification:_identify(.) by extension 'ignore'
[5.162s] Level 1:colcon.colcon_core.package_identification:_identify(.) by extension 'ignore_ament_install'
[5.162s] Level 1:colcon.colcon_core.package_identification:_identify(.) by extensions ['colcon_pkg']
[5.162s] Level 1:colcon.colcon_core.package_identification:_identify(.) by extension 'colcon_pkg'
[5.162s] Level 1:colcon.colcon_core.package_identification:_identify(.) by extensions ['colcon_meta']
[5.163s] Level 1:colcon.colcon_core.package_identification:_identify(.) by extension 'colcon_meta'
[5.163s] Level 1:colcon.colcon_core.package_identification:_identify(.) by extensions ['ros']
[5.163s] Level 1:colcon.colcon_core.package_identification:_identify(.) by extension 'ros'
[5.218s] Level 1:colcon.colcon_core.package_identification:_identify(.) by extensions ['cmake', 'python']
[5.218s] Level 1:colcon.colcon_core.package_identification:_identify(.) by extension 'cmake'
[5.218s] Level 1:colcon.colcon_core.package_identification:_identify(.) by extension 'python'
[5.218s] Level 1:colcon.colcon_core.package_identification:_identify(.) by extensions ['python_setup_py']
[5.219s] Level 1:colcon.colcon_core.package_identification:_identify(.) by extension 'python_setup_py'
[5.219s] Level 1:colcon.colcon_core.package_identification:_identify(amr) by extensions ['ignore', 'ignore_ament_install']
[5.220s] Level 1:colcon.colcon_core.package_identification:_identify(amr) by extension 'ignore'
[5.220s] Level 1:colcon.colcon_core.package_identification:_identify(amr) by extension 'ignore_ament_install'
[5.220s] Level 1:colcon.colcon_core.package_identification:_identify(amr) by extensions ['colcon_pkg']
[5.221s] Level 1:colcon.colcon_core.package_identification:_identify(amr) by extension 'colcon_pkg'
[5.221s] Level 1:colcon.colcon_core.package_identification:_identify(amr) by extensions ['colcon_meta']
[5.221s] Level 1:colcon.colcon_core.package_identification:_identify(amr) by extension 'colcon_meta'
[5.221s] Level 1:colcon.colcon_core.package_identification:_identify(amr) by extensions ['ros']
[5.222s] Level 1:colcon.colcon_core.package_identification:_identify(amr) by extension 'ros'
[5.232s] DEBUG:colcon.colcon_core.package_identification:Package 'amr' with type 'ros.ament_python' and name 'amr'
[5.232s] Level 1:colcon.colcon_core.package_identification:_identify(build) by extensions ['ignore', 'ignore_ament_install']
[5.233s] Level 1:colcon.colcon_core.package_identification:_identify(build) by extension 'ignore'
[5.233s] Level 1:colcon.colcon_core.package_identification:_identify(build) ignored
[5.234s] Level 1:colcon.colcon_core.package_identification:_identify(install) by extensions ['ignore', 'ignore_ament_install']
[5.234s] Level 1:colcon.colcon_core.package_identification:_identify(install) by extension 'ignore'
[5.235s] Level 1:colcon.colcon_core.package_identification:_identify(install) ignored
[5.235s] Level 1:colcon.colcon_core.package_identification:_identify(log) by extensions ['ignore', 'ignore_ament_install']
[5.236s] Level 1:colcon.colcon_core.package_identification:_identify(log) by extension 'ignore'
[5.236s] Level 1:colcon.colcon_core.package_identification:_identify(log) ignored
[5.237s] Level 1:colcon.colcon_core.package_identification:_identify(my_package) by extensions ['ignore', 'ignore_ament_install']
[5.237s] Level 1:colcon.colcon_core.package_identification:_identify(my_package) by extension 'ignore'
[5.237s] Level 1:colcon.colcon_core.package_identification:_identify(my_package) by extension 'ignore_ament_install'
[5.238s] Level 1:colcon.colcon_core.package_identification:_identify(my_package) by extensions ['colcon_pkg']
[5.238s] Level 1:colcon.colcon_core.package_identification:_identify(my_package) by extension 'colcon_pkg'
[5.238s] Level 1:colcon.colcon_core.package_identification:_identify(my_package) by extensions ['colcon_meta']
[5.238s] Level 1:colcon.colcon_core.package_identification:_identify(my_package) by extension 'colcon_meta'
[5.239s] Level 1:colcon.colcon_core.package_identification:_identify(my_package) by extensions ['ros']
[5.239s] Level 1:colcon.colcon_core.package_identification:_identify(my_package) by extension 'ros'
[5.241s] DEBUG:colcon.colcon_core.package_identification:Package 'my_package' with type 'ros.ament_python' and name 'my_package'
[5.241s] Level 1:colcon.colcon_core.package_discovery:discover_packages(recursive) using defaults
[5.241s] Level 1:colcon.colcon_core.package_discovery:discover_packages(ignore) discover
[5.242s] Level 1:colcon.colcon_core.package_discovery:discover_packages(ignore) using defaults
[5.242s] Level 1:colcon.colcon_core.package_discovery:discover_packages(path) discover
[5.242s] Level 1:colcon.colcon_core.package_discovery:discover_packages(path) using defaults
[5.666s] Level 1:colcon.colcon_core.package_discovery:discover_packages(prefix_path) check parameters
[5.667s] Level 1:colcon.colcon_core.package_discovery:discover_packages(prefix_path) discover
[5.801s] DEBUG:colcon.colcon_installed_package_information.package_discovery:Found 2 installed packages in /home/pi/ws/install
[5.892s] DEBUG:colcon.colcon_installed_package_information.package_discovery:Found 182 installed packages in /opt/ros/humble
[5.897s] Level 1:colcon.colcon_core.package_discovery:discover_packages(prefix_path) using defaults
[6.237s] Level 5:colcon.colcon_core.verb:set package 'amr' build argument 'cmake_args' from command line to 'None'
[6.237s] Level 5:colcon.colcon_core.verb:set package 'amr' build argument 'cmake_target' from command line to 'None'
[6.238s] Level 5:colcon.colcon_core.verb:set package 'amr' build argument 'cmake_target_skip_unavailable' from command line to 'False'
[6.238s] Level 5:colcon.colcon_core.verb:set package 'amr' build argument 'cmake_clean_cache' from command line to 'False'
[6.238s] Level 5:colcon.colcon_core.verb:set package 'amr' build argument 'cmake_clean_first' from command line to 'False'
[6.238s] Level 5:colcon.colcon_core.verb:set package 'amr' build argument 'cmake_force_configure' from command line to 'False'
[6.238s] Level 5:colcon.colcon_core.verb:set package 'amr' build argument 'ament_cmake_args' from command line to 'None'
[6.238s] Level 5:colcon.colcon_core.verb:set package 'amr' build argument 'catkin_cmake_args' from command line to 'None'
[6.239s] Level 5:colcon.colcon_core.verb:set package 'amr' build argument 'catkin_skip_building_tests' from command line to 'False'
[6.239s] DEBUG:colcon.colcon_core.verb:Building package 'amr' with the following arguments: {'ament_cmake_args': None, 'build_base': '/home/pi/ws/src/build/amr', 'catkin_cmake_args': None, 'catkin_skip_building_tests': False, 'cmake_args': None, 'cmake_clean_cache': False, 'cmake_clean_first': False, 'cmake_force_configure': False, 'cmake_target': None, 'cmake_target_skip_unavailable': False, 'install_base': '/home/pi/ws/src/install/amr', 'merge_install': False, 'path': '/home/pi/ws/src/amr', 'symlink_install': True, 'test_result_base': None}
[6.304s] Level 5:colcon.colcon_core.verb:set package 'my_package' build argument 'cmake_args' from command line to 'None'
[6.305s] Level 5:colcon.colcon_core.verb:set package 'my_package' build argument 'cmake_target' from command line to 'None'
[6.305s] Level 5:colcon.colcon_core.verb:set package 'my_package' build argument 'cmake_target_skip_unavailable' from command line to 'False'
[6.305s] Level 5:colcon.colcon_core.verb:set package 'my_package' build argument 'cmake_clean_cache' from command line to 'False'
[6.305s] Level 5:colcon.colcon_core.verb:set package 'my_package' build argument 'cmake_clean_first' from command line to 'False'
[6.305s] Level 5:colcon.colcon_core.verb:set package 'my_package' build argument 'cmake_force_configure' from command line to 'False'
[6.305s] Level 5:colcon.colcon_core.verb:set package 'my_package' build argument 'ament_cmake_args' from command line to 'None'
[6.305s] Level 5:colcon.colcon_core.verb:set package 'my_package' build argument 'catkin_cmake_args' from command line to 'None'
[6.306s] Level 5:colcon.colcon_core.verb:set package 'my_package' build argument 'catkin_skip_building_tests' from command line to 'False'
[6.306s] DEBUG:colcon.colcon_core.verb:Building package 'my_package' with the following arguments: {'ament_cmake_args': None, 'build_base': '/home/pi/ws/src/build/my_package', 'catkin_cmake_args': None, 'catkin_skip_building_tests': False, 'cmake_args': None, 'cmake_clean_cache': False, 'cmake_clean_first': False, 'cmake_force_configure': False, 'cmake_target': None, 'cmake_target_skip_unavailable': False, 'install_base': '/home/pi/ws/src/install/my_package', 'merge_install': False, 'path': '/home/pi/ws/src/my_package', 'symlink_install': True, 'test_result_base': None}
[6.370s] INFO:colcon.colcon_core.executor:Executing jobs using 'parallel' executor
[6.438s] DEBUG:colcon.colcon_parallel_executor.executor.parallel:run_until_complete
[6.439s] INFO:colcon.colcon_ros.task.ament_python.build:Building ROS package in '/home/pi/ws/src/amr' with build type 'ament_python'
[6.440s] Level 1:colcon.colcon_core.shell:create_environment_hook('amr', 'ament_prefix_path')
[6.517s] INFO:colcon.colcon_core.plugin_system:Skipping extension 'colcon_core.shell.bat': Not used on non-Windows systems
[6.518s] INFO:colcon.colcon_core.shell:Creating environment hook '/home/pi/ws/src/install/amr/share/amr/hook/ament_prefix_path.ps1'
[6.521s] INFO:colcon.colcon_core.shell:Creating environment descriptor '/home/pi/ws/src/install/amr/share/amr/hook/ament_prefix_path.dsv'
[6.523s] INFO:colcon.colcon_core.shell:Creating environment hook '/home/pi/ws/src/install/amr/share/amr/hook/ament_prefix_path.sh'
[6.595s] INFO:colcon.colcon_core.shell:Skip shell extension 'powershell' for command environment: Not usable outside of PowerShell
[6.595s] DEBUG:colcon.colcon_core.shell:Skip shell extension 'dsv' for command environment
[6.814s] INFO:colcon.colcon_ros.task.ament_python.build:Building ROS package in '/home/pi/ws/src/my_package' with build type 'ament_python'
[6.815s] Level 1:colcon.colcon_core.shell:create_environment_hook('my_package', 'ament_prefix_path')
[6.891s] INFO:colcon.colcon_core.shell:Creating environment hook '/home/pi/ws/src/install/my_package/share/my_package/hook/ament_prefix_path.ps1'
[6.893s] INFO:colcon.colcon_core.shell:Creating environment descriptor '/home/pi/ws/src/install/my_package/share/my_package/hook/ament_prefix_path.dsv'
[6.895s] INFO:colcon.colcon_core.shell:Creating environment hook '/home/pi/ws/src/install/my_package/share/my_package/hook/ament_prefix_path.sh'
[6.964s] INFO:colcon.colcon_core.shell:Skip shell extension 'powershell' for command environment: Not usable outside of PowerShell
[6.964s] DEBUG:colcon.colcon_core.shell:Skip shell extension 'dsv' for command environment
[8.474s] INFO:colcon.colcon_core.task.python.build:Building Python package in '/home/pi/ws/src/amr'
[8.543s] INFO:colcon.colcon_core.shell:Skip shell extension 'powershell' for command environment: Not usable outside of PowerShell
[8.543s] DEBUG:colcon.colcon_core.shell:Skip shell extension 'dsv' for command environment
[10.037s] INFO:colcon.colcon_core.task.python.build:Building Python package in '/home/pi/ws/src/my_package'
[10.105s] INFO:colcon.colcon_core.shell:Skip shell extension 'powershell' for command environment: Not usable outside of PowerShell
[10.106s] DEBUG:colcon.colcon_core.shell:Skip shell extension 'dsv' for command environment
[12.382s] DEBUG:colcon.colcon_core.event_handler.log_command:Invoking command in '/home/pi/ws/src/build/amr': PYTHONPATH=/home/pi/ws/src/build/amr/prefix_override:/home/pi/ws/src/install/amr/lib/python3.10/site-packages:${PYTHONPATH} /usr/bin/python3 setup.py develop --editable --build-directory /home/pi/ws/src/build/amr/build --no-deps install_data
[12.405s] DEBUG:colcon.colcon_core.event_handler.log_command:Invoking command in '/home/pi/ws/src/build/my_package': PYTHONPATH=/home/pi/ws/src/build/my_package/prefix_override:/home/pi/ws/src/install/my_package/lib/python3.10/site-packages:${PYTHONPATH} /usr/bin/python3 setup.py develop --editable --build-directory /home/pi/ws/src/build/my_package/build --no-deps install_data
[14.973s] Level 1:colcon.colcon_core.shell:create_environment_hook('amr', 'pythonpath_develop')
[14.978s] DEBUG:colcon.colcon_core.event_handler.log_command:Invoked command in '/home/pi/ws/src/build/amr' returned '0': PYTHONPATH=/home/pi/ws/src/build/amr/prefix_override:/home/pi/ws/src/install/amr/lib/python3.10/site-packages:${PYTHONPATH} /usr/bin/python3 setup.py develop --editable --build-directory /home/pi/ws/src/build/amr/build --no-deps install_data
[15.049s] INFO:colcon.colcon_core.shell:Creating environment hook '/home/pi/ws/src/build/amr/share/amr/hook/pythonpath_develop.ps1'
[15.051s] INFO:colcon.colcon_core.shell:Creating environment descriptor '/home/pi/ws/src/build/amr/share/amr/hook/pythonpath_develop.dsv'
[15.053s] INFO:colcon.colcon_core.shell:Creating environment hook '/home/pi/ws/src/build/amr/share/amr/hook/pythonpath_develop.sh'
[15.133s] Level 1:colcon.colcon_core.environment:checking '/home/pi/ws/src/install/amr' for CMake module files
[15.137s] Level 1:colcon.colcon_core.environment:checking '/home/pi/ws/src/install/amr' for CMake config files
[15.141s] Level 1:colcon.colcon_core.environment:checking '/home/pi/ws/src/install/amr/lib'
[15.142s] Level 1:colcon.colcon_core.environment:checking '/home/pi/ws/src/install/amr/bin'
[15.143s] Level 1:colcon.colcon_core.environment:checking '/home/pi/ws/src/install/amr/lib/pkgconfig/amr.pc'
[15.144s] Level 1:colcon.colcon_core.environment:checking '/home/pi/ws/src/install/amr/lib/python3.10/site-packages'
[15.144s] Level 1:colcon.colcon_core.shell:create_environment_hook('amr', 'pythonpath')
[15.212s] INFO:colcon.colcon_core.shell:Creating environment hook '/home/pi/ws/src/install/amr/share/amr/hook/pythonpath.ps1'
[15.214s] INFO:colcon.colcon_core.shell:Creating environment descriptor '/home/pi/ws/src/install/amr/share/amr/hook/pythonpath.dsv'
[15.216s] INFO:colcon.colcon_core.shell:Creating environment hook '/home/pi/ws/src/install/amr/share/amr/hook/pythonpath.sh'
[15.219s] Level 1:colcon.colcon_core.environment:checking '/home/pi/ws/src/install/amr/bin'
[15.219s] Level 1:colcon.colcon_core.environment:create_environment_scripts_only(amr)
[15.289s] INFO:colcon.colcon_core.shell:Creating package script '/home/pi/ws/src/install/amr/share/amr/package.ps1'
[15.293s] INFO:colcon.colcon_core.shell:Creating package descriptor '/home/pi/ws/src/install/amr/share/amr/package.dsv'
[15.297s] INFO:colcon.colcon_core.shell:Creating package script '/home/pi/ws/src/install/amr/share/amr/package.sh'
[15.301s] INFO:colcon.colcon_core.shell:Creating package script '/home/pi/ws/src/install/amr/share/amr/package.bash'
[15.305s] INFO:colcon.colcon_core.shell:Creating package script '/home/pi/ws/src/install/amr/share/amr/package.zsh'
[15.308s] Level 1:colcon.colcon_core.environment:create_file_with_runtime_dependencies(/home/pi/ws/src/install/amr/share/colcon-core/packages/amr)
[15.313s] Level 1:colcon.colcon_core.shell:create_environment_hook('my_package', 'pythonpath_develop')
[15.316s] DEBUG:colcon.colcon_core.event_handler.log_command:Invoked command in '/home/pi/ws/src/build/my_package' returned '0': PYTHONPATH=/home/pi/ws/src/build/my_package/prefix_override:/home/pi/ws/src/install/my_package/lib/python3.10/site-packages:${PYTHONPATH} /usr/bin/python3 setup.py develop --editable --build-directory /home/pi/ws/src/build/my_package/build --no-deps install_data
[15.387s] INFO:colcon.colcon_core.shell:Creating environment hook '/home/pi/ws/src/build/my_package/share/my_package/hook/pythonpath_develop.ps1'
[15.389s] INFO:colcon.colcon_core.shell:Creating environment descriptor '/home/pi/ws/src/build/my_package/share/my_package/hook/pythonpath_develop.dsv'
[15.391s] INFO:colcon.colcon_core.shell:Creating environment hook '/home/pi/ws/src/build/my_package/share/my_package/hook/pythonpath_develop.sh'
[15.460s] Level 1:colcon.colcon_core.environment:checking '/home/pi/ws/src/install/my_package' for CMake module files
[15.463s] Level 1:colcon.colcon_core.environment:checking '/home/pi/ws/src/install/my_package' for CMake config files
[15.467s] Level 1:colcon.colcon_core.environment:checking '/home/pi/ws/src/install/my_package/lib'
[15.467s] Level 1:colcon.colcon_core.environment:checking '/home/pi/ws/src/install/my_package/bin'
[15.468s] Level 1:colcon.colcon_core.environment:checking '/home/pi/ws/src/install/my_package/lib/pkgconfig/my_package.pc'
[15.469s] Level 1:colcon.colcon_core.environment:checking '/home/pi/ws/src/install/my_package/lib/python3.10/site-packages'
[15.469s] Level 1:colcon.colcon_core.shell:create_environment_hook('my_package', 'pythonpath')
[15.536s] INFO:colcon.colcon_core.shell:Creating environment hook '/home/pi/ws/src/install/my_package/share/my_package/hook/pythonpath.ps1'
[15.539s] INFO:colcon.colcon_core.shell:Creating environment descriptor '/home/pi/ws/src/install/my_package/share/my_package/hook/pythonpath.dsv'
[15.541s] INFO:colcon.colcon_core.shell:Creating environment hook '/home/pi/ws/src/install/my_package/share/my_package/hook/pythonpath.sh'
[15.544s] Level 1:colcon.colcon_core.environment:checking '/home/pi/ws/src/install/my_package/bin'
[15.545s] Level 1:colcon.colcon_core.environment:create_environment_scripts_only(my_package)
[15.614s] INFO:colcon.colcon_core.shell:Creating package script '/home/pi/ws/src/install/my_package/share/my_package/package.ps1'
[15.617s] INFO:colcon.colcon_core.shell:Creating package descriptor '/home/pi/ws/src/install/my_package/share/my_package/package.dsv'
[15.620s] INFO:colcon.colcon_core.shell:Creating package script '/home/pi/ws/src/install/my_package/share/my_package/package.sh'
[15.622s] INFO:colcon.colcon_core.shell:Creating package script '/home/pi/ws/src/install/my_package/share/my_package/package.bash'
[15.624s] INFO:colcon.colcon_core.shell:Creating package script '/home/pi/ws/src/install/my_package/share/my_package/package.zsh'
[15.626s] Level 1:colcon.colcon_core.environment:create_file_with_runtime_dependencies(/home/pi/ws/src/install/my_package/share/colcon-core/packages/my_package)
[15.627s] DEBUG:colcon.colcon_parallel_executor.executor.parallel:closing loop
[15.629s] DEBUG:colcon.colcon_parallel_executor.executor.parallel:loop closed
[15.629s] DEBUG:colcon.colcon_parallel_executor.executor.parallel:run_until_complete finished with '0'
[15.630s] DEBUG:colcon.colcon_core.event_reactor:joining thread
[15.722s] INFO:colcon.colcon_core.plugin_system:Skipping extension 'colcon_notification.desktop_notification.notify_send': Could not find 'notify-send'
[15.723s] INFO:colcon.colcon_core.plugin_system:Skipping extension 'colcon_notification.desktop_notification.terminal_notifier': Not used on non-Darwin systems
[15.723s] INFO:colcon.colcon_core.plugin_system:Skipping extension 'colcon_notification.desktop_notification.win32': Not used on non-Windows systems
[15.723s] INFO:colcon.colcon_notification.desktop_notification:Sending desktop notification using 'notify2'
[15.726s] DEBUG:colcon.colcon_notification.desktop_notification.notify2:Failed to initialize notify2: org.freedesktop.DBus.Error.ServiceUnknown: The name org.freedesktop.Notifications was not provided by any .service files
[15.727s] DEBUG:colcon.colcon_core.event_reactor:joined thread
[15.795s] INFO:colcon.colcon_core.shell:Creating prefix script '/home/pi/ws/src/install/local_setup.ps1'
[15.800s] INFO:colcon.colcon_core.shell:Creating prefix util module '/home/pi/ws/src/install/_local_setup_util_ps1.py'
[15.806s] INFO:colcon.colcon_core.shell:Creating prefix chain script '/home/pi/ws/src/install/setup.ps1'
[15.878s] INFO:colcon.colcon_core.shell:Creating prefix script '/home/pi/ws/src/install/local_setup.sh'
[15.881s] INFO:colcon.colcon_core.shell:Creating prefix util module '/home/pi/ws/src/install/_local_setup_util_sh.py'
[15.883s] INFO:colcon.colcon_core.shell:Creating prefix chain script '/home/pi/ws/src/install/setup.sh'
[15.954s] INFO:colcon.colcon_core.shell:Creating prefix script '/home/pi/ws/src/install/local_setup.bash'
[15.957s] INFO:colcon.colcon_core.shell:Creating prefix chain script '/home/pi/ws/src/install/setup.bash'
[16.027s] INFO:colcon.colcon_core.shell:Creating prefix script '/home/pi/ws/src/install/local_setup.zsh'
[16.029s] INFO:colcon.colcon_core.shell:Creating prefix chain script '/home/pi/ws/src/install/setup.zsh'
