[5.491s] Invoking command in '/home/pi/ws/src/build/my_package': PYTHONPATH=/home/pi/ws/src/build/my_package/prefix_override:/home/pi/ws/src/install/my_package/lib/python3.10/site-packages:${PYTHONPATH} /usr/bin/python3 setup.py develop --editable --build-directory /home/pi/ws/src/build/my_package/build --no-deps install_data
[6.890s] running develop
[6.892s] /usr/lib/python3/dist-packages/setuptools/command/easy_install.py:158: EasyInstallDeprecationWarning: easy_install command is deprecated. Use build and pip and other standards-based tools.
[6.892s]   warnings.warn(
[6.899s] /usr/lib/python3/dist-packages/setuptools/command/install.py:34: SetuptoolsDeprecationWarning: setup.py install is deprecated. Use build and pip and other standards-based tools.
[6.899s]   warnings.warn(
[7.786s] running egg_info
[7.788s] writing my_package.egg-info/PKG-INFO
[7.791s] writing dependency_links to my_package.egg-info/dependency_links.txt
[7.793s] writing entry points to my_package.egg-info/entry_points.txt
[7.794s] writing requirements to my_package.egg-info/requires.txt
[7.796s] writing top-level names to my_package.egg-info/top_level.txt
[7.802s] reading manifest file 'my_package.egg-info/SOURCES.txt'
[7.810s] writing manifest file 'my_package.egg-info/SOURCES.txt'
[7.818s] running build_ext
[7.820s] Creating /home/pi/ws/src/install/my_package/lib/python3.10/site-packages/my-package.egg-link (link to .)
[7.825s] Installing logging_demo script to /home/pi/ws/src/install/my_package/lib/my_package
[7.827s] Installing simple_publisher script to /home/pi/ws/src/install/my_package/lib/my_package
[7.829s] Installing simple_subscriber script to /home/pi/ws/src/install/my_package/lib/my_package
[7.832s] 
[7.834s] Installed /home/pi/ws/src/build/my_package
[7.837s] running install_data
[8.023s] Invoked command in '/home/pi/ws/src/build/my_package' returned '0': PYTHONPATH=/home/pi/ws/src/build/my_package/prefix_override:/home/pi/ws/src/install/my_package/lib/python3.10/site-packages:${PYTHONPATH} /usr/bin/python3 setup.py develop --editable --build-directory /home/pi/ws/src/build/my_package/build --no-deps install_data
