[5.510s] Invoking command in '/home/pi/ws/src/build/my_package': PYTHONPATH=/home/pi/ws/src/build/my_package/prefix_override:/home/pi/ws/src/install/my_package/lib/python3.10/site-packages:${PYTHONPATH} /usr/bin/python3 setup.py develop --editable --build-directory /home/pi/ws/src/build/my_package/build --no-deps install_data
[6.942s] running develop
[6.944s] /usr/lib/python3/dist-packages/setuptools/command/easy_install.py:158: EasyInstallDeprecationWarning: easy_install command is deprecated. Use build and pip and other standards-based tools.
[6.944s]   warnings.warn(
[6.951s] /usr/lib/python3/dist-packages/setuptools/command/install.py:34: SetuptoolsDeprecationWarning: setup.py install is deprecated. Use build and pip and other standards-based tools.
[6.955s]   warnings.warn(
[7.873s] running egg_info
[7.874s] writing my_package.egg-info/PKG-INFO
[7.875s] writing dependency_links to my_package.egg-info/dependency_links.txt
[7.876s] writing entry points to my_package.egg-info/entry_points.txt
[7.877s] writing requirements to my_package.egg-info/requires.txt
[7.878s] writing top-level names to my_package.egg-info/top_level.txt
[7.894s] reading manifest file 'my_package.egg-info/SOURCES.txt'
[7.896s] writing manifest file 'my_package.egg-info/SOURCES.txt'
[7.908s] running build_ext
[7.910s] Creating /home/pi/ws/src/install/my_package/lib/python3.10/site-packages/my-package.egg-link (link to .)
[7.917s] Installing logging_demo script to /home/pi/ws/src/install/my_package/lib/my_package
[7.919s] Installing simple_publisher script to /home/pi/ws/src/install/my_package/lib/my_package
[7.920s] Installing simple_subscriber script to /home/pi/ws/src/install/my_package/lib/my_package
[7.927s] 
[7.929s] Installed /home/pi/ws/src/build/my_package
[7.932s] running install_data
[8.435s] Invoked command in '/home/pi/ws/src/build/my_package' returned '0': PYTHONPATH=/home/pi/ws/src/build/my_package/prefix_override:/home/pi/ws/src/install/my_package/lib/python3.10/site-packages:${PYTHONPATH} /usr/bin/python3 setup.py develop --editable --build-directory /home/pi/ws/src/build/my_package/build --no-deps install_data
