[7.251s] Invoking command in '/home/pi/ws/src/build/amr': PYTHONPATH=/home/pi/ws/src/build/amr/prefix_override:/home/pi/ws/src/install/amr/lib/python3.10/site-packages:${PYTHONPATH} /usr/bin/python3 setup.py develop --editable --build-directory /home/pi/ws/src/build/amr/build --no-deps install_data
[8.723s] running develop
[8.728s] /usr/lib/python3/dist-packages/setuptools/command/easy_install.py:158: EasyInstallDeprecationWarning: easy_install command is deprecated. Use build and pip and other standards-based tools.
[8.730s]   warnings.warn(
[8.732s] /usr/lib/python3/dist-packages/setuptools/command/install.py:34: SetuptoolsDeprecationWarning: setup.py install is deprecated. Use build and pip and other standards-based tools.
[8.733s]   warnings.warn(
[9.697s] running egg_info
[9.698s] writing amr.egg-info/PKG-INFO
[9.699s] writing dependency_links to amr.egg-info/dependency_links.txt
[9.701s] writing entry points to amr.egg-info/entry_points.txt
[9.702s] writing requirements to amr.egg-info/requires.txt
[9.704s] writing top-level names to amr.egg-info/top_level.txt
[9.714s] reading manifest file 'amr.egg-info/SOURCES.txt'
[9.724s] writing manifest file 'amr.egg-info/SOURCES.txt'
[9.734s] running build_ext
[9.736s] Creating /home/pi/ws/src/install/amr/lib/python3.10/site-packages/amr.egg-link (link to .)
[9.744s] Installing hardware_interface script to /home/pi/ws/src/install/amr/lib/amr
[9.747s] Installing simple_publisher script to /home/pi/ws/src/install/amr/lib/amr
[9.749s] Installing simple_publisher_step script to /home/pi/ws/src/install/amr/lib/amr
[9.750s] Installing simple_subscriber script to /home/pi/ws/src/install/amr/lib/amr
[9.752s] 
[9.754s] Installed /home/pi/ws/src/build/amr
[9.757s] running install_data
[10.292s] Invoked command in '/home/pi/ws/src/build/amr' returned '0': PYTHONPATH=/home/pi/ws/src/build/amr/prefix_override:/home/pi/ws/src/install/amr/lib/python3.10/site-packages:${PYTHONPATH} /usr/bin/python3 setup.py develop --editable --build-directory /home/pi/ws/src/build/amr/build --no-deps install_data
