[6.352s] Invoking command in '/home/pi/ws/src/build/amr': PYTHONPATH=/home/pi/ws/src/build/amr/prefix_override:/home/pi/ws/src/install/amr/lib/python3.10/site-packages:${PYTHONPATH} /usr/bin/python3 setup.py develop --editable --build-directory /home/pi/ws/src/build/amr/build --no-deps install_data
[7.828s] running develop
[7.833s] /usr/lib/python3/dist-packages/setuptools/command/easy_install.py:158: EasyInstallDeprecationWarning: easy_install command is deprecated. Use build and pip and other standards-based tools.
[7.835s]   warnings.warn(
[7.842s] /usr/lib/python3/dist-packages/setuptools/command/install.py:34: SetuptoolsDeprecationWarning: setup.py install is deprecated. Use build and pip and other standards-based tools.
[7.842s]   warnings.warn(
[8.750s] running egg_info
[8.752s] writing amr.egg-info/PKG-INFO
[8.753s] writing dependency_links to amr.egg-info/dependency_links.txt
[8.754s] writing entry points to amr.egg-info/entry_points.txt
[8.757s] writing requirements to amr.egg-info/requires.txt
[8.762s] writing top-level names to amr.egg-info/top_level.txt
[8.772s] reading manifest file 'amr.egg-info/SOURCES.txt'
[8.775s] writing manifest file 'amr.egg-info/SOURCES.txt'
[8.779s] running build_ext
[8.780s] Creating /home/pi/ws/src/install/amr/lib/python3.10/site-packages/amr.egg-link (link to .)
[8.784s] Installing hardware_interface script to /home/pi/ws/src/install/amr/lib/amr
[8.789s] Installing simple_publisher script to /home/pi/ws/src/install/amr/lib/amr
[8.801s] Installing simple_publisher_step script to /home/pi/ws/src/install/amr/lib/amr
[8.803s] Installing simple_subscriber script to /home/pi/ws/src/install/amr/lib/amr
[8.806s] 
[8.809s] Installed /home/pi/ws/src/build/amr
[8.811s] running install_data
[9.020s] Invoked command in '/home/pi/ws/src/build/amr' returned '0': PYTHONPATH=/home/pi/ws/src/build/amr/prefix_override:/home/pi/ws/src/install/amr/lib/python3.10/site-packages:${PYTHONPATH} /usr/bin/python3 setup.py develop --editable --build-directory /home/pi/ws/src/build/amr/build --no-deps install_data
