[5.590s] Invoking command in '/home/pi/ws/src/build/my_package': PYTHONPATH=/home/pi/ws/src/build/my_package/prefix_override:/home/pi/ws/src/install/my_package/lib/python3.10/site-packages:${PYTHONPATH} /usr/bin/python3 setup.py develop --editable --build-directory /home/pi/ws/src/build/my_package/build --no-deps install_data
[7.005s] running develop
[7.016s] /usr/lib/python3/dist-packages/setuptools/command/easy_install.py:158: EasyInstallDeprecationWarning: easy_install command is deprecated. Use build and pip and other standards-based tools.
[7.016s]   warnings.warn(
[7.024s] /usr/lib/python3/dist-packages/setuptools/command/install.py:34: SetuptoolsDeprecationWarning: setup.py install is deprecated. Use build and pip and other standards-based tools.
[7.026s]   warnings.warn(
[7.910s] running egg_info
[7.911s] writing my_package.egg-info/PKG-INFO
[7.913s] writing dependency_links to my_package.egg-info/dependency_links.txt
[7.914s] writing entry points to my_package.egg-info/entry_points.txt
[7.915s] writing requirements to my_package.egg-info/requires.txt
[7.916s] writing top-level names to my_package.egg-info/top_level.txt
[7.926s] reading manifest file 'my_package.egg-info/SOURCES.txt'
[7.930s] writing manifest file 'my_package.egg-info/SOURCES.txt'
[7.942s] running build_ext
[7.950s] Creating /home/pi/ws/src/install/my_package/lib/python3.10/site-packages/my-package.egg-link (link to .)
[7.965s] Installing logging_demo script to /home/pi/ws/src/install/my_package/lib/my_package
[7.966s] Installing simple_publisher script to /home/pi/ws/src/install/my_package/lib/my_package
[7.968s] Installing simple_subscriber script to /home/pi/ws/src/install/my_package/lib/my_package
[7.971s] 
[7.973s] Installed /home/pi/ws/src/build/my_package
[7.975s] running install_data
[8.153s] Invoked command in '/home/pi/ws/src/build/my_package' returned '0': PYTHONPATH=/home/pi/ws/src/build/my_package/prefix_override:/home/pi/ws/src/install/my_package/lib/python3.10/site-packages:${PYTHONPATH} /usr/bin/python3 setup.py develop --editable --build-directory /home/pi/ws/src/build/my_package/build --no-deps install_data
