[5.540s] Invoking command in '/home/pi/ws/src/build/my_package': PYTHONPATH=/home/pi/ws/src/build/my_package/prefix_override:/home/pi/ws/src/install/my_package/lib/python3.10/site-packages:${PYTHONPATH} /usr/bin/python3 setup.py develop --editable --build-directory /home/pi/ws/src/build/my_package/build --no-deps install_data
[6.968s] running develop
[6.972s] /usr/lib/python3/dist-packages/setuptools/command/easy_install.py:158: EasyInstallDeprecationWarning: easy_install command is deprecated. Use build and pip and other standards-based tools.
[6.973s]   warnings.warn(
[6.980s] /usr/lib/python3/dist-packages/setuptools/command/install.py:34: SetuptoolsDeprecationWarning: setup.py install is deprecated. Use build and pip and other standards-based tools.
[6.982s]   warnings.warn(
[7.879s] running egg_info
[7.882s] writing my_package.egg-info/PKG-INFO
[7.885s] writing dependency_links to my_package.egg-info/dependency_links.txt
[7.886s] writing entry points to my_package.egg-info/entry_points.txt
[7.887s] writing requirements to my_package.egg-info/requires.txt
[7.888s] writing top-level names to my_package.egg-info/top_level.txt
[7.893s] reading manifest file 'my_package.egg-info/SOURCES.txt'
[7.898s] writing manifest file 'my_package.egg-info/SOURCES.txt'
[7.906s] running build_ext
[7.907s] Creating /home/pi/ws/src/install/my_package/lib/python3.10/site-packages/my-package.egg-link (link to .)
[7.912s] Installing logging_demo script to /home/pi/ws/src/install/my_package/lib/my_package
[7.913s] Installing simple_publisher script to /home/pi/ws/src/install/my_package/lib/my_package
[7.920s] Installing simple_subscriber script to /home/pi/ws/src/install/my_package/lib/my_package
[7.921s] 
[7.923s] Installed /home/pi/ws/src/build/my_package
[7.925s] running install_data
[8.112s] Invoked command in '/home/pi/ws/src/build/my_package' returned '0': PYTHONPATH=/home/pi/ws/src/build/my_package/prefix_override:/home/pi/ws/src/install/my_package/lib/python3.10/site-packages:${PYTHONPATH} /usr/bin/python3 setup.py develop --editable --build-directory /home/pi/ws/src/build/my_package/build --no-deps install_data
