[5.954s] Invoking command in '/home/pi/ws/src/build/amr': PYTHONPATH=/home/pi/ws/src/build/amr/prefix_override:/home/pi/ws/src/install/amr/lib/python3.10/site-packages:${PYTHONPATH} /usr/bin/python3 setup.py develop --editable --build-directory /home/pi/ws/src/build/amr/build --no-deps install_data
[7.419s] running develop
[7.421s] /usr/lib/python3/dist-packages/setuptools/command/easy_install.py:158: EasyInstallDeprecationWarning: easy_install command is deprecated. Use build and pip and other standards-based tools.
[7.421s]   warnings.warn(
[7.426s] /usr/lib/python3/dist-packages/setuptools/command/install.py:34: SetuptoolsDeprecationWarning: setup.py install is deprecated. Use build and pip and other standards-based tools.
[7.427s]   warnings.warn(
[8.323s] running egg_info
[8.327s] writing amr.egg-info/PKG-INFO
[8.329s] writing dependency_links to amr.egg-info/dependency_links.txt
[8.334s] writing entry points to amr.egg-info/entry_points.txt
[8.335s] writing requirements to amr.egg-info/requires.txt
[8.343s] writing top-level names to amr.egg-info/top_level.txt
[8.357s] reading manifest file 'amr.egg-info/SOURCES.txt'
[8.363s] writing manifest file 'amr.egg-info/SOURCES.txt'
[8.365s] running build_ext
[8.366s] Creating /home/pi/ws/src/install/amr/lib/python3.10/site-packages/amr.egg-link (link to .)
[8.368s] Installing UI_plotting script to /home/pi/ws/src/install/amr/lib/amr
[8.370s] Installing UI_plotting_2 script to /home/pi/ws/src/install/amr/lib/amr
[8.371s] Installing control_pathway_generation script to /home/pi/ws/src/install/amr/lib/amr
[8.373s] Installing hardware_interface script to /home/pi/ws/src/install/amr/lib/amr
[8.375s] Installing ik_controller script to /home/pi/ws/src/install/amr/lib/amr
[8.376s] Installing ik_controller_null_space script to /home/pi/ws/src/install/amr/lib/amr
[8.378s] Installing simple_publisher script to /home/pi/ws/src/install/amr/lib/amr
[8.381s] Installing simple_publisher_step script to /home/pi/ws/src/install/amr/lib/amr
[8.384s] 
[8.386s] Installed /home/pi/ws/src/build/amr
[8.388s] running install_data
[8.881s] Invoked command in '/home/pi/ws/src/build/amr' returned '0': PYTHONPATH=/home/pi/ws/src/build/amr/prefix_override:/home/pi/ws/src/install/amr/lib/python3.10/site-packages:${PYTHONPATH} /usr/bin/python3 setup.py develop --editable --build-directory /home/pi/ws/src/build/amr/build --no-deps install_data
