[5.940s] Invoking command in '/home/pi/ws/src/build/amr': PYTHONPATH=/home/pi/ws/src/build/amr/prefix_override:/home/pi/ws/src/install/amr/lib/python3.10/site-packages:${PYTHONPATH} /usr/bin/python3 setup.py develop --editable --build-directory /home/pi/ws/src/build/amr/build --no-deps install_data
[7.393s] running develop
[7.396s] /usr/lib/python3/dist-packages/setuptools/command/easy_install.py:158: EasyInstallDeprecationWarning: easy_install command is deprecated. Use build and pip and other standards-based tools.
[7.397s]   warnings.warn(
[7.404s] /usr/lib/python3/dist-packages/setuptools/command/install.py:34: SetuptoolsDeprecationWarning: setup.py install is deprecated. Use build and pip and other standards-based tools.
[7.410s]   warnings.warn(
[8.289s] running egg_info
[8.290s] writing amr.egg-info/PKG-INFO
[8.291s] writing dependency_links to amr.egg-info/dependency_links.txt
[8.292s] writing entry points to amr.egg-info/entry_points.txt
[8.296s] writing requirements to amr.egg-info/requires.txt
[8.297s] writing top-level names to amr.egg-info/top_level.txt
[8.304s] reading manifest file 'amr.egg-info/SOURCES.txt'
[8.310s] writing manifest file 'amr.egg-info/SOURCES.txt'
[8.318s] running build_ext
[8.318s] Creating /home/pi/ws/src/install/amr/lib/python3.10/site-packages/amr.egg-link (link to .)
[8.326s] Installing UI_plotting script to /home/pi/ws/src/install/amr/lib/amr
[8.328s] Installing UI_plotting_2 script to /home/pi/ws/src/install/amr/lib/amr
[8.329s] Installing control_pathway_generation script to /home/pi/ws/src/install/amr/lib/amr
[8.330s] Installing hardware_interface script to /home/pi/ws/src/install/amr/lib/amr
[8.331s] Installing ik_controller script to /home/pi/ws/src/install/amr/lib/amr
[8.332s] Installing ik_controller_null_space script to /home/pi/ws/src/install/amr/lib/amr
[8.334s] Installing simple_publisher script to /home/pi/ws/src/install/amr/lib/amr
[8.335s] Installing simple_publisher_step script to /home/pi/ws/src/install/amr/lib/amr
[8.338s] 
[8.339s] Installed /home/pi/ws/src/build/amr
[8.341s] running install_data
[8.536s] Invoked command in '/home/pi/ws/src/build/amr' returned '0': PYTHONPATH=/home/pi/ws/src/build/amr/prefix_override:/home/pi/ws/src/install/amr/lib/python3.10/site-packages:${PYTHONPATH} /usr/bin/python3 setup.py develop --editable --build-directory /home/pi/ws/src/build/amr/build --no-deps install_data
