[6.224s] Invoking command in '/home/pi/ws/src/build/amr': PYTHONPATH=/home/pi/ws/src/build/amr/prefix_override:/home/pi/ws/src/install/amr/lib/python3.10/site-packages:${PYTHONPATH} /usr/bin/python3 setup.py develop --editable --build-directory /home/pi/ws/src/build/amr/build --no-deps install_data
[7.692s] running develop
[7.693s] /usr/lib/python3/dist-packages/setuptools/command/easy_install.py:158: EasyInstallDeprecationWarning: easy_install command is deprecated. Use build and pip and other standards-based tools.
[7.694s]   warnings.warn(
[7.696s] /usr/lib/python3/dist-packages/setuptools/command/install.py:34: SetuptoolsDeprecationWarning: setup.py install is deprecated. Use build and pip and other standards-based tools.
[7.696s]   warnings.warn(
[8.591s] running egg_info
[8.596s] writing amr.egg-info/PKG-INFO
[8.597s] writing dependency_links to amr.egg-info/dependency_links.txt
[8.597s] writing entry points to amr.egg-info/entry_points.txt
[8.598s] writing requirements to amr.egg-info/requires.txt
[8.599s] writing top-level names to amr.egg-info/top_level.txt
[8.606s] reading manifest file 'amr.egg-info/SOURCES.txt'
[8.612s] writing manifest file 'amr.egg-info/SOURCES.txt'
[8.619s] running build_ext
[8.620s] Creating /home/pi/ws/src/install/amr/lib/python3.10/site-packages/amr.egg-link (link to .)
[8.626s] Installing hardware_interface script to /home/pi/ws/src/install/amr/lib/amr
[8.637s] Installing simple_publisher script to /home/pi/ws/src/install/amr/lib/amr
[8.642s] Installing simple_publisher_step script to /home/pi/ws/src/install/amr/lib/amr
[8.645s] Installing simple_subscriber script to /home/pi/ws/src/install/amr/lib/amr
[8.647s] 
[8.649s] Installed /home/pi/ws/src/build/amr
[8.652s] running install_data
[9.161s] Invoked command in '/home/pi/ws/src/build/amr' returned '0': PYTHONPATH=/home/pi/ws/src/build/amr/prefix_override:/home/pi/ws/src/install/amr/lib/python3.10/site-packages:${PYTHONPATH} /usr/bin/python3 setup.py develop --editable --build-directory /home/pi/ws/src/build/amr/build --no-deps install_data
