[6.245s] Invoking command in '/home/pi/ws/src/build/amr': PYTHONPATH=/home/pi/ws/src/build/amr/prefix_override:/home/pi/ws/src/install/amr/lib/python3.10/site-packages:${PYTHONPATH} /usr/bin/python3 setup.py develop --editable --build-directory /home/pi/ws/src/build/amr/build --no-deps install_data
[7.690s] running develop
[7.694s] /usr/lib/python3/dist-packages/setuptools/command/easy_install.py:158: EasyInstallDeprecationWarning: easy_install command is deprecated. Use build and pip and other standards-based tools.
[7.695s]   warnings.warn(
[7.699s] /usr/lib/python3/dist-packages/setuptools/command/install.py:34: SetuptoolsDeprecationWarning: setup.py install is deprecated. Use build and pip and other standards-based tools.
[7.700s]   warnings.warn(
[8.684s] running egg_info
[8.689s] writing amr.egg-info/PKG-INFO
[8.691s] writing dependency_links to amr.egg-info/dependency_links.txt
[8.696s] writing entry points to amr.egg-info/entry_points.txt
[8.697s] writing requirements to amr.egg-info/requires.txt
[8.698s] writing top-level names to amr.egg-info/top_level.txt
[8.700s] reading manifest file 'amr.egg-info/SOURCES.txt'
[8.704s] writing manifest file 'amr.egg-info/SOURCES.txt'
[8.714s] running build_ext
[8.714s] Creating /home/pi/ws/src/install/amr/lib/python3.10/site-packages/amr.egg-link (link to .)
[8.722s] Installing UI_plotting script to /home/pi/ws/src/install/amr/lib/amr
[8.724s] Installing UI_plotting_2 script to /home/pi/ws/src/install/amr/lib/amr
[8.732s] Installing control_pathway_generation script to /home/pi/ws/src/install/amr/lib/amr
[8.739s] Installing hardware_interface script to /home/pi/ws/src/install/amr/lib/amr
[8.744s] Installing ik_controller script to /home/pi/ws/src/install/amr/lib/amr
[8.746s] Installing ik_controller_null_space script to /home/pi/ws/src/install/amr/lib/amr
[8.749s] Installing simple_publisher script to /home/pi/ws/src/install/amr/lib/amr
[8.751s] Installing simple_publisher_step script to /home/pi/ws/src/install/amr/lib/amr
[8.753s] 
[8.755s] Installed /home/pi/ws/src/build/amr
[8.757s] running install_data
[9.291s] Invoked command in '/home/pi/ws/src/build/amr' returned '0': PYTHONPATH=/home/pi/ws/src/build/amr/prefix_override:/home/pi/ws/src/install/amr/lib/python3.10/site-packages:${PYTHONPATH} /usr/bin/python3 setup.py develop --editable --build-directory /home/pi/ws/src/build/amr/build --no-deps install_data
