[5.578s] Invoking command in '/home/pi/ws/src/build/my_package': PYTHONPATH=/home/pi/ws/src/build/my_package/prefix_override:/home/pi/ws/src/install/my_package/lib/python3.10/site-packages:${PYTHONPATH} /usr/bin/python3 setup.py develop --editable --build-directory /home/pi/ws/src/build/my_package/build --no-deps install_data
[7.035s] running develop
[7.038s] /usr/lib/python3/dist-packages/setuptools/command/easy_install.py:158: EasyInstallDeprecationWarning: easy_install command is deprecated. Use build and pip and other standards-based tools.
[7.041s]   warnings.warn(
[7.043s] /usr/lib/python3/dist-packages/setuptools/command/install.py:34: SetuptoolsDeprecationWarning: setup.py install is deprecated. Use build and pip and other standards-based tools.
[7.046s]   warnings.warn(
[7.980s] running egg_info
[7.982s] writing my_package.egg-info/PKG-INFO
[7.984s] writing dependency_links to my_package.egg-info/dependency_links.txt
[7.990s] writing entry points to my_package.egg-info/entry_points.txt
[7.991s] writing requirements to my_package.egg-info/requires.txt
[7.993s] writing top-level names to my_package.egg-info/top_level.txt
[7.994s] reading manifest file 'my_package.egg-info/SOURCES.txt'
[7.996s] writing manifest file 'my_package.egg-info/SOURCES.txt'
[8.001s] running build_ext
[8.004s] Creating /home/pi/ws/src/install/my_package/lib/python3.10/site-packages/my-package.egg-link (link to .)
[8.013s] Installing logging_demo script to /home/pi/ws/src/install/my_package/lib/my_package
[8.015s] Installing simple_publisher script to /home/pi/ws/src/install/my_package/lib/my_package
[8.017s] Installing simple_subscriber script to /home/pi/ws/src/install/my_package/lib/my_package
[8.021s] 
[8.022s] Installed /home/pi/ws/src/build/my_package
[8.024s] running install_data
[8.504s] Invoked command in '/home/pi/ws/src/build/my_package' returned '0': PYTHONPATH=/home/pi/ws/src/build/my_package/prefix_override:/home/pi/ws/src/install/my_package/lib/python3.10/site-packages:${PYTHONPATH} /usr/bin/python3 setup.py develop --editable --build-directory /home/pi/ws/src/build/my_package/build --no-deps install_data
