running develop
Removing /home/pi/ws/src/install/amr/lib/python3.10/site-packages/amr.egg-link (link to .)
running egg_info
writing ../build/amr/amr.egg-info/PKG-INFO
writing dependency_links to ../build/amr/amr.egg-info/dependency_links.txt
writing entry points to ../build/amr/amr.egg-info/entry_points.txt
writing requirements to ../build/amr/amr.egg-info/requires.txt
writing top-level names to ../build/amr/amr.egg-info/top_level.txt
reading manifest file '../build/amr/amr.egg-info/SOURCES.txt'
writing manifest file '../build/amr/amr.egg-info/SOURCES.txt'
running build
running build_py
creating /home/pi/ws/src/build/amr/build
creating /home/pi/ws/src/build/amr/build/lib
creating /home/pi/ws/src/build/amr/build/lib/amr
copying amr/module_kinematics.py -> /home/pi/ws/src/build/amr/build/lib/amr
copying amr/simple_publisher.py -> /home/pi/ws/src/build/amr/build/lib/amr
copying amr/hardware_interface.py -> /home/pi/ws/src/build/amr/build/lib/amr
copying amr/ik_controller_null_space.py -> /home/pi/ws/src/build/amr/build/lib/amr
copying amr/ik_controller.py -> /home/pi/ws/src/build/amr/build/lib/amr
copying amr/UI_plotting_2.py -> /home/pi/ws/src/build/amr/build/lib/amr
copying amr/__init__.py -> /home/pi/ws/src/build/amr/build/lib/amr
copying amr/UI_plotting.py -> /home/pi/ws/src/build/amr/build/lib/amr
copying amr/control_pathway_generation.py -> /home/pi/ws/src/build/amr/build/lib/amr
running install
running install_lib
creating /home/pi/ws/src/install/amr/lib/python3.10/site-packages/amr
copying /home/pi/ws/src/build/amr/build/lib/amr/module_kinematics.py -> /home/pi/ws/src/install/amr/lib/python3.10/site-packages/amr
copying /home/pi/ws/src/build/amr/build/lib/amr/simple_publisher.py -> /home/pi/ws/src/install/amr/lib/python3.10/site-packages/amr
copying /home/pi/ws/src/build/amr/build/lib/amr/hardware_interface.py -> /home/pi/ws/src/install/amr/lib/python3.10/site-packages/amr
copying /home/pi/ws/src/build/amr/build/lib/amr/ik_controller_null_space.py -> /home/pi/ws/src/install/amr/lib/python3.10/site-packages/amr
copying /home/pi/ws/src/build/amr/build/lib/amr/ik_controller.py -> /home/pi/ws/src/install/amr/lib/python3.10/site-packages/amr
copying /home/pi/ws/src/build/amr/build/lib/amr/UI_plotting_2.py -> /home/pi/ws/src/install/amr/lib/python3.10/site-packages/amr
copying /home/pi/ws/src/build/amr/build/lib/amr/__init__.py -> /home/pi/ws/src/install/amr/lib/python3.10/site-packages/amr
copying /home/pi/ws/src/build/amr/build/lib/amr/UI_plotting.py -> /home/pi/ws/src/install/amr/lib/python3.10/site-packages/amr
copying /home/pi/ws/src/build/amr/build/lib/amr/control_pathway_generation.py -> /home/pi/ws/src/install/amr/lib/python3.10/site-packages/amr
byte-compiling /home/pi/ws/src/install/amr/lib/python3.10/site-packages/amr/module_kinematics.py to module_kinematics.cpython-310.pyc
byte-compiling /home/pi/ws/src/install/amr/lib/python3.10/site-packages/amr/simple_publisher.py to simple_publisher.cpython-310.pyc
byte-compiling /home/pi/ws/src/install/amr/lib/python3.10/site-packages/amr/hardware_interface.py to hardware_interface.cpython-310.pyc
byte-compiling /home/pi/ws/src/install/amr/lib/python3.10/site-packages/amr/ik_controller_null_space.py to ik_controller_null_space.cpython-310.pyc
byte-compiling /home/pi/ws/src/install/amr/lib/python3.10/site-packages/amr/ik_controller.py to ik_controller.cpython-310.pyc
byte-compiling /home/pi/ws/src/install/amr/lib/python3.10/site-packages/amr/UI_plotting_2.py to UI_plotting_2.cpython-310.pyc
byte-compiling /home/pi/ws/src/install/amr/lib/python3.10/site-packages/amr/__init__.py to __init__.cpython-310.pyc
byte-compiling /home/pi/ws/src/install/amr/lib/python3.10/site-packages/amr/UI_plotting.py to UI_plotting.cpython-310.pyc
byte-compiling /home/pi/ws/src/install/amr/lib/python3.10/site-packages/amr/control_pathway_generation.py to control_pathway_generation.cpython-310.pyc
running install_data
running install_egg_info
Copying ../build/amr/amr.egg-info to /home/pi/ws/src/install/amr/lib/python3.10/site-packages/amr-0.0.0-py3.10.egg-info
running install_scripts
Installing UI_plotting script to /home/pi/ws/src/install/amr/lib/amr
Installing UI_plotting_2 script to /home/pi/ws/src/install/amr/lib/amr
Installing control_pathway_generation script to /home/pi/ws/src/install/amr/lib/amr
Installing hardware_interface script to /home/pi/ws/src/install/amr/lib/amr
Installing ik_controller script to /home/pi/ws/src/install/amr/lib/amr
Installing ik_controller_null_space script to /home/pi/ws/src/install/amr/lib/amr
Installing simple_publisher script to /home/pi/ws/src/install/amr/lib/amr
writing list of installed files to '/home/pi/ws/src/build/amr/install.log'
