[5.896s] Invoking command in '/home/pi/ws/src/build/amr': PYTHONPATH=/home/pi/ws/src/build/amr/prefix_override:/home/pi/ws/src/install/amr/lib/python3.10/site-packages:${PYTHONPATH} /usr/bin/python3 setup.py develop --uninstall --editable --build-directory /home/pi/ws/src/build/amr/build
[7.311s] running develop
[7.313s] /usr/lib/python3/dist-packages/setuptools/command/easy_install.py:158: EasyInstallDeprecationWarning: easy_install command is deprecated. Use build and pip and other standards-based tools.
[7.314s]   warnings.warn(
[7.316s] /usr/lib/python3/dist-packages/setuptools/command/install.py:34: SetuptoolsDeprecationWarning: setup.py install is deprecated. Use build and pip and other standards-based tools.
[7.316s]   warnings.warn(
[8.238s] Removing /home/pi/ws/src/install/amr/lib/python3.10/site-packages/amr.egg-link (link to .)
[8.453s] Invoked command in '/home/pi/ws/src/build/amr' returned '0': PYTHONPATH=/home/pi/ws/src/build/amr/prefix_override:/home/pi/ws/src/install/amr/lib/python3.10/site-packages:${PYTHONPATH} /usr/bin/python3 setup.py develop --uninstall --editable --build-directory /home/pi/ws/src/build/amr/build
[8.462s] Invoking command in '/home/pi/ws/src/amr': PYTHONPATH=/home/pi/ws/src/build/amr/prefix_override:/home/pi/ws/src/install/amr/lib/python3.10/site-packages:${PYTHONPATH} /usr/bin/python3 setup.py egg_info --egg-base ../build/amr build --build-base /home/pi/ws/src/build/amr/build install --record /home/pi/ws/src/build/amr/install.log --single-version-externally-managed
[9.812s] running egg_info
[9.815s] writing ../build/amr/amr.egg-info/PKG-INFO
[9.818s] writing dependency_links to ../build/amr/amr.egg-info/dependency_links.txt
[9.819s] writing entry points to ../build/amr/amr.egg-info/entry_points.txt
[9.820s] writing requirements to ../build/amr/amr.egg-info/requires.txt
[9.821s] writing top-level names to ../build/amr/amr.egg-info/top_level.txt
[9.833s] reading manifest file '../build/amr/amr.egg-info/SOURCES.txt'
[9.840s] writing manifest file '../build/amr/amr.egg-info/SOURCES.txt'
[9.842s] running build
[9.843s] running build_py
[9.844s] creating /home/pi/ws/src/build/amr/build
[9.845s] creating /home/pi/ws/src/build/amr/build/lib
[9.846s] creating /home/pi/ws/src/build/amr/build/lib/amr
[9.847s] copying amr/module_kinematics.py -> /home/pi/ws/src/build/amr/build/lib/amr
[9.847s] copying amr/simple_publisher.py -> /home/pi/ws/src/build/amr/build/lib/amr
[9.849s] copying amr/hardware_interface.py -> /home/pi/ws/src/build/amr/build/lib/amr
[9.849s] copying amr/ik_controller_null_space.py -> /home/pi/ws/src/build/amr/build/lib/amr
[9.851s] copying amr/ik_controller.py -> /home/pi/ws/src/build/amr/build/lib/amr
[9.852s] copying amr/UI_plotting_2.py -> /home/pi/ws/src/build/amr/build/lib/amr
[9.858s] copying amr/__init__.py -> /home/pi/ws/src/build/amr/build/lib/amr
[9.859s] copying amr/UI_plotting.py -> /home/pi/ws/src/build/amr/build/lib/amr
[9.861s] copying amr/control_pathway_generation.py -> /home/pi/ws/src/build/amr/build/lib/amr
[9.864s] running install
[9.867s] /usr/lib/python3/dist-packages/setuptools/command/install.py:34: SetuptoolsDeprecationWarning: setup.py install is deprecated. Use build and pip and other standards-based tools.
[9.868s]   warnings.warn(
[9.870s] running install_lib
[9.872s] creating /home/pi/ws/src/install/amr/lib/python3.10/site-packages/amr
[9.875s] copying /home/pi/ws/src/build/amr/build/lib/amr/module_kinematics.py -> /home/pi/ws/src/install/amr/lib/python3.10/site-packages/amr
[9.876s] copying /home/pi/ws/src/build/amr/build/lib/amr/simple_publisher.py -> /home/pi/ws/src/install/amr/lib/python3.10/site-packages/amr
[9.877s] copying /home/pi/ws/src/build/amr/build/lib/amr/hardware_interface.py -> /home/pi/ws/src/install/amr/lib/python3.10/site-packages/amr
[9.879s] copying /home/pi/ws/src/build/amr/build/lib/amr/ik_controller_null_space.py -> /home/pi/ws/src/install/amr/lib/python3.10/site-packages/amr
[9.879s] copying /home/pi/ws/src/build/amr/build/lib/amr/ik_controller.py -> /home/pi/ws/src/install/amr/lib/python3.10/site-packages/amr
[9.881s] copying /home/pi/ws/src/build/amr/build/lib/amr/UI_plotting_2.py -> /home/pi/ws/src/install/amr/lib/python3.10/site-packages/amr
[9.882s] copying /home/pi/ws/src/build/amr/build/lib/amr/__init__.py -> /home/pi/ws/src/install/amr/lib/python3.10/site-packages/amr
[9.883s] copying /home/pi/ws/src/build/amr/build/lib/amr/UI_plotting.py -> /home/pi/ws/src/install/amr/lib/python3.10/site-packages/amr
[9.884s] copying /home/pi/ws/src/build/amr/build/lib/amr/control_pathway_generation.py -> /home/pi/ws/src/install/amr/lib/python3.10/site-packages/amr
[9.886s] byte-compiling /home/pi/ws/src/install/amr/lib/python3.10/site-packages/amr/module_kinematics.py to module_kinematics.cpython-310.pyc
[9.894s] byte-compiling /home/pi/ws/src/install/amr/lib/python3.10/site-packages/amr/simple_publisher.py to simple_publisher.cpython-310.pyc
[9.897s] byte-compiling /home/pi/ws/src/install/amr/lib/python3.10/site-packages/amr/hardware_interface.py to hardware_interface.cpython-310.pyc
[9.906s] byte-compiling /home/pi/ws/src/install/amr/lib/python3.10/site-packages/amr/ik_controller_null_space.py to ik_controller_null_space.cpython-310.pyc
[9.913s] byte-compiling /home/pi/ws/src/install/amr/lib/python3.10/site-packages/amr/ik_controller.py to ik_controller.cpython-310.pyc
[9.914s] byte-compiling /home/pi/ws/src/install/amr/lib/python3.10/site-packages/amr/UI_plotting_2.py to UI_plotting_2.cpython-310.pyc
[9.915s] byte-compiling /home/pi/ws/src/install/amr/lib/python3.10/site-packages/amr/__init__.py to __init__.cpython-310.pyc
[9.917s] byte-compiling /home/pi/ws/src/install/amr/lib/python3.10/site-packages/amr/UI_plotting.py to UI_plotting.cpython-310.pyc
[9.920s] byte-compiling /home/pi/ws/src/install/amr/lib/python3.10/site-packages/amr/control_pathway_generation.py to control_pathway_generation.cpython-310.pyc
[9.923s] running install_data
[9.926s] running install_egg_info
[9.936s] Copying ../build/amr/amr.egg-info to /home/pi/ws/src/install/amr/lib/python3.10/site-packages/amr-0.0.0-py3.10.egg-info
[9.945s] running install_scripts
[10.067s] Installing UI_plotting script to /home/pi/ws/src/install/amr/lib/amr
[10.069s] Installing UI_plotting_2 script to /home/pi/ws/src/install/amr/lib/amr
[10.071s] Installing control_pathway_generation script to /home/pi/ws/src/install/amr/lib/amr
[10.082s] Installing hardware_interface script to /home/pi/ws/src/install/amr/lib/amr
[10.084s] Installing ik_controller script to /home/pi/ws/src/install/amr/lib/amr
[10.087s] Installing ik_controller_null_space script to /home/pi/ws/src/install/amr/lib/amr
[10.095s] Installing simple_publisher script to /home/pi/ws/src/install/amr/lib/amr
[10.097s] writing list of installed files to '/home/pi/ws/src/build/amr/install.log'
[10.477s] Invoked command in '/home/pi/ws/src/amr' returned '0': PYTHONPATH=/home/pi/ws/src/build/amr/prefix_override:/home/pi/ws/src/install/amr/lib/python3.10/site-packages:${PYTHONPATH} /usr/bin/python3 setup.py egg_info --egg-base ../build/amr build --build-base /home/pi/ws/src/build/amr/build install --record /home/pi/ws/src/build/amr/install.log --single-version-externally-managed
