[5.525s] Invoking command in '/home/pi/ws/src/build/my_package': PYTHONPATH=/home/pi/ws/src/build/my_package/prefix_override:/home/pi/ws/src/install/my_package/lib/python3.10/site-packages:${PYTHONPATH} /usr/bin/python3 setup.py develop --editable --build-directory /home/pi/ws/src/build/my_package/build --no-deps install_data
[6.967s] running develop
[6.971s] /usr/lib/python3/dist-packages/setuptools/command/easy_install.py:158: EasyInstallDeprecationWarning: easy_install command is deprecated. Use build and pip and other standards-based tools.
[6.974s]   warnings.warn(
[6.977s] /usr/lib/python3/dist-packages/setuptools/command/install.py:34: SetuptoolsDeprecationWarning: setup.py install is deprecated. Use build and pip and other standards-based tools.
[6.980s]   warnings.warn(
[7.856s] running egg_info
[7.857s] writing my_package.egg-info/PKG-INFO
[7.858s] writing dependency_links to my_package.egg-info/dependency_links.txt
[7.860s] writing entry points to my_package.egg-info/entry_points.txt
[7.861s] writing requirements to my_package.egg-info/requires.txt
[7.862s] writing top-level names to my_package.egg-info/top_level.txt
[7.870s] reading manifest file 'my_package.egg-info/SOURCES.txt'
[7.878s] writing manifest file 'my_package.egg-info/SOURCES.txt'
[7.907s] running build_ext
[7.918s] Creating /home/pi/ws/src/install/my_package/lib/python3.10/site-packages/my-package.egg-link (link to .)
[7.922s] Installing logging_demo script to /home/pi/ws/src/install/my_package/lib/my_package
[7.924s] Installing simple_publisher script to /home/pi/ws/src/install/my_package/lib/my_package
[7.925s] Installing simple_subscriber script to /home/pi/ws/src/install/my_package/lib/my_package
[7.927s] 
[7.930s] Installed /home/pi/ws/src/build/my_package
[7.931s] running install_data
[8.431s] Invoked command in '/home/pi/ws/src/build/my_package' returned '0': PYTHONPATH=/home/pi/ws/src/build/my_package/prefix_override:/home/pi/ws/src/install/my_package/lib/python3.10/site-packages:${PYTHONPATH} /usr/bin/python3 setup.py develop --editable --build-directory /home/pi/ws/src/build/my_package/build --no-deps install_data
