[6.233s] Invoking command in '/home/pi/ws/src/build/my_package': PYTHONPATH=/home/pi/ws/src/build/my_package/prefix_override:/home/pi/ws/src/install/my_package/lib/python3.10/site-packages:${PYTHONPATH} /usr/bin/python3 setup.py develop --editable --build-directory /home/pi/ws/src/build/my_package/build --no-deps install_data
[7.721s] running develop
[7.722s] /usr/lib/python3/dist-packages/setuptools/command/easy_install.py:158: EasyInstallDeprecationWarning: easy_install command is deprecated. Use build and pip and other standards-based tools.
[7.723s]   warnings.warn(
[7.733s] /usr/lib/python3/dist-packages/setuptools/command/install.py:34: SetuptoolsDeprecationWarning: setup.py install is deprecated. Use build and pip and other standards-based tools.
[7.733s]   warnings.warn(
[8.618s] running egg_info
[8.618s] writing my_package.egg-info/PKG-INFO
[8.620s] writing dependency_links to my_package.egg-info/dependency_links.txt
[8.621s] writing entry points to my_package.egg-info/entry_points.txt
[8.624s] writing requirements to my_package.egg-info/requires.txt
[8.625s] writing top-level names to my_package.egg-info/top_level.txt
[8.637s] reading manifest file 'my_package.egg-info/SOURCES.txt'
[8.645s] writing manifest file 'my_package.egg-info/SOURCES.txt'
[8.654s] running build_ext
[8.655s] Creating /home/pi/ws/src/install/my_package/lib/python3.10/site-packages/my-package.egg-link (link to .)
[8.664s] Installing logging_demo script to /home/pi/ws/src/install/my_package/lib/my_package
[8.666s] Installing simple_publisher script to /home/pi/ws/src/install/my_package/lib/my_package
[8.668s] Installing simple_subscriber script to /home/pi/ws/src/install/my_package/lib/my_package
[8.677s] 
[8.681s] Installed /home/pi/ws/src/build/my_package
[8.684s] running install_data
[9.169s] Invoked command in '/home/pi/ws/src/build/my_package' returned '0': PYTHONPATH=/home/pi/ws/src/build/my_package/prefix_override:/home/pi/ws/src/install/my_package/lib/python3.10/site-packages:${PYTHONPATH} /usr/bin/python3 setup.py develop --editable --build-directory /home/pi/ws/src/build/my_package/build --no-deps install_data
