[6.654s] Invoking command in '/home/pi/ws/src/build/amr': PYTHONPATH=/home/pi/ws/src/build/amr/prefix_override:/home/pi/ws/src/install/amr/lib/python3.10/site-packages:${PYTHONPATH} /usr/bin/python3 setup.py develop --editable --build-directory /home/pi/ws/src/build/amr/build --no-deps install_data
[8.123s] running develop
[8.125s] /usr/lib/python3/dist-packages/setuptools/command/easy_install.py:158: EasyInstallDeprecationWarning: easy_install command is deprecated. Use build and pip and other standards-based tools.
[8.130s]   warnings.warn(
[8.133s] /usr/lib/python3/dist-packages/setuptools/command/install.py:34: SetuptoolsDeprecationWarning: setup.py install is deprecated. Use build and pip and other standards-based tools.
[8.133s]   warnings.warn(
[9.106s] running egg_info
[9.108s] writing amr.egg-info/PKG-INFO
[9.109s] writing dependency_links to amr.egg-info/dependency_links.txt
[9.113s] writing entry points to amr.egg-info/entry_points.txt
[9.114s] writing requirements to amr.egg-info/requires.txt
[9.115s] writing top-level names to amr.egg-info/top_level.txt
[9.117s] reading manifest file 'amr.egg-info/SOURCES.txt'
[9.119s] writing manifest file 'amr.egg-info/SOURCES.txt'
[9.122s] running build_ext
[9.125s] Creating /home/pi/ws/src/install/amr/lib/python3.10/site-packages/amr.egg-link (link to .)
[9.133s] Installing UI_plotting script to /home/pi/ws/src/install/amr/lib/amr
[9.136s] Installing UI_plotting_2 script to /home/pi/ws/src/install/amr/lib/amr
[9.138s] Installing hardware_interface script to /home/pi/ws/src/install/amr/lib/amr
[9.140s] Installing simple_publisher script to /home/pi/ws/src/install/amr/lib/amr
[9.148s] Installing simple_publisher_step script to /home/pi/ws/src/install/amr/lib/amr
[9.151s] Installing simple_subscriber script to /home/pi/ws/src/install/amr/lib/amr
[9.153s] 
[9.156s] Installed /home/pi/ws/src/build/amr
[9.158s] running install_data
[9.720s] Invoked command in '/home/pi/ws/src/build/amr' returned '0': PYTHONPATH=/home/pi/ws/src/build/amr/prefix_override:/home/pi/ws/src/install/amr/lib/python3.10/site-packages:${PYTHONPATH} /usr/bin/python3 setup.py develop --editable --build-directory /home/pi/ws/src/build/amr/build --no-deps install_data
