[5.470s] Invoking command in '/home/pi/ws/src/build/my_package': PYTHONPATH=/home/pi/ws/src/build/my_package/prefix_override:/home/pi/ws/src/install/my_package/lib/python3.10/site-packages:${PYTHONPATH} /usr/bin/python3 setup.py develop --editable --build-directory /home/pi/ws/src/build/my_package/build --no-deps install_data
[6.878s] running develop
[6.879s] /usr/lib/python3/dist-packages/setuptools/command/easy_install.py:158: EasyInstallDeprecationWarning: easy_install command is deprecated. Use build and pip and other standards-based tools.
[6.880s]   warnings.warn(
[6.885s] /usr/lib/python3/dist-packages/setuptools/command/install.py:34: SetuptoolsDeprecationWarning: setup.py install is deprecated. Use build and pip and other standards-based tools.
[6.886s]   warnings.warn(
[7.788s] running egg_info
[7.790s] writing my_package.egg-info/PKG-INFO
[7.792s] writing dependency_links to my_package.egg-info/dependency_links.txt
[7.799s] writing entry points to my_package.egg-info/entry_points.txt
[7.800s] writing requirements to my_package.egg-info/requires.txt
[7.802s] writing top-level names to my_package.egg-info/top_level.txt
[7.812s] reading manifest file 'my_package.egg-info/SOURCES.txt'
[7.820s] writing manifest file 'my_package.egg-info/SOURCES.txt'
[7.830s] running build_ext
[7.832s] Creating /home/pi/ws/src/install/my_package/lib/python3.10/site-packages/my-package.egg-link (link to .)
[7.842s] Installing logging_demo script to /home/pi/ws/src/install/my_package/lib/my_package
[7.844s] Installing simple_publisher script to /home/pi/ws/src/install/my_package/lib/my_package
[7.845s] Installing simple_subscriber script to /home/pi/ws/src/install/my_package/lib/my_package
[7.848s] 
[7.850s] Installed /home/pi/ws/src/build/my_package
[7.853s] running install_data
[8.344s] Invoked command in '/home/pi/ws/src/build/my_package' returned '0': PYTHONPATH=/home/pi/ws/src/build/my_package/prefix_override:/home/pi/ws/src/install/my_package/lib/python3.10/site-packages:${PYTHONPATH} /usr/bin/python3 setup.py develop --editable --build-directory /home/pi/ws/src/build/my_package/build --no-deps install_data
