[5.590s] Invoking command in '/home/pi/ws/src/build/my_package': PYTHONPATH=/home/pi/ws/src/build/my_package/prefix_override:/home/pi/ws/src/install/my_package/lib/python3.10/site-packages:${PYTHONPATH} /usr/bin/python3 setup.py develop --editable --build-directory /home/pi/ws/src/build/my_package/build --no-deps install_data
[7.039s] running develop
[7.040s] /usr/lib/python3/dist-packages/setuptools/command/easy_install.py:158: EasyInstallDeprecationWarning: easy_install command is deprecated. Use build and pip and other standards-based tools.
[7.041s]   warnings.warn(
[7.044s] /usr/lib/python3/dist-packages/setuptools/command/install.py:34: SetuptoolsDeprecationWarning: setup.py install is deprecated. Use build and pip and other standards-based tools.
[7.045s]   warnings.warn(
[7.930s] running egg_info
[7.931s] writing my_package.egg-info/PKG-INFO
[7.932s] writing dependency_links to my_package.egg-info/dependency_links.txt
[7.934s] writing entry points to my_package.egg-info/entry_points.txt
[7.936s] writing requirements to my_package.egg-info/requires.txt
[7.937s] writing top-level names to my_package.egg-info/top_level.txt
[7.945s] reading manifest file 'my_package.egg-info/SOURCES.txt'
[7.953s] writing manifest file 'my_package.egg-info/SOURCES.txt'
[7.962s] running build_ext
[7.969s] Creating /home/pi/ws/src/install/my_package/lib/python3.10/site-packages/my-package.egg-link (link to .)
[7.971s] Installing logging_demo script to /home/pi/ws/src/install/my_package/lib/my_package
[7.973s] Installing simple_publisher script to /home/pi/ws/src/install/my_package/lib/my_package
[7.977s] Installing simple_subscriber script to /home/pi/ws/src/install/my_package/lib/my_package
[7.979s] 
[7.982s] Installed /home/pi/ws/src/build/my_package
[7.986s] running install_data
[8.500s] Invoked command in '/home/pi/ws/src/build/my_package' returned '0': PYTHONPATH=/home/pi/ws/src/build/my_package/prefix_override:/home/pi/ws/src/install/my_package/lib/python3.10/site-packages:${PYTHONPATH} /usr/bin/python3 setup.py develop --editable --build-directory /home/pi/ws/src/build/my_package/build --no-deps install_data
