[5.562s] Invoking command in '/home/pi/ws/src/build/my_package': PYTHONPATH=/home/pi/ws/src/build/my_package/prefix_override:/home/pi/ws/src/install/my_package/lib/python3.10/site-packages:${PYTHONPATH} /usr/bin/python3 setup.py develop --editable --build-directory /home/pi/ws/src/build/my_package/build --no-deps install_data
[7.046s] running develop
[7.049s] /usr/lib/python3/dist-packages/setuptools/command/easy_install.py:158: EasyInstallDeprecationWarning: easy_install command is deprecated. Use build and pip and other standards-based tools.
[7.053s]   warnings.warn(
[7.063s] /usr/lib/python3/dist-packages/setuptools/command/install.py:34: SetuptoolsDeprecationWarning: setup.py install is deprecated. Use build and pip and other standards-based tools.
[7.066s]   warnings.warn(
[8.170s] running egg_info
[8.172s] writing my_package.egg-info/PKG-INFO
[8.174s] writing dependency_links to my_package.egg-info/dependency_links.txt
[8.178s] writing entry points to my_package.egg-info/entry_points.txt
[8.178s] writing requirements to my_package.egg-info/requires.txt
[8.179s] writing top-level names to my_package.egg-info/top_level.txt
[8.186s] reading manifest file 'my_package.egg-info/SOURCES.txt'
[8.190s] writing manifest file 'my_package.egg-info/SOURCES.txt'
[8.198s] running build_ext
[8.199s] Creating /home/pi/ws/src/install/my_package/lib/python3.10/site-packages/my-package.egg-link (link to .)
[8.204s] Installing logging_demo script to /home/pi/ws/src/install/my_package/lib/my_package
[8.205s] Installing simple_publisher script to /home/pi/ws/src/install/my_package/lib/my_package
[8.206s] Installing simple_subscriber script to /home/pi/ws/src/install/my_package/lib/my_package
[8.208s] 
[8.209s] Installed /home/pi/ws/src/build/my_package
[8.210s] running install_data
[8.445s] Invoked command in '/home/pi/ws/src/build/my_package' returned '0': PYTHONPATH=/home/pi/ws/src/build/my_package/prefix_override:/home/pi/ws/src/install/my_package/lib/python3.10/site-packages:${PYTHONPATH} /usr/bin/python3 setup.py develop --editable --build-directory /home/pi/ws/src/build/my_package/build --no-deps install_data
