[5.511s] Invoking command in '/home/pi/ws/src/build/my_package': PYTHONPATH=/home/pi/ws/src/build/my_package/prefix_override:/home/pi/ws/src/install/my_package/lib/python3.10/site-packages:${PYTHONPATH} /usr/bin/python3 setup.py develop --editable --build-directory /home/pi/ws/src/build/my_package/build --no-deps install_data
[6.979s] running develop
[6.980s] /usr/lib/python3/dist-packages/setuptools/command/easy_install.py:158: EasyInstallDeprecationWarning: easy_install command is deprecated. Use build and pip and other standards-based tools.
[6.981s]   warnings.warn(
[6.988s] /usr/lib/python3/dist-packages/setuptools/command/install.py:34: SetuptoolsDeprecationWarning: setup.py install is deprecated. Use build and pip and other standards-based tools.
[6.989s]   warnings.warn(
[7.905s] running egg_info
[7.909s] writing my_package.egg-info/PKG-INFO
[7.910s] writing dependency_links to my_package.egg-info/dependency_links.txt
[7.911s] writing entry points to my_package.egg-info/entry_points.txt
[7.914s] writing requirements to my_package.egg-info/requires.txt
[7.915s] writing top-level names to my_package.egg-info/top_level.txt
[7.920s] reading manifest file 'my_package.egg-info/SOURCES.txt'
[7.927s] writing manifest file 'my_package.egg-info/SOURCES.txt'
[7.935s] running build_ext
[7.936s] Creating /home/pi/ws/src/install/my_package/lib/python3.10/site-packages/my-package.egg-link (link to .)
[7.938s] Installing logging_demo script to /home/pi/ws/src/install/my_package/lib/my_package
[7.940s] Installing simple_publisher script to /home/pi/ws/src/install/my_package/lib/my_package
[7.956s] Installing simple_subscriber script to /home/pi/ws/src/install/my_package/lib/my_package
[7.963s] 
[7.965s] Installed /home/pi/ws/src/build/my_package
[7.968s] running install_data
[8.473s] Invoked command in '/home/pi/ws/src/build/my_package' returned '0': PYTHONPATH=/home/pi/ws/src/build/my_package/prefix_override:/home/pi/ws/src/install/my_package/lib/python3.10/site-packages:${PYTHONPATH} /usr/bin/python3 setup.py develop --editable --build-directory /home/pi/ws/src/build/my_package/build --no-deps install_data
