[5.877s] Invoking command in '/home/pi/ws/src/build/amr': PYTHONPATH=/home/pi/ws/src/build/amr/prefix_override:/home/pi/ws/src/install/amr/lib/python3.10/site-packages:${PYTHONPATH} /usr/bin/python3 setup.py develop --editable --build-directory /home/pi/ws/src/build/amr/build --no-deps install_data
[7.337s] running develop
[7.339s] /usr/lib/python3/dist-packages/setuptools/command/easy_install.py:158: EasyInstallDeprecationWarning: easy_install command is deprecated. Use build and pip and other standards-based tools.
[7.340s]   warnings.warn(
[7.345s] /usr/lib/python3/dist-packages/setuptools/command/install.py:34: SetuptoolsDeprecationWarning: setup.py install is deprecated. Use build and pip and other standards-based tools.
[7.346s]   warnings.warn(
[8.224s] running egg_info
[8.225s] writing amr.egg-info/PKG-INFO
[8.227s] writing dependency_links to amr.egg-info/dependency_links.txt
[8.229s] writing entry points to amr.egg-info/entry_points.txt
[8.230s] writing requirements to amr.egg-info/requires.txt
[8.231s] writing top-level names to amr.egg-info/top_level.txt
[8.239s] reading manifest file 'amr.egg-info/SOURCES.txt'
[8.247s] writing manifest file 'amr.egg-info/SOURCES.txt'
[8.252s] running build_ext
[8.253s] Creating /home/pi/ws/src/install/amr/lib/python3.10/site-packages/amr.egg-link (link to .)
[8.259s] Installing UI_plotting script to /home/pi/ws/src/install/amr/lib/amr
[8.264s] Installing UI_plotting_2 script to /home/pi/ws/src/install/amr/lib/amr
[8.266s] Installing control_pathway_generation script to /home/pi/ws/src/install/amr/lib/amr
[8.267s] Installing hardware_interface script to /home/pi/ws/src/install/amr/lib/amr
[8.268s] Installing ik_controller script to /home/pi/ws/src/install/amr/lib/amr
[8.275s] Installing ik_controller_null_space script to /home/pi/ws/src/install/amr/lib/amr
[8.281s] Installing simple_publisher script to /home/pi/ws/src/install/amr/lib/amr
[8.296s] 
[8.299s] Installed /home/pi/ws/src/build/amr
[8.304s] running install_data
[8.471s] Invoked command in '/home/pi/ws/src/build/amr' returned '0': PYTHONPATH=/home/pi/ws/src/build/amr/prefix_override:/home/pi/ws/src/install/amr/lib/python3.10/site-packages:${PYTHONPATH} /usr/bin/python3 setup.py develop --editable --build-directory /home/pi/ws/src/build/amr/build --no-deps install_data
