[6.220s] Invoking command in '/home/pi/ws/src/build/amr': PYTHONPATH=/home/pi/ws/src/build/amr/prefix_override:/home/pi/ws/src/install/amr/lib/python3.10/site-packages:${PYTHONPATH} /usr/bin/python3 setup.py develop --editable --build-directory /home/pi/ws/src/build/amr/build --no-deps install_data
[7.680s] running develop
[7.682s] /usr/lib/python3/dist-packages/setuptools/command/easy_install.py:158: EasyInstallDeprecationWarning: easy_install command is deprecated. Use build and pip and other standards-based tools.
[7.683s]   warnings.warn(
[7.688s] /usr/lib/python3/dist-packages/setuptools/command/install.py:34: SetuptoolsDeprecationWarning: setup.py install is deprecated. Use build and pip and other standards-based tools.
[7.689s]   warnings.warn(
[8.582s] running egg_info
[8.585s] writing amr.egg-info/PKG-INFO
[8.590s] writing dependency_links to amr.egg-info/dependency_links.txt
[8.590s] writing entry points to amr.egg-info/entry_points.txt
[8.591s] writing requirements to amr.egg-info/requires.txt
[8.592s] writing top-level names to amr.egg-info/top_level.txt
[8.597s] reading manifest file 'amr.egg-info/SOURCES.txt'
[8.602s] writing manifest file 'amr.egg-info/SOURCES.txt'
[8.610s] running build_ext
[8.611s] Creating /home/pi/ws/src/install/amr/lib/python3.10/site-packages/amr.egg-link (link to .)
[8.616s] Installing UI_plotting script to /home/pi/ws/src/install/amr/lib/amr
[8.620s] Installing UI_plotting_2 script to /home/pi/ws/src/install/amr/lib/amr
[8.623s] Installing control_pathway_generation script to /home/pi/ws/src/install/amr/lib/amr
[8.624s] Installing hardware_interface script to /home/pi/ws/src/install/amr/lib/amr
[8.625s] Installing ik_controller script to /home/pi/ws/src/install/amr/lib/amr
[8.626s] Installing simple_publisher script to /home/pi/ws/src/install/amr/lib/amr
[8.627s] Installing simple_publisher_step script to /home/pi/ws/src/install/amr/lib/amr
[8.629s] 
[8.630s] Installed /home/pi/ws/src/build/amr
[8.632s] running install_data
[8.798s] Invoked command in '/home/pi/ws/src/build/amr' returned '0': PYTHONPATH=/home/pi/ws/src/build/amr/prefix_override:/home/pi/ws/src/install/amr/lib/python3.10/site-packages:${PYTHONPATH} /usr/bin/python3 setup.py develop --editable --build-directory /home/pi/ws/src/build/amr/build --no-deps install_data
