/home/pi/ws/src/install/amr/lib/python3.10/site-packages/amr/module_kinematics.py
/home/pi/ws/src/install/amr/lib/python3.10/site-packages/amr/simple_publisher.py
/home/pi/ws/src/install/amr/lib/python3.10/site-packages/amr/hardware_interface.py
/home/pi/ws/src/install/amr/lib/python3.10/site-packages/amr/ik_controller_null_space.py
/home/pi/ws/src/install/amr/lib/python3.10/site-packages/amr/ik_controller.py
/home/pi/ws/src/install/amr/lib/python3.10/site-packages/amr/UI_plotting_2.py
/home/pi/ws/src/install/amr/lib/python3.10/site-packages/amr/__init__.py
/home/pi/ws/src/install/amr/lib/python3.10/site-packages/amr/UI_plotting.py
/home/pi/ws/src/install/amr/lib/python3.10/site-packages/amr/control_pathway_generation.py
/home/pi/ws/src/install/amr/lib/python3.10/site-packages/amr/__pycache__/module_kinematics.cpython-310.pyc
/home/pi/ws/src/install/amr/lib/python3.10/site-packages/amr/__pycache__/simple_publisher.cpython-310.pyc
/home/pi/ws/src/install/amr/lib/python3.10/site-packages/amr/__pycache__/hardware_interface.cpython-310.pyc
/home/pi/ws/src/install/amr/lib/python3.10/site-packages/amr/__pycache__/ik_controller_null_space.cpython-310.pyc
/home/pi/ws/src/install/amr/lib/python3.10/site-packages/amr/__pycache__/ik_controller.cpython-310.pyc
/home/pi/ws/src/install/amr/lib/python3.10/site-packages/amr/__pycache__/UI_plotting_2.cpython-310.pyc
/home/pi/ws/src/install/amr/lib/python3.10/site-packages/amr/__pycache__/__init__.cpython-310.pyc
/home/pi/ws/src/install/amr/lib/python3.10/site-packages/amr/__pycache__/UI_plotting.cpython-310.pyc
/home/pi/ws/src/install/amr/lib/python3.10/site-packages/amr/__pycache__/control_pathway_generation.cpython-310.pyc
/home/pi/ws/src/install/amr/share/ament_index/resource_index/packages/amr
/home/pi/ws/src/install/amr/share/amr/package.xml
/home/pi/ws/src/install/amr/lib/python3.10/site-packages/amr-0.0.0-py3.10.egg-info/entry_points.txt
/home/pi/ws/src/install/amr/lib/python3.10/site-packages/amr-0.0.0-py3.10.egg-info/SOURCES.txt
/home/pi/ws/src/install/amr/lib/python3.10/site-packages/amr-0.0.0-py3.10.egg-info/dependency_links.txt
/home/pi/ws/src/install/amr/lib/python3.10/site-packages/amr-0.0.0-py3.10.egg-info/PKG-INFO
/home/pi/ws/src/install/amr/lib/python3.10/site-packages/amr-0.0.0-py3.10.egg-info/zip-safe
/home/pi/ws/src/install/amr/lib/python3.10/site-packages/amr-0.0.0-py3.10.egg-info/requires.txt
/home/pi/ws/src/install/amr/lib/python3.10/site-packages/amr-0.0.0-py3.10.egg-info/top_level.txt
/home/pi/ws/src/install/amr/lib/amr/UI_plotting
/home/pi/ws/src/install/amr/lib/amr/UI_plotting_2
/home/pi/ws/src/install/amr/lib/amr/control_pathway_generation
/home/pi/ws/src/install/amr/lib/amr/hardware_interface
/home/pi/ws/src/install/amr/lib/amr/ik_controller
/home/pi/ws/src/install/amr/lib/amr/ik_controller_null_space
/home/pi/ws/src/install/amr/lib/amr/simple_publisher
