[5.866s] Invoking command in '/home/pi/ws/src/build/amr': PYTHONPATH=/home/pi/ws/src/build/amr/prefix_override:/home/pi/ws/src/install/amr/lib/python3.10/site-packages:${PYTHONPATH} /usr/bin/python3 setup.py develop --uninstall --editable --build-directory /home/pi/ws/src/build/amr/build
[7.342s] running develop
[7.344s] /usr/lib/python3/dist-packages/setuptools/command/easy_install.py:158: EasyInstallDeprecationWarning: easy_install command is deprecated. Use build and pip and other standards-based tools.
[7.347s]   warnings.warn(
[7.359s] /usr/lib/python3/dist-packages/setuptools/command/install.py:34: SetuptoolsDeprecationWarning: setup.py install is deprecated. Use build and pip and other standards-based tools.
[7.361s]   warnings.warn(
[8.249s] Removing /home/pi/ws/src/install/amr/lib/python3.10/site-packages/amr.egg-link (link to .)
[8.451s] Invoked command in '/home/pi/ws/src/build/amr' returned '0': PYTHONPATH=/home/pi/ws/src/build/amr/prefix_override:/home/pi/ws/src/install/amr/lib/python3.10/site-packages:${PYTHONPATH} /usr/bin/python3 setup.py develop --uninstall --editable --build-directory /home/pi/ws/src/build/amr/build
[8.460s] Invoking command in '/home/pi/ws/src/amr': PYTHONPATH=/home/pi/ws/src/build/amr/prefix_override:/home/pi/ws/src/install/amr/lib/python3.10/site-packages:${PYTHONPATH} /usr/bin/python3 setup.py egg_info --egg-base ../build/amr build --build-base /home/pi/ws/src/build/amr/build install --record /home/pi/ws/src/build/amr/install.log --single-version-externally-managed
[9.797s] running egg_info
[9.807s] writing ../build/amr/amr.egg-info/PKG-INFO
[9.819s] writing dependency_links to ../build/amr/amr.egg-info/dependency_links.txt
[9.820s] writing entry points to ../build/amr/amr.egg-info/entry_points.txt
[9.821s] writing requirements to ../build/amr/amr.egg-info/requires.txt
[9.823s] writing top-level names to ../build/amr/amr.egg-info/top_level.txt
[9.829s] /usr/lib/python3/dist-packages/setuptools/command/install.py:34: SetuptoolsDeprecationWarning: setup.py install is deprecated. Use build and pip and other standards-based tools.
[9.830s]   warnings.warn(
[9.840s] reading manifest file '../build/amr/amr.egg-info/SOURCES.txt'
[9.840s] writing manifest file '../build/amr/amr.egg-info/SOURCES.txt'
[9.841s] running build
[9.842s] running build_py
[9.843s] running install
[9.843s] running install_lib
[9.845s] creating /home/pi/ws/src/install/amr/lib/python3.10/site-packages/amr
[9.848s] copying /home/pi/ws/src/build/amr/build/lib/amr/module_kinematics.py -> /home/pi/ws/src/install/amr/lib/python3.10/site-packages/amr
[9.849s] copying /home/pi/ws/src/build/amr/build/lib/amr/simple_publisher.py -> /home/pi/ws/src/install/amr/lib/python3.10/site-packages/amr
[9.850s] copying /home/pi/ws/src/build/amr/build/lib/amr/hardware_interface.py -> /home/pi/ws/src/install/amr/lib/python3.10/site-packages/amr
[9.851s] copying /home/pi/ws/src/build/amr/build/lib/amr/ik_controller_null_space.py -> /home/pi/ws/src/install/amr/lib/python3.10/site-packages/amr
[9.852s] copying /home/pi/ws/src/build/amr/build/lib/amr/ik_controller.py -> /home/pi/ws/src/install/amr/lib/python3.10/site-packages/amr
[9.853s] copying /home/pi/ws/src/build/amr/build/lib/amr/UI_plotting_2.py -> /home/pi/ws/src/install/amr/lib/python3.10/site-packages/amr
[9.853s] copying /home/pi/ws/src/build/amr/build/lib/amr/__init__.py -> /home/pi/ws/src/install/amr/lib/python3.10/site-packages/amr
[9.854s] copying /home/pi/ws/src/build/amr/build/lib/amr/UI_plotting.py -> /home/pi/ws/src/install/amr/lib/python3.10/site-packages/amr
[9.855s] copying /home/pi/ws/src/build/amr/build/lib/amr/control_pathway_generation.py -> /home/pi/ws/src/install/amr/lib/python3.10/site-packages/amr
[9.856s] byte-compiling /home/pi/ws/src/install/amr/lib/python3.10/site-packages/amr/module_kinematics.py to module_kinematics.cpython-310.pyc
[9.858s] byte-compiling /home/pi/ws/src/install/amr/lib/python3.10/site-packages/amr/simple_publisher.py to simple_publisher.cpython-310.pyc
[9.860s] byte-compiling /home/pi/ws/src/install/amr/lib/python3.10/site-packages/amr/hardware_interface.py to hardware_interface.cpython-310.pyc
[9.869s] byte-compiling /home/pi/ws/src/install/amr/lib/python3.10/site-packages/amr/ik_controller_null_space.py to ik_controller_null_space.cpython-310.pyc
[9.872s] byte-compiling /home/pi/ws/src/install/amr/lib/python3.10/site-packages/amr/ik_controller.py to ik_controller.cpython-310.pyc
[9.876s] byte-compiling /home/pi/ws/src/install/amr/lib/python3.10/site-packages/amr/UI_plotting_2.py to UI_plotting_2.cpython-310.pyc
[9.879s] byte-compiling /home/pi/ws/src/install/amr/lib/python3.10/site-packages/amr/__init__.py to __init__.cpython-310.pyc
[9.880s] byte-compiling /home/pi/ws/src/install/amr/lib/python3.10/site-packages/amr/UI_plotting.py to UI_plotting.cpython-310.pyc
[9.883s] byte-compiling /home/pi/ws/src/install/amr/lib/python3.10/site-packages/amr/control_pathway_generation.py to control_pathway_generation.cpython-310.pyc
[9.887s] running install_data
[9.890s] running install_egg_info
[9.899s] Copying ../build/amr/amr.egg-info to /home/pi/ws/src/install/amr/lib/python3.10/site-packages/amr-0.0.0-py3.10.egg-info
[9.907s] running install_scripts
[10.043s] Installing UI_plotting script to /home/pi/ws/src/install/amr/lib/amr
[10.049s] Installing UI_plotting_2 script to /home/pi/ws/src/install/amr/lib/amr
[10.056s] Installing control_pathway_generation script to /home/pi/ws/src/install/amr/lib/amr
[10.062s] Installing hardware_interface script to /home/pi/ws/src/install/amr/lib/amr
[10.068s] Installing ik_controller script to /home/pi/ws/src/install/amr/lib/amr
[10.074s] Installing ik_controller_null_space script to /home/pi/ws/src/install/amr/lib/amr
[10.080s] Installing simple_publisher script to /home/pi/ws/src/install/amr/lib/amr
[10.085s] writing list of installed files to '/home/pi/ws/src/build/amr/install.log'
[10.431s] Invoked command in '/home/pi/ws/src/amr' returned '0': PYTHONPATH=/home/pi/ws/src/build/amr/prefix_override:/home/pi/ws/src/install/amr/lib/python3.10/site-packages:${PYTHONPATH} /usr/bin/python3 setup.py egg_info --egg-base ../build/amr build --build-base /home/pi/ws/src/build/amr/build install --record /home/pi/ws/src/build/amr/install.log --single-version-externally-managed
