[6.021s] Invoking command in '/home/pi/ws/src/build/amr': PYTHONPATH=/home/pi/ws/src/build/amr/prefix_override:/home/pi/ws/src/install/amr/lib/python3.10/site-packages:${PYTHONPATH} /usr/bin/python3 setup.py develop --editable --build-directory /home/pi/ws/src/build/amr/build --no-deps install_data
[7.460s] running develop
[7.464s] /usr/lib/python3/dist-packages/setuptools/command/easy_install.py:158: EasyInstallDeprecationWarning: easy_install command is deprecated. Use build and pip and other standards-based tools.
[7.466s]   warnings.warn(
[7.468s] /usr/lib/python3/dist-packages/setuptools/command/install.py:34: SetuptoolsDeprecationWarning: setup.py install is deprecated. Use build and pip and other standards-based tools.
[7.469s]   warnings.warn(
[8.430s] running egg_info
[8.434s] writing amr.egg-info/PKG-INFO
[8.441s] writing dependency_links to amr.egg-info/dependency_links.txt
[8.441s] writing entry points to amr.egg-info/entry_points.txt
[8.442s] writing requirements to amr.egg-info/requires.txt
[8.443s] writing top-level names to amr.egg-info/top_level.txt
[8.449s] reading manifest file 'amr.egg-info/SOURCES.txt'
[8.456s] writing manifest file 'amr.egg-info/SOURCES.txt'
[8.463s] running build_ext
[8.465s] Creating /home/pi/ws/src/install/amr/lib/python3.10/site-packages/amr.egg-link (link to .)
[8.469s] Installing hardware_interface script to /home/pi/ws/src/install/amr/lib/amr
[8.471s] Installing simple_publisher script to /home/pi/ws/src/install/amr/lib/amr
[8.472s] Installing simple_publisher_step script to /home/pi/ws/src/install/amr/lib/amr
[8.473s] Installing simple_subscriber script to /home/pi/ws/src/install/amr/lib/amr
[8.481s] 
[8.484s] Installed /home/pi/ws/src/build/amr
[8.487s] running install_data
[8.667s] Invoked command in '/home/pi/ws/src/build/amr' returned '0': PYTHONPATH=/home/pi/ws/src/build/amr/prefix_override:/home/pi/ws/src/install/amr/lib/python3.10/site-packages:${PYTHONPATH} /usr/bin/python3 setup.py develop --editable --build-directory /home/pi/ws/src/build/amr/build --no-deps install_data
