[5.965s] Invoking command in '/home/pi/ws/src/build/my_package': PYTHONPATH=/home/pi/ws/src/build/my_package/prefix_override:/home/pi/ws/src/install/my_package/lib/python3.10/site-packages:${PYTHONPATH} /usr/bin/python3 setup.py develop --editable --build-directory /home/pi/ws/src/build/my_package/build --no-deps install_data
[7.406s] running develop
[7.408s] /usr/lib/python3/dist-packages/setuptools/command/easy_install.py:158: EasyInstallDeprecationWarning: easy_install command is deprecated. Use build and pip and other standards-based tools.
[7.409s]   warnings.warn(
[7.414s] /usr/lib/python3/dist-packages/setuptools/command/install.py:34: SetuptoolsDeprecationWarning: setup.py install is deprecated. Use build and pip and other standards-based tools.
[7.415s]   warnings.warn(
[8.333s] running egg_info
[8.334s] writing my_package.egg-info/PKG-INFO
[8.336s] writing dependency_links to my_package.egg-info/dependency_links.txt
[8.339s] writing entry points to my_package.egg-info/entry_points.txt
[8.340s] writing requirements to my_package.egg-info/requires.txt
[8.341s] writing top-level names to my_package.egg-info/top_level.txt
[8.351s] reading manifest file 'my_package.egg-info/SOURCES.txt'
[8.363s] writing manifest file 'my_package.egg-info/SOURCES.txt'
[8.377s] running build_ext
[8.381s] Creating /home/pi/ws/src/install/my_package/lib/python3.10/site-packages/my-package.egg-link (link to .)
[8.398s] Installing logging_demo script to /home/pi/ws/src/install/my_package/lib/my_package
[8.402s] Installing simple_publisher script to /home/pi/ws/src/install/my_package/lib/my_package
[8.404s] Installing simple_subscriber script to /home/pi/ws/src/install/my_package/lib/my_package
[8.407s] 
[8.409s] Installed /home/pi/ws/src/build/my_package
[8.411s] running install_data
[8.866s] Invoked command in '/home/pi/ws/src/build/my_package' returned '0': PYTHONPATH=/home/pi/ws/src/build/my_package/prefix_override:/home/pi/ws/src/install/my_package/lib/python3.10/site-packages:${PYTHONPATH} /usr/bin/python3 setup.py develop --editable --build-directory /home/pi/ws/src/build/my_package/build --no-deps install_data
