running develop
running egg_info
writing amr.egg-info/PKG-INFO
writing dependency_links to amr.egg-info/dependency_links.txt
writing entry points to amr.egg-info/entry_points.txt
writing requirements to amr.egg-info/requires.txt
writing top-level names to amr.egg-info/top_level.txt
reading manifest file 'amr.egg-info/SOURCES.txt'
writing manifest file 'amr.egg-info/SOURCES.txt'
running build_ext
Creating /home/pi/ws/src/install/amr/lib/python3.10/site-packages/amr.egg-link (link to .)
Installing UI_plotting script to /home/pi/ws/src/install/amr/lib/amr
Installing UI_plotting_2 script to /home/pi/ws/src/install/amr/lib/amr
Installing control_pathway_generation script to /home/pi/ws/src/install/amr/lib/amr
Installing hardware_interface script to /home/pi/ws/src/install/amr/lib/amr
Installing ik_controller script to /home/pi/ws/src/install/amr/lib/amr
Installing ik_controller_null_space script to /home/pi/ws/src/install/amr/lib/amr
Installing simple_publisher script to /home/pi/ws/src/install/amr/lib/amr
Installing simple_publisher_step script to /home/pi/ws/src/install/amr/lib/amr

Installed /home/pi/ws/src/build/amr
running install_data
